MBMA1_SX324 /home/gaochuanp/kaldi/egs/timit/s5/mfcc/raw_mfcc_train.4.ark:525787
MDPS0_SX449 /home/gaochuanp/kaldi/egs/timit/s5/mfcc/raw_mfcc_train.5.ark:644940
FSBK0_SI2329 /home/gaochuanp/kaldi/egs/timit/s5/mfcc/raw_mfcc_train.3.ark:558926
FJLR0_SI1231 /home/gaochuanp/kaldi/egs/timit/s5/mfcc/raw_mfcc_train.2.ark:191847
MMEB0_SX7 /home/gaochuanp/kaldi/egs/timit/s5/mfcc/raw_mfcc_train.8.ark:3514
FPAC0_SI2011 /home/gaochuanp/kaldi/egs/timit/s5/mfcc/raw_mfcc_train.3.ark:126149
MDPK0_SI552 /home/gaochuanp/kaldi/egs/timit/s5/mfcc/raw_mfcc_train.5.ark:601175
MFRM0_SI1717 /home/gaochuanp/kaldi/egs/timit/s5/mfcc/raw_mfcc_train.5.ark:1246212
MFWK0_SI1249 /home/gaochuanp/kaldi/egs/timit/s5/mfcc/raw_mfcc_train.5.ark:1272041
MSAH1_SX239 /home/gaochuanp/kaldi/egs/timit/s5/mfcc/raw_mfcc_train.9.ark:955815
MPPC0_SI2042 /home/gaochuanp/kaldi/egs/timit/s5/mfcc/raw_mfcc_train.8.ark:734740
FAEM0_SI2022 /home/gaochuanp/kaldi/egs/timit/s5/mfcc/raw_mfcc_train.1.ark:6313
MSJK0_SX66 /home/gaochuanp/kaldi/egs/timit/s5/mfcc/raw_mfcc_train.9.ark:1336547
MMBS0_SX71 /home/gaochuanp/kaldi/egs/timit/s5/mfcc/raw_mfcc_train.7.ark:1281049
MTLB0_SX324 /home/gaochuanp/kaldi/egs/timit/s5/mfcc/raw_mfcc_train.10.ark:567715
FMKF0_SX276 /home/gaochuanp/kaldi/egs/timit/s5/mfcc/raw_mfcc_train.2.ark:1480567
MDWH0_SI1925 /home/gaochuanp/kaldi/egs/timit/s5/mfcc/raw_mfcc_train.5.ark:841787
MCTM0_SX90 /home/gaochuanp/kaldi/egs/timit/s5/mfcc/raw_mfcc_train.4.ark:1181656
MRMG0_SX180 /home/gaochuanp/kaldi/egs/timit/s5/mfcc/raw_mfcc_train.9.ark:486109
MJPG0_SX21 /home/gaochuanp/kaldi/egs/timit/s5/mfcc/raw_mfcc_train.6.ark:1365759
MRLD0_SX334 /home/gaochuanp/kaldi/egs/timit/s5/mfcc/raw_mfcc_train.9.ark:312996
MWGR0_SI1606 /home/gaochuanp/kaldi/egs/timit/s5/mfcc/raw_mfcc_train.10.ark:1318723
MDLH0_SX430 /home/gaochuanp/kaldi/egs/timit/s5/mfcc/raw_mfcc_train.5.ark:355189
MAEB0_SI2250 /home/gaochuanp/kaldi/egs/timit/s5/mfcc/raw_mfcc_train.4.ark:13333
MGAR0_SX312 /home/gaochuanp/kaldi/egs/timit/s5/mfcc/raw_mfcc_train.6.ark:11877
MWCH0_SI1622 /home/gaochuanp/kaldi/egs/timit/s5/mfcc/raw_mfcc_train.10.ark:1224911
MRJT0_SX148 /home/gaochuanp/kaldi/egs/timit/s5/mfcc/raw_mfcc_train.9.ark:231815
MJRG0_SX376 /home/gaochuanp/kaldi/egs/timit/s5/mfcc/raw_mfcc_train.7.ark:13409
FETB0_SX158 /home/gaochuanp/kaldi/egs/timit/s5/mfcc/raw_mfcc_train.1.ark:1307526
MMWB0_SI1619 /home/gaochuanp/kaldi/egs/timit/s5/mfcc/raw_mfcc_train.8.ark:299118
FSMM0_SI684 /home/gaochuanp/kaldi/egs/timit/s5/mfcc/raw_mfcc_train.3.ark:1025788
MMEB0_SX97 /home/gaochuanp/kaldi/egs/timit/s5/mfcc/raw_mfcc_train.8.ark:6640
MSFV0_SX92 /home/gaochuanp/kaldi/egs/timit/s5/mfcc/raw_mfcc_train.9.ark:1300831
MDMA0_SI1238 /home/gaochuanp/kaldi/egs/timit/s5/mfcc/raw_mfcc_train.5.ark:459543
MRMH0_SX121 /home/gaochuanp/kaldi/egs/timit/s5/mfcc/raw_mfcc_train.9.ark:519889
MEGJ0_SX3 /home/gaochuanp/kaldi/egs/timit/s5/mfcc/raw_mfcc_train.5.ark:1018741
MTDB0_SI2031 /home/gaochuanp/kaldi/egs/timit/s5/mfcc/raw_mfcc_train.10.ark:246672
MSAS0_SI746 /home/gaochuanp/kaldi/egs/timit/s5/mfcc/raw_mfcc_train.9.ark:981390
MPRT0_SX40 /home/gaochuanp/kaldi/egs/timit/s5/mfcc/raw_mfcc_train.8.ark:895954
MAPV0_SI1293 /home/gaochuanp/kaldi/egs/timit/s5/mfcc/raw_mfcc_train.4.ark:196658
FSRH0_SX131 /home/gaochuanp/kaldi/egs/timit/s5/mfcc/raw_mfcc_train.3.ark:1130213
FBMH0_SX416 /home/gaochuanp/kaldi/egs/timit/s5/mfcc/raw_mfcc_train.1.ark:367197
MCEW0_SX182 /home/gaochuanp/kaldi/egs/timit/s5/mfcc/raw_mfcc_train.4.ark:906977
FGDP0_SI1618 /home/gaochuanp/kaldi/egs/timit/s5/mfcc/raw_mfcc_train.1.ark:1394464
FKSR0_SX397 /home/gaochuanp/kaldi/egs/timit/s5/mfcc/raw_mfcc_train.2.ark:764485
MMDB0_SX177 /home/gaochuanp/kaldi/egs/timit/s5/mfcc/raw_mfcc_train.7.ark:1329730
MTAT1_SX329 /home/gaochuanp/kaldi/egs/timit/s5/mfcc/raw_mfcc_train.10.ark:162900
MHMR0_SX219 /home/gaochuanp/kaldi/egs/timit/s5/mfcc/raw_mfcc_train.6.ark:426774
FSJK1_SX305 /home/gaochuanp/kaldi/egs/timit/s5/mfcc/raw_mfcc_train.3.ark:779184
FAEM0_SX402 /home/gaochuanp/kaldi/egs/timit/s5/mfcc/raw_mfcc_train.1.ark:25549
FJLG0_SI2306 /home/gaochuanp/kaldi/egs/timit/s5/mfcc/raw_mfcc_train.2.ark:168223
MDLC2_SX354 /home/gaochuanp/kaldi/egs/timit/s5/mfcc/raw_mfcc_train.5.ark:317686
MCLK0_SX400 /home/gaochuanp/kaldi/egs/timit/s5/mfcc/raw_mfcc_train.4.ark:993907
MFRM0_SI1785 /home/gaochuanp/kaldi/egs/timit/s5/mfcc/raw_mfcc_train.5.ark:1249665
MTER0_SI1787 /home/gaochuanp/kaldi/egs/timit/s5/mfcc/raw_mfcc_train.10.ark:318560
MWDK0_SX356 /home/gaochuanp/kaldi/egs/timit/s5/mfcc/raw_mfcc_train.10.ark:1273495
FAPB0_SX163 /home/gaochuanp/kaldi/egs/timit/s5/mfcc/raw_mfcc_train.1.ark:148368
MNET0_SI1446 /home/gaochuanp/kaldi/egs/timit/s5/mfcc/raw_mfcc_train.8.ark:429474
FDJH0_SX125 /home/gaochuanp/kaldi/egs/timit/s5/mfcc/raw_mfcc_train.1.ark:892997
FJEN0_SI2307 /home/gaochuanp/kaldi/egs/timit/s5/mfcc/raw_mfcc_train.2.ark:67560
MBAR0_SX419 /home/gaochuanp/kaldi/egs/timit/s5/mfcc/raw_mfcc_train.4.ark:317057
FTMG0_SI1532 /home/gaochuanp/kaldi/egs/timit/s5/mfcc/raw_mfcc_train.3.ark:1311596
MPSW0_SI2327 /home/gaochuanp/kaldi/egs/timit/s5/mfcc/raw_mfcc_train.8.ark:909518
MRBC0_SI1859 /home/gaochuanp/kaldi/egs/timit/s5/mfcc/raw_mfcc_train.8.ark:1093739
MLBC0_SX429 /home/gaochuanp/kaldi/egs/timit/s5/mfcc/raw_mfcc_train.7.ark:891715
MPRD0_SI2061 /home/gaochuanp/kaldi/egs/timit/s5/mfcc/raw_mfcc_train.8.ark:803637
MBSB0_SI1353 /home/gaochuanp/kaldi/egs/timit/s5/mfcc/raw_mfcc_train.4.ark:597957
FGMB0_SI1775 /home/gaochuanp/kaldi/egs/timit/s5/mfcc/raw_mfcc_train.1.ark:1438963
MPSW0_SI1697 /home/gaochuanp/kaldi/egs/timit/s5/mfcc/raw_mfcc_train.8.ark:906234
MDSS1_SX247 /home/gaochuanp/kaldi/egs/timit/s5/mfcc/raw_mfcc_train.5.ark:762661
MBGT0_SI1841 /home/gaochuanp/kaldi/egs/timit/s5/mfcc/raw_mfcc_train.4.ark:412982
MJAE0_SI2154 /home/gaochuanp/kaldi/egs/timit/s5/mfcc/raw_mfcc_train.6.ark:576321
FCDR1_SX106 /home/gaochuanp/kaldi/egs/timit/s5/mfcc/raw_mfcc_train.1.ark:488850
MJMM0_SI1885 /home/gaochuanp/kaldi/egs/timit/s5/mfcc/raw_mfcc_train.6.ark:1321904
FBAS0_SX397 /home/gaochuanp/kaldi/egs/timit/s5/mfcc/raw_mfcc_train.1.ark:202676
FJLG0_SX89 /home/gaochuanp/kaldi/egs/timit/s5/mfcc/raw_mfcc_train.2.ark:188082
FDTD0_SX391 /home/gaochuanp/kaldi/egs/timit/s5/mfcc/raw_mfcc_train.1.ark:1089170
MKDD0_SI937 /home/gaochuanp/kaldi/egs/timit/s5/mfcc/raw_mfcc_train.7.ark:527474
MMXS0_SX156 /home/gaochuanp/kaldi/egs/timit/s5/mfcc/raw_mfcc_train.8.ark:409510
MKDB0_SX62 /home/gaochuanp/kaldi/egs/timit/s5/mfcc/raw_mfcc_train.7.ark:512306
MSDB0_SX17 /home/gaochuanp/kaldi/egs/timit/s5/mfcc/raw_mfcc_train.9.ark:1076268
MRLR0_SX386 /home/gaochuanp/kaldi/egs/timit/s5/mfcc/raw_mfcc_train.9.ark:440092
MHIT0_SI983 /home/gaochuanp/kaldi/egs/timit/s5/mfcc/raw_mfcc_train.6.ark:327684
MBEF0_SX111 /home/gaochuanp/kaldi/egs/timit/s5/mfcc/raw_mfcc_train.4.ark:396923
MDCD0_SI2045 /home/gaochuanp/kaldi/egs/timit/s5/mfcc/raw_mfcc_train.4.ark:1347887
FKSR0_SI1117 /home/gaochuanp/kaldi/egs/timit/s5/mfcc/raw_mfcc_train.2.ark:735992
FAJW0_SX363 /home/gaochuanp/kaldi/egs/timit/s5/mfcc/raw_mfcc_train.1.ark:59625
MRDD0_SI1050 /home/gaochuanp/kaldi/egs/timit/s5/mfcc/raw_mfcc_train.8.ark:1190401
MJWT0_SI1291 /home/gaochuanp/kaldi/egs/timit/s5/mfcc/raw_mfcc_train.7.ark:253653
MRJM0_SX328 /home/gaochuanp/kaldi/egs/timit/s5/mfcc/raw_mfcc_train.9.ark:172617
MTJU0_SI2269 /home/gaochuanp/kaldi/egs/timit/s5/mfcc/raw_mfcc_train.10.ark:454052
FLJG0_SX261 /home/gaochuanp/kaldi/egs/timit/s5/mfcc/raw_mfcc_train.2.ark:1017449
MJRK0_SX340 /home/gaochuanp/kaldi/egs/timit/s5/mfcc/raw_mfcc_train.7.ark:100967
FKDW0_SI577 /home/gaochuanp/kaldi/egs/timit/s5/mfcc/raw_mfcc_train.2.ark:545357
FDFB0_SX238 /home/gaochuanp/kaldi/egs/timit/s5/mfcc/raw_mfcc_train.1.ark:865387
FCLT0_SI808 /home/gaochuanp/kaldi/egs/timit/s5/mfcc/raw_mfcc_train.1.ark:627747
MDED0_SX270 /home/gaochuanp/kaldi/egs/timit/s5/mfcc/raw_mfcc_train.4.ark:1456317
MSJK0_SX426 /home/gaochuanp/kaldi/egs/timit/s5/mfcc/raw_mfcc_train.9.ark:1332004
FDMY0_SI1197 /home/gaochuanp/kaldi/egs/timit/s5/mfcc/raw_mfcc_train.1.ark:975503
MRMB0_SI2211 /home/gaochuanp/kaldi/egs/timit/s5/mfcc/raw_mfcc_train.9.ark:446556
MBGT0_SX261 /home/gaochuanp/kaldi/egs/timit/s5/mfcc/raw_mfcc_train.4.ark:429526
MTXS0_SI1060 /home/gaochuanp/kaldi/egs/timit/s5/mfcc/raw_mfcc_train.10.ark:1001442
MCAL0_SX148 /home/gaochuanp/kaldi/egs/timit/s5/mfcc/raw_mfcc_train.4.ark:742294
MJRA0_SX66 /home/gaochuanp/kaldi/egs/timit/s5/mfcc/raw_mfcc_train.6.ark:1469125
MRDS0_SX267 /home/gaochuanp/kaldi/egs/timit/s5/mfcc/raw_mfcc_train.8.ark:1267297
MREM0_SI961 /home/gaochuanp/kaldi/egs/timit/s5/mfcc/raw_mfcc_train.8.ark:1361626
MKDB0_SX152 /home/gaochuanp/kaldi/egs/timit/s5/mfcc/raw_mfcc_train.7.ark:494885
MPRB0_SI575 /home/gaochuanp/kaldi/egs/timit/s5/mfcc/raw_mfcc_train.8.ark:770580
MESG0_SI1332 /home/gaochuanp/kaldi/egs/timit/s5/mfcc/raw_mfcc_train.5.ark:1090753
MJPG0_SX381 /home/gaochuanp/kaldi/egs/timit/s5/mfcc/raw_mfcc_train.6.ark:1371194
MTWH1_SI882 /home/gaochuanp/kaldi/egs/timit/s5/mfcc/raw_mfcc_train.10.ark:980262
FMBG0_SI1160 /home/gaochuanp/kaldi/egs/timit/s5/mfcc/raw_mfcc_train.2.ark:1259249
FMEM0_SI1377 /home/gaochuanp/kaldi/egs/timit/s5/mfcc/raw_mfcc_train.2.ark:1291532
MKLN0_SX68 /home/gaochuanp/kaldi/egs/timit/s5/mfcc/raw_mfcc_train.7.ark:674076
MTRT0_SX147 /home/gaochuanp/kaldi/egs/timit/s5/mfcc/raw_mfcc_train.10.ark:957072
FJEN0_SI1677 /home/gaochuanp/kaldi/egs/timit/s5/mfcc/raw_mfcc_train.2.ark:63223
MESG0_SX342 /home/gaochuanp/kaldi/egs/timit/s5/mfcc/raw_mfcc_train.5.ark:1110952
MPRD0_SI801 /home/gaochuanp/kaldi/egs/timit/s5/mfcc/raw_mfcc_train.8.ark:806088
FGMB0_SI515 /home/gaochuanp/kaldi/egs/timit/s5/mfcc/raw_mfcc_train.1.ark:1443065
MPGR0_SX150 /home/gaochuanp/kaldi/egs/timit/s5/mfcc/raw_mfcc_train.8.ark:622769
MJEB1_SI2097 /home/gaochuanp/kaldi/egs/timit/s5/mfcc/raw_mfcc_train.6.ark:873878
MLEL0_SI1876 /home/gaochuanp/kaldi/egs/timit/s5/mfcc/raw_mfcc_train.7.ark:903710
MBWP0_SX169 /home/gaochuanp/kaldi/egs/timit/s5/mfcc/raw_mfcc_train.4.ark:666990
FSKL0_SX449 /home/gaochuanp/kaldi/egs/timit/s5/mfcc/raw_mfcc_train.3.ark:912981
MRSO0_SI2289 /home/gaochuanp/kaldi/egs/timit/s5/mfcc/raw_mfcc_train.9.ark:684528
MCSS0_SI688 /home/gaochuanp/kaldi/egs/timit/s5/mfcc/raw_mfcc_train.4.ark:1092932
MLNS0_SX327 /home/gaochuanp/kaldi/egs/timit/s5/mfcc/raw_mfcc_train.7.ark:1027773
FSCN0_SX356 /home/gaochuanp/kaldi/egs/timit/s5/mfcc/raw_mfcc_train.3.ark:613265
MTQC0_SX271 /home/gaochuanp/kaldi/egs/timit/s5/mfcc/raw_mfcc_train.10.ark:861983
MJMM0_SX355 /home/gaochuanp/kaldi/egs/timit/s5/mfcc/raw_mfcc_train.6.ark:1337207
MRFK0_SI2336 /home/gaochuanp/kaldi/egs/timit/s5/mfcc/raw_mfcc_train.8.ark:1422503
MARC0_SI558 /home/gaochuanp/kaldi/egs/timit/s5/mfcc/raw_mfcc_train.4.ark:236770
FEAR0_SX352 /home/gaochuanp/kaldi/egs/timit/s5/mfcc/raw_mfcc_train.1.ark:1172658
FDML0_SX69 /home/gaochuanp/kaldi/egs/timit/s5/mfcc/raw_mfcc_train.1.ark:972050
MJWS0_SI1773 /home/gaochuanp/kaldi/egs/timit/s5/mfcc/raw_mfcc_train.7.ark:222365
MSMC0_SX197 /home/gaochuanp/kaldi/egs/timit/s5/mfcc/raw_mfcc_train.9.ark:1361016
MTJM0_SX146 /home/gaochuanp/kaldi/egs/timit/s5/mfcc/raw_mfcc_train.10.ark:393398
MARW0_SX106 /home/gaochuanp/kaldi/egs/timit/s5/mfcc/raw_mfcc_train.4.ark:267878
MTER0_SI1157 /home/gaochuanp/kaldi/egs/timit/s5/mfcc/raw_mfcc_train.10.ark:312754
MEJS0_SX340 /home/gaochuanp/kaldi/egs/timit/s5/mfcc/raw_mfcc_train.5.ark:1080826
MMVP0_SI1284 /home/gaochuanp/kaldi/egs/timit/s5/mfcc/raw_mfcc_train.8.ark:260177
FJSK0_SX332 /home/gaochuanp/kaldi/egs/timit/s5/mfcc/raw_mfcc_train.2.ark:318402
FPJF0_SX146 /home/gaochuanp/kaldi/egs/timit/s5/mfcc/raw_mfcc_train.3.ark:270016
MFXV0_SI1342 /home/gaochuanp/kaldi/egs/timit/s5/mfcc/raw_mfcc_train.5.ark:1340024
MCDC0_SX32 /home/gaochuanp/kaldi/egs/timit/s5/mfcc/raw_mfcc_train.4.ark:786662
MSTF0_SI852 /home/gaochuanp/kaldi/egs/timit/s5/mfcc/raw_mfcc_train.9.ark:1507061
MSDS0_SX447 /home/gaochuanp/kaldi/egs/timit/s5/mfcc/raw_mfcc_train.9.ark:1150927
FJSP0_SX444 /home/gaochuanp/kaldi/egs/timit/s5/mfcc/raw_mfcc_train.2.ark:354879
MJWS0_SX63 /home/gaochuanp/kaldi/egs/timit/s5/mfcc/raw_mfcc_train.7.ark:250057
FKLC1_SX418 /home/gaochuanp/kaldi/egs/timit/s5/mfcc/raw_mfcc_train.2.ark:694152
MTPR0_SI1600 /home/gaochuanp/kaldi/egs/timit/s5/mfcc/raw_mfcc_train.10.ark:802721
MARC0_SX18 /home/gaochuanp/kaldi/egs/timit/s5/mfcc/raw_mfcc_train.4.ark:244453
FDKN0_SX181 /home/gaochuanp/kaldi/egs/timit/s5/mfcc/raw_mfcc_train.1.ark:924216
MRRE0_SX164 /home/gaochuanp/kaldi/egs/timit/s5/mfcc/raw_mfcc_train.9.ark:651847
MDLR1_SX39 /home/gaochuanp/kaldi/egs/timit/s5/mfcc/raw_mfcc_train.5.ark:451897
MGAG0_SI645 /home/gaochuanp/kaldi/egs/timit/s5/mfcc/raw_mfcc_train.5.ark:1399067
MRJT0_SI1498 /home/gaochuanp/kaldi/egs/timit/s5/mfcc/raw_mfcc_train.9.ark:220002
FLJG0_SX351 /home/gaochuanp/kaldi/egs/timit/s5/mfcc/raw_mfcc_train.2.ark:1020485
FSAG0_SX423 /home/gaochuanp/kaldi/egs/timit/s5/mfcc/raw_mfcc_train.3.ark:474529
MRAI0_SX72 /home/gaochuanp/kaldi/egs/timit/s5/mfcc/raw_mfcc_train.8.ark:1026852
FCYL0_SI667 /home/gaochuanp/kaldi/egs/timit/s5/mfcc/raw_mfcc_train.1.ark:758249
FMKF0_SX186 /home/gaochuanp/kaldi/egs/timit/s5/mfcc/raw_mfcc_train.2.ark:1477453
MFXV0_SX285 /home/gaochuanp/kaldi/egs/timit/s5/mfcc/raw_mfcc_train.5.ark:1357505
MFER0_SX322 /home/gaochuanp/kaldi/egs/timit/s5/mfcc/raw_mfcc_train.5.ark:1197337
MJRH1_SI1774 /home/gaochuanp/kaldi/egs/timit/s5/mfcc/raw_mfcc_train.7.ark:55863
MDMA0_SI1430 /home/gaochuanp/kaldi/egs/timit/s5/mfcc/raw_mfcc_train.5.ark:462437
MSDH0_SX80 /home/gaochuanp/kaldi/egs/timit/s5/mfcc/raw_mfcc_train.9.ark:1116347
FJXP0_SX312 /home/gaochuanp/kaldi/egs/timit/s5/mfcc/raw_mfcc_train.2.ark:448980
FMMH0_SX367 /home/gaochuanp/kaldi/egs/timit/s5/mfcc/raw_mfcc_train.2.ark:1513551
MMAB1_SX324 /home/gaochuanp/kaldi/egs/timit/s5/mfcc/raw_mfcc_train.7.ark:1128915
FSMS1_SI2134 /home/gaochuanp/kaldi/egs/timit/s5/mfcc/raw_mfcc_train.3.ark:1057337
FJWB1_SI748 /home/gaochuanp/kaldi/egs/timit/s5/mfcc/raw_mfcc_train.2.ark:366691
MTDP0_SX441 /home/gaochuanp/kaldi/egs/timit/s5/mfcc/raw_mfcc_train.10.ark:303549
MJMD0_SX218 /home/gaochuanp/kaldi/egs/timit/s5/mfcc/raw_mfcc_train.6.ark:1301614
MTCS0_SI2265 /home/gaochuanp/kaldi/egs/timit/s5/mfcc/raw_mfcc_train.10.ark:210956
FDTD0_SX211 /home/gaochuanp/kaldi/egs/timit/s5/mfcc/raw_mfcc_train.1.ark:1074043
FNTB0_SX393 /home/gaochuanp/kaldi/egs/timit/s5/mfcc/raw_mfcc_train.3.ark:78795
MBML0_SI1169 /home/gaochuanp/kaldi/egs/timit/s5/mfcc/raw_mfcc_train.4.ark:540732
MRDD0_SX240 /home/gaochuanp/kaldi/egs/timit/s5/mfcc/raw_mfcc_train.8.ark:1205628
MJWS0_SX153 /home/gaochuanp/kaldi/egs/timit/s5/mfcc/raw_mfcc_train.7.ark:229763
MEJL0_SI1654 /home/gaochuanp/kaldi/egs/timit/s5/mfcc/raw_mfcc_train.5.ark:1034032
FLTM0_SX440 /home/gaochuanp/kaldi/egs/timit/s5/mfcc/raw_mfcc_train.2.ark:1219931
FSJS0_SI1171 /home/gaochuanp/kaldi/egs/timit/s5/mfcc/raw_mfcc_train.3.ark:789293
FLET0_SX147 /home/gaochuanp/kaldi/egs/timit/s5/mfcc/raw_mfcc_train.2.ark:882818
FLJD0_SX346 /home/gaochuanp/kaldi/egs/timit/s5/mfcc/raw_mfcc_train.2.ark:985848
MKLR0_SX159 /home/gaochuanp/kaldi/egs/timit/s5/mfcc/raw_mfcc_train.7.ark:688030
MMSM0_SX26 /home/gaochuanp/kaldi/egs/timit/s5/mfcc/raw_mfcc_train.8.ark:248910
MARW0_SX286 /home/gaochuanp/kaldi/egs/timit/s5/mfcc/raw_mfcc_train.4.ark:275392
MRBC0_SX239 /home/gaochuanp/kaldi/egs/timit/s5/mfcc/raw_mfcc_train.8.ark:1105850
FKLC0_SX85 /home/gaochuanp/kaldi/egs/timit/s5/mfcc/raw_mfcc_train.2.ark:667619
FREH0_SI1945 /home/gaochuanp/kaldi/egs/timit/s5/mfcc/raw_mfcc_train.3.ark:360937
MBMA1_SX144 /home/gaochuanp/kaldi/egs/timit/s5/mfcc/raw_mfcc_train.4.ark:518025
MJLG1_SX202 /home/gaochuanp/kaldi/egs/timit/s5/mfcc/raw_mfcc_train.6.ark:1210715
FBCH0_SX326 /home/gaochuanp/kaldi/egs/timit/s5/mfcc/raw_mfcc_train.1.ark:261393
MJRK0_SX250 /home/gaochuanp/kaldi/egs/timit/s5/mfcc/raw_mfcc_train.7.ark:96865
MRAB1_SX218 /home/gaochuanp/kaldi/egs/timit/s5/mfcc/raw_mfcc_train.8.ark:977960
FNTB0_SX33 /home/gaochuanp/kaldi/egs/timit/s5/mfcc/raw_mfcc_train.3.ark:75187
FEME0_SI1505 /home/gaochuanp/kaldi/egs/timit/s5/mfcc/raw_mfcc_train.1.ark:1259191
MRJM0_SI1095 /home/gaochuanp/kaldi/egs/timit/s5/mfcc/raw_mfcc_train.9.ark:153288
MVLO0_SI517 /home/gaochuanp/kaldi/egs/timit/s5/mfcc/raw_mfcc_train.10.ark:1077180
MJAI0_SX254 /home/gaochuanp/kaldi/egs/timit/s5/mfcc/raw_mfcc_train.6.ark:623048
MPFU0_SX268 /home/gaochuanp/kaldi/egs/timit/s5/mfcc/raw_mfcc_train.8.ark:566555
MFRM0_SX435 /home/gaochuanp/kaldi/egs/timit/s5/mfcc/raw_mfcc_train.5.ark:1264058
MCHL0_SX177 /home/gaochuanp/kaldi/egs/timit/s5/mfcc/raw_mfcc_train.4.ark:945697
FJLG0_SI1889 /home/gaochuanp/kaldi/egs/timit/s5/mfcc/raw_mfcc_train.2.ark:161975
FSJS0_SX271 /home/gaochuanp/kaldi/egs/timit/s5/mfcc/raw_mfcc_train.3.ark:807613
MKAG0_SI2239 /home/gaochuanp/kaldi/egs/timit/s5/mfcc/raw_mfcc_train.7.ark:359249
MBMA0_SI1222 /home/gaochuanp/kaldi/egs/timit/s5/mfcc/raw_mfcc_train.4.ark:475085
MKDT0_SX83 /home/gaochuanp/kaldi/egs/timit/s5/mfcc/raw_mfcc_train.7.ark:578472
MAEB0_SX360 /home/gaochuanp/kaldi/egs/timit/s5/mfcc/raw_mfcc_train.4.ark:28272
MAFM0_SI2199 /home/gaochuanp/kaldi/egs/timit/s5/mfcc/raw_mfcc_train.4.ark:72754
MLSH0_SI1417 /home/gaochuanp/kaldi/egs/timit/s5/mfcc/raw_mfcc_train.7.ark:1040313
MBMA1_SX54 /home/gaochuanp/kaldi/egs/timit/s5/mfcc/raw_mfcc_train.4.ark:535641
MRMG0_SI2340 /home/gaochuanp/kaldi/egs/timit/s5/mfcc/raw_mfcc_train.9.ark:481383
MJEB1_SX207 /home/gaochuanp/kaldi/egs/timit/s5/mfcc/raw_mfcc_train.6.ark:888511
MPGR0_SX60 /home/gaochuanp/kaldi/egs/timit/s5/mfcc/raw_mfcc_train.8.ark:637655
FLKM0_SI620 /home/gaochuanp/kaldi/egs/timit/s5/mfcc/raw_mfcc_train.2.ark:1039545
MTJM0_SI655 /home/gaochuanp/kaldi/egs/timit/s5/mfcc/raw_mfcc_train.10.ark:388256
MJAC0_SX307 /home/gaochuanp/kaldi/egs/timit/s5/mfcc/raw_mfcc_train.6.ark:554008
MMLM0_SI2150 /home/gaochuanp/kaldi/egs/timit/s5/mfcc/raw_mfcc_train.8.ark:133298
MMAB1_SX414 /home/gaochuanp/kaldi/egs/timit/s5/mfcc/raw_mfcc_train.7.ark:1134720
MTJM0_SX56 /home/gaochuanp/kaldi/egs/timit/s5/mfcc/raw_mfcc_train.10.ark:406828
FSDC0_SX322 /home/gaochuanp/kaldi/egs/timit/s5/mfcc/raw_mfcc_train.3.ark:645407
MMWS1_SI2331 /home/gaochuanp/kaldi/egs/timit/s5/mfcc/raw_mfcc_train.8.ark:380237
FJLG0_SX359 /home/gaochuanp/kaldi/egs/timit/s5/mfcc/raw_mfcc_train.2.ark:178254
MPEB0_SX60 /home/gaochuanp/kaldi/egs/timit/s5/mfcc/raw_mfcc_train.8.ark:545679
MTPG0_SI753 /home/gaochuanp/kaldi/egs/timit/s5/mfcc/raw_mfcc_train.10.ark:750674
FJXM0_SX311 /home/gaochuanp/kaldi/egs/timit/s5/mfcc/raw_mfcc_train.2.ark:412978
FBCH0_SX146 /home/gaochuanp/kaldi/egs/timit/s5/mfcc/raw_mfcc_train.1.ark:254177
MKAG0_SI1609 /home/gaochuanp/kaldi/egs/timit/s5/mfcc/raw_mfcc_train.7.ark:353924
MRAI0_SI2052 /home/gaochuanp/kaldi/egs/timit/s5/mfcc/raw_mfcc_train.8.ark:996599
MRAV0_SX288 /home/gaochuanp/kaldi/egs/timit/s5/mfcc/raw_mfcc_train.8.ark:1082978
MPGR1_SX149 /home/gaochuanp/kaldi/egs/timit/s5/mfcc/raw_mfcc_train.8.ark:653585
MSVS0_SX128 /home/gaochuanp/kaldi/egs/timit/s5/mfcc/raw_mfcc_train.10.ark:20178
FLET0_SX417 /home/gaochuanp/kaldi/egs/timit/s5/mfcc/raw_mfcc_train.2.ark:891575
MTJG0_SX350 /home/gaochuanp/kaldi/egs/timit/s5/mfcc/raw_mfcc_train.10.ark:365639
FDJH0_SI2195 /home/gaochuanp/kaldi/egs/timit/s5/mfcc/raw_mfcc_train.1.ark:883298
MSRG0_SI591 /home/gaochuanp/kaldi/egs/timit/s5/mfcc/raw_mfcc_train.9.ark:1444523
MSEM1_SX360 /home/gaochuanp/kaldi/egs/timit/s5/mfcc/raw_mfcc_train.9.ark:1187351
MMWB0_SI2249 /home/gaochuanp/kaldi/egs/timit/s5/mfcc/raw_mfcc_train.8.ark:303221
MJEE0_SX157 /home/gaochuanp/kaldi/egs/timit/s5/mfcc/raw_mfcc_train.6.ark:913599
MMXS0_SI629 /home/gaochuanp/kaldi/egs/timit/s5/mfcc/raw_mfcc_train.8.ark:401748
MHIT0_SX263 /home/gaochuanp/kaldi/egs/timit/s5/mfcc/raw_mfcc_train.6.ark:338735
MRKM0_SX7 /home/gaochuanp/kaldi/egs/timit/s5/mfcc/raw_mfcc_train.9.ark:286244
MGSL0_SX264 /home/gaochuanp/kaldi/egs/timit/s5/mfcc/raw_mfcc_train.6.ark:239117
FCLT0_SI2068 /home/gaochuanp/kaldi/egs/timit/s5/mfcc/raw_mfcc_train.1.ark:625920
FLTM0_SI1070 /home/gaochuanp/kaldi/egs/timit/s5/mfcc/raw_mfcc_train.2.ark:1194251
FVFB0_SX312 /home/gaochuanp/kaldi/egs/timit/s5/mfcc/raw_mfcc_train.3.ark:1361155
MGAR0_SI1842 /home/gaochuanp/kaldi/egs/timit/s5/mfcc/raw_mfcc_train.6.ark:13
MRAB0_SX144 /home/gaochuanp/kaldi/egs/timit/s5/mfcc/raw_mfcc_train.8.ark:940729
MWRP0_SI1525 /home/gaochuanp/kaldi/egs/timit/s5/mfcc/raw_mfcc_train.10.ark:1388578
MJEB0_SX206 /home/gaochuanp/kaldi/egs/timit/s5/mfcc/raw_mfcc_train.6.ark:853601
MJDE0_SX220 /home/gaochuanp/kaldi/egs/timit/s5/mfcc/raw_mfcc_train.6.ark:748324
MESJ0_SX187 /home/gaochuanp/kaldi/egs/timit/s5/mfcc/raw_mfcc_train.5.ark:1137112
MDPS0_SX179 /home/gaochuanp/kaldi/egs/timit/s5/mfcc/raw_mfcc_train.5.ark:633544
MBML0_SI539 /home/gaochuanp/kaldi/egs/timit/s5/mfcc/raw_mfcc_train.4.ark:547312
MRML0_SX251 /home/gaochuanp/kaldi/egs/timit/s5/mfcc/raw_mfcc_train.9.ark:557133
FDML0_SX159 /home/gaochuanp/kaldi/egs/timit/s5/mfcc/raw_mfcc_train.1.ark:958360
FSKL0_SX179 /home/gaochuanp/kaldi/egs/timit/s5/mfcc/raw_mfcc_train.3.ark:901429
MDCM0_SI850 /home/gaochuanp/kaldi/egs/timit/s5/mfcc/raw_mfcc_train.4.ark:1385625
MMAR0_SX436 /home/gaochuanp/kaldi/egs/timit/s5/mfcc/raw_mfcc_train.7.ark:1240517
MJAI0_SX74 /home/gaochuanp/kaldi/egs/timit/s5/mfcc/raw_mfcc_train.6.ark:631804
MCTM0_SX180 /home/gaochuanp/kaldi/egs/timit/s5/mfcc/raw_mfcc_train.4.ark:1166510
MJRH1_SX334 /home/gaochuanp/kaldi/egs/timit/s5/mfcc/raw_mfcc_train.7.ark:71439
MCAE0_SI1447 /home/gaochuanp/kaldi/egs/timit/s5/mfcc/raw_mfcc_train.4.ark:690464
MKES0_SX353 /home/gaochuanp/kaldi/egs/timit/s5/mfcc/raw_mfcc_train.7.ark:605166
MHJB0_SX387 /home/gaochuanp/kaldi/egs/timit/s5/mfcc/raw_mfcc_train.6.ark:375928
MRAB1_SI1478 /home/gaochuanp/kaldi/egs/timit/s5/mfcc/raw_mfcc_train.8.ark:961434
MTPP0_SI1508 /home/gaochuanp/kaldi/egs/timit/s5/mfcc/raw_mfcc_train.10.ark:772595
MTKP0_SI454 /home/gaochuanp/kaldi/egs/timit/s5/mfcc/raw_mfcc_train.10.ark:525634
FCJS0_SI1607 /home/gaochuanp/kaldi/egs/timit/s5/mfcc/raw_mfcc_train.1.ark:562761
MADC0_SX107 /home/gaochuanp/kaldi/egs/timit/s5/mfcc/raw_mfcc_train.3.ark:1479266
MBWP0_SX79 /home/gaochuanp/kaldi/egs/timit/s5/mfcc/raw_mfcc_train.4.ark:686075
MEWM0_SX88 /home/gaochuanp/kaldi/egs/timit/s5/mfcc/raw_mfcc_train.5.ark:1175232
MTXS0_SX430 /home/gaochuanp/kaldi/egs/timit/s5/mfcc/raw_mfcc_train.10.ark:1030125
MWAC0_SI2231 /home/gaochuanp/kaldi/egs/timit/s5/mfcc/raw_mfcc_train.10.ark:1135553
FSPM0_SX431 /home/gaochuanp/kaldi/egs/timit/s5/mfcc/raw_mfcc_train.3.ark:1114577
MJJJ0_SX83 /home/gaochuanp/kaldi/egs/timit/s5/mfcc/raw_mfcc_train.6.ark:1094780
FSJK1_SX125 /home/gaochuanp/kaldi/egs/timit/s5/mfcc/raw_mfcc_train.3.ark:772111
MAEB0_SX270 /home/gaochuanp/kaldi/egs/timit/s5/mfcc/raw_mfcc_train.4.ark:24833
MRBC0_SX329 /home/gaochuanp/kaldi/egs/timit/s5/mfcc/raw_mfcc_train.8.ark:1109848
FAJW0_SX273 /home/gaochuanp/kaldi/egs/timit/s5/mfcc/raw_mfcc_train.1.ark:53477
MJSR0_SX74 /home/gaochuanp/kaldi/egs/timit/s5/mfcc/raw_mfcc_train.7.ark:176273
MRDD0_SX60 /home/gaochuanp/kaldi/egs/timit/s5/mfcc/raw_mfcc_train.8.ark:1216620
FSBK0_SX169 /home/gaochuanp/kaldi/egs/timit/s5/mfcc/raw_mfcc_train.3.ark:561871
MCDC0_SX122 /home/gaochuanp/kaldi/egs/timit/s5/mfcc/raw_mfcc_train.4.ark:774305
MDKS0_SX346 /home/gaochuanp/kaldi/egs/timit/s5/mfcc/raw_mfcc_train.5.ark:181334
MKLS0_SI1437 /home/gaochuanp/kaldi/egs/timit/s5/mfcc/raw_mfcc_train.7.ark:705862
MGRP0_SI1317 /home/gaochuanp/kaldi/egs/timit/s5/mfcc/raw_mfcc_train.6.ark:149953
MGAK0_SX226 /home/gaochuanp/kaldi/egs/timit/s5/mfcc/raw_mfcc_train.5.ark:1443034
MAEB0_SX90 /home/gaochuanp/kaldi/egs/timit/s5/mfcc/raw_mfcc_train.4.ark:36293
MARW0_SX376 /home/gaochuanp/kaldi/egs/timit/s5/mfcc/raw_mfcc_train.4.ark:287938
FRLL0_SX254 /home/gaochuanp/kaldi/egs/timit/s5/mfcc/raw_mfcc_train.3.ark:433274
FMPG0_SI2232 /home/gaochuanp/kaldi/egs/timit/s5/mfcc/raw_mfcc_train.2.ark:1533631
MJLB0_SI2246 /home/gaochuanp/kaldi/egs/timit/s5/mfcc/raw_mfcc_train.6.ark:1169998
FMJB0_SX97 /home/gaochuanp/kaldi/egs/timit/s5/mfcc/raw_mfcc_train.2.ark:1357768
MCEF0_SX145 /home/gaochuanp/kaldi/egs/timit/s5/mfcc/raw_mfcc_train.4.ark:872561
MRTC0_SX18 /home/gaochuanp/kaldi/egs/timit/s5/mfcc/raw_mfcc_train.9.ark:764592
FSMA0_SX361 /home/gaochuanp/kaldi/egs/timit/s5/mfcc/raw_mfcc_train.3.ark:1005043
FSPM0_SI1871 /home/gaochuanp/kaldi/egs/timit/s5/mfcc/raw_mfcc_train.3.ark:1093014
MTLC0_SX127 /home/gaochuanp/kaldi/egs/timit/s5/mfcc/raw_mfcc_train.10.ark:597034
MJFR0_SX435 /home/gaochuanp/kaldi/egs/timit/s5/mfcc/raw_mfcc_train.6.ark:986651
FALK0_SX186 /home/gaochuanp/kaldi/egs/timit/s5/mfcc/raw_mfcc_train.1.ark:82540
FEAR0_SX442 /home/gaochuanp/kaldi/egs/timit/s5/mfcc/raw_mfcc_train.1.ark:1179139
FMJB0_SX187 /home/gaochuanp/kaldi/egs/timit/s5/mfcc/raw_mfcc_train.2.ark:1343729
FJDM2_SX52 /home/gaochuanp/kaldi/egs/timit/s5/mfcc/raw_mfcc_train.2.ark:55056
MJFH0_SX387 /home/gaochuanp/kaldi/egs/timit/s5/mfcc/raw_mfcc_train.6.ark:957220
MEAL0_SI1547 /home/gaochuanp/kaldi/egs/timit/s5/mfcc/raw_mfcc_train.5.ark:905619
MRAM0_SI1275 /home/gaochuanp/kaldi/egs/timit/s5/mfcc/raw_mfcc_train.8.ark:1029863
MRXB0_SX235 /home/gaochuanp/kaldi/egs/timit/s5/mfcc/raw_mfcc_train.9.ark:928119
MJPG0_SX111 /home/gaochuanp/kaldi/egs/timit/s5/mfcc/raw_mfcc_train.6.ark:1359922
MABC0_SI2041 /home/gaochuanp/kaldi/egs/timit/s5/mfcc/raw_mfcc_train.3.ark:1437322
MJLS0_SI466 /home/gaochuanp/kaldi/egs/timit/s5/mfcc/raw_mfcc_train.6.ark:1235965
FPLS0_SX60 /home/gaochuanp/kaldi/egs/timit/s5/mfcc/raw_mfcc_train.3.ark:314584
FCDR1_SX196 /home/gaochuanp/kaldi/egs/timit/s5/mfcc/raw_mfcc_train.1.ark:496559
MJRH0_SI1125 /home/gaochuanp/kaldi/egs/timit/s5/mfcc/raw_mfcc_train.7.ark:17174
MRMB0_SX411 /home/gaochuanp/kaldi/egs/timit/s5/mfcc/raw_mfcc_train.9.ark:466377
FNKL0_SX262 /home/gaochuanp/kaldi/egs/timit/s5/mfcc/raw_mfcc_train.3.ark:39544
MBMA0_SX412 /home/gaochuanp/kaldi/egs/timit/s5/mfcc/raw_mfcc_train.4.ark:498112
FSJK1_SX395 /home/gaochuanp/kaldi/egs/timit/s5/mfcc/raw_mfcc_train.3.ark:785671
MPPC0_SX242 /home/gaochuanp/kaldi/egs/timit/s5/mfcc/raw_mfcc_train.8.ark:744433
FKAA0_SX398 /home/gaochuanp/kaldi/egs/timit/s5/mfcc/raw_mfcc_train.2.ark:491040
MRCW0_SI1371 /home/gaochuanp/kaldi/egs/timit/s5/mfcc/raw_mfcc_train.8.ark:1161198
MJLB0_SX446 /home/gaochuanp/kaldi/egs/timit/s5/mfcc/raw_mfcc_train.6.ark:1187830
MWCH0_SX92 /home/gaochuanp/kaldi/egs/timit/s5/mfcc/raw_mfcc_train.10.ark:1248920
MREH1_SX339 /home/gaochuanp/kaldi/egs/timit/s5/mfcc/raw_mfcc_train.8.ark:1338919
FRJB0_SX437 /home/gaochuanp/kaldi/egs/timit/s5/mfcc/raw_mfcc_train.3.ark:405906
MTXS0_SX70 /home/gaochuanp/kaldi/egs/timit/s5/mfcc/raw_mfcc_train.10.ark:1037008
MMJB1_SX418 /home/gaochuanp/kaldi/egs/timit/s5/mfcc/raw_mfcc_train.8.ark:122187
MRLK0_SX123 /home/gaochuanp/kaldi/egs/timit/s5/mfcc/raw_mfcc_train.9.ark:395782
MMCC0_SI708 /home/gaochuanp/kaldi/egs/timit/s5/mfcc/raw_mfcc_train.7.ark:1294046
MMAB1_SI864 /home/gaochuanp/kaldi/egs/timit/s5/mfcc/raw_mfcc_train.7.ark:1114516
MGSL0_SX354 /home/gaochuanp/kaldi/egs/timit/s5/mfcc/raw_mfcc_train.6.ark:242946
MWAD0_SI1749 /home/gaochuanp/kaldi/egs/timit/s5/mfcc/raw_mfcc_train.10.ark:1173206
FSCN0_SI1886 /home/gaochuanp/kaldi/egs/timit/s5/mfcc/raw_mfcc_train.3.ark:587438
MMAG0_SX226 /home/gaochuanp/kaldi/egs/timit/s5/mfcc/raw_mfcc_train.7.ark:1163402
FLTM0_SX80 /home/gaochuanp/kaldi/egs/timit/s5/mfcc/raw_mfcc_train.2.ark:1225345
MDAC0_SX91 /home/gaochuanp/kaldi/egs/timit/s5/mfcc/raw_mfcc_train.4.ark:1246627
MDEF0_SX123 /home/gaochuanp/kaldi/egs/timit/s5/mfcc/raw_mfcc_train.5.ark:13439
MAPV0_SX303 /home/gaochuanp/kaldi/egs/timit/s5/mfcc/raw_mfcc_train.4.ark:221810
MMAA0_SX215 /home/gaochuanp/kaldi/egs/timit/s5/mfcc/raw_mfcc_train.7.ark:1093790
MBMA1_SX414 /home/gaochuanp/kaldi/egs/timit/s5/mfcc/raw_mfcc_train.4.ark:531709
MEGJ0_SX437 /home/gaochuanp/kaldi/egs/timit/s5/mfcc/raw_mfcc_train.5.ark:1021127
MDRD0_SX32 /home/gaochuanp/kaldi/egs/timit/s5/mfcc/raw_mfcc_train.5.ark:680746
FEEH0_SI1742 /home/gaochuanp/kaldi/egs/timit/s5/mfcc/raw_mfcc_train.1.ark:1230607
FSSB0_SX92 /home/gaochuanp/kaldi/egs/timit/s5/mfcc/raw_mfcc_train.3.ark:1183351
MWSH0_SX166 /home/gaochuanp/kaldi/egs/timit/s5/mfcc/raw_mfcc_train.10.ark:1458708
FBMJ0_SX246 /home/gaochuanp/kaldi/egs/timit/s5/mfcc/raw_mfcc_train.1.ark:392940
FJRP1_SI802 /home/gaochuanp/kaldi/egs/timit/s5/mfcc/raw_mfcc_train.2.ark:267948
MBAR0_SX149 /home/gaochuanp/kaldi/egs/timit/s5/mfcc/raw_mfcc_train.4.ark:303425
MJEB0_SX26 /home/gaochuanp/kaldi/egs/timit/s5/mfcc/raw_mfcc_train.6.ark:858079
MGRL0_SI1497 /home/gaochuanp/kaldi/egs/timit/s5/mfcc/raw_mfcc_train.6.ark:118865
MDSJ0_SX438 /home/gaochuanp/kaldi/egs/timit/s5/mfcc/raw_mfcc_train.5.ark:716560
MHMR0_SI1692 /home/gaochuanp/kaldi/egs/timit/s5/mfcc/raw_mfcc_train.6.ark:412388
FSAH0_SX434 /home/gaochuanp/kaldi/egs/timit/s5/mfcc/raw_mfcc_train.3.ark:512754
MMAR0_SI706 /home/gaochuanp/kaldi/egs/timit/s5/mfcc/raw_mfcc_train.7.ark:1219650
FLTM0_SX170 /home/gaochuanp/kaldi/egs/timit/s5/mfcc/raw_mfcc_train.2.ark:1203361
FTLG0_SX213 /home/gaochuanp/kaldi/egs/timit/s5/mfcc/raw_mfcc_train.3.ark:1297658
FRJB0_SI1470 /home/gaochuanp/kaldi/egs/timit/s5/mfcc/raw_mfcc_train.3.ark:388762
MGAW0_SX175 /home/gaochuanp/kaldi/egs/timit/s5/mfcc/raw_mfcc_train.6.ark:38271
MMAB1_SX54 /home/gaochuanp/kaldi/egs/timit/s5/mfcc/raw_mfcc_train.7.ark:1138769
MMJB1_SX58 /home/gaochuanp/kaldi/egs/timit/s5/mfcc/raw_mfcc_train.8.ark:126678
FJRB0_SX222 /home/gaochuanp/kaldi/egs/timit/s5/mfcc/raw_mfcc_train.2.ark:238005
MMCC0_SX258 /home/gaochuanp/kaldi/egs/timit/s5/mfcc/raw_mfcc_train.7.ark:1300664
FDMY0_SX297 /home/gaochuanp/kaldi/egs/timit/s5/mfcc/raw_mfcc_train.1.ark:1010735
MAFM0_SX399 /home/gaochuanp/kaldi/egs/timit/s5/mfcc/raw_mfcc_train.4.ark:94362
MLSH0_SX67 /home/gaochuanp/kaldi/egs/timit/s5/mfcc/raw_mfcc_train.7.ark:1069898
MEFG0_SI598 /home/gaochuanp/kaldi/egs/timit/s5/mfcc/raw_mfcc_train.5.ark:969837
MGES0_SX221 /home/gaochuanp/kaldi/egs/timit/s5/mfcc/raw_mfcc_train.6.ark:66337
MTWH1_SI1512 /home/gaochuanp/kaldi/egs/timit/s5/mfcc/raw_mfcc_train.10.ark:973734
MJBG0_SX422 /home/gaochuanp/kaldi/egs/timit/s5/mfcc/raw_mfcc_train.6.ark:659026
MPFU0_SI1888 /home/gaochuanp/kaldi/egs/timit/s5/mfcc/raw_mfcc_train.8.ark:556511
MDDC0_SI789 /home/gaochuanp/kaldi/egs/timit/s5/mfcc/raw_mfcc_train.4.ark:1415608
FVKB0_SX169 /home/gaochuanp/kaldi/egs/timit/s5/mfcc/raw_mfcc_train.3.ark:1382141
FVMH0_SX206 /home/gaochuanp/kaldi/egs/timit/s5/mfcc/raw_mfcc_train.3.ark:1422752
FJEN0_SX147 /home/gaochuanp/kaldi/egs/timit/s5/mfcc/raw_mfcc_train.2.ark:72247
MTAT0_SX210 /home/gaochuanp/kaldi/egs/timit/s5/mfcc/raw_mfcc_train.10.ark:127541
MDLR1_SI669 /home/gaochuanp/kaldi/egs/timit/s5/mfcc/raw_mfcc_train.5.ark:433046
MKAJ0_SX424 /home/gaochuanp/kaldi/egs/timit/s5/mfcc/raw_mfcc_train.7.ark:442649
FGDP0_SX178 /home/gaochuanp/kaldi/egs/timit/s5/mfcc/raw_mfcc_train.1.ark:1407473
MDLB0_SX226 /home/gaochuanp/kaldi/egs/timit/s5/mfcc/raw_mfcc_train.5.ark:215262
MTBC0_SI1173 /home/gaochuanp/kaldi/egs/timit/s5/mfcc/raw_mfcc_train.10.ark:176844
MJFR0_SX75 /home/gaochuanp/kaldi/egs/timit/s5/mfcc/raw_mfcc_train.6.ark:992546
MTLC0_SI1313 /home/gaochuanp/kaldi/egs/timit/s5/mfcc/raw_mfcc_train.10.ark:581685
MGJC0_SX75 /home/gaochuanp/kaldi/egs/timit/s5/mfcc/raw_mfcc_train.6.ark:114853
MKDB0_SX332 /home/gaochuanp/kaldi/egs/timit/s5/mfcc/raw_mfcc_train.7.ark:503037
FREH0_SI685 /home/gaochuanp/kaldi/egs/timit/s5/mfcc/raw_mfcc_train.3.ark:366300
MTQC0_SI2071 /home/gaochuanp/kaldi/egs/timit/s5/mfcc/raw_mfcc_train.10.ark:848637
FSDC0_SX52 /home/gaochuanp/kaldi/egs/timit/s5/mfcc/raw_mfcc_train.3.ark:651972
MMGC0_SI1935 /home/gaochuanp/kaldi/egs/timit/s5/mfcc/raw_mfcc_train.8.ark:15925
MMDB0_SX87 /home/gaochuanp/kaldi/egs/timit/s5/mfcc/raw_mfcc_train.7.ark:1342835
MJSR0_SX164 /home/gaochuanp/kaldi/egs/timit/s5/mfcc/raw_mfcc_train.7.ark:159112
MEFG0_SI465 /home/gaochuanp/kaldi/egs/timit/s5/mfcc/raw_mfcc_train.5.ark:960086
MRSP0_SI2059 /home/gaochuanp/kaldi/egs/timit/s5/mfcc/raw_mfcc_train.9.ark:718040
MDPK0_SX153 /home/gaochuanp/kaldi/egs/timit/s5/mfcc/raw_mfcc_train.5.ark:603444
MDWD0_SX360 /home/gaochuanp/kaldi/egs/timit/s5/mfcc/raw_mfcc_train.5.ark:824390
MWSH0_SX256 /home/gaochuanp/kaldi/egs/timit/s5/mfcc/raw_mfcc_train.10.ark:1464240
FLHD0_SX444 /home/gaochuanp/kaldi/egs/timit/s5/mfcc/raw_mfcc_train.2.ark:921247
MTMN0_SX434 /home/gaochuanp/kaldi/egs/timit/s5/mfcc/raw_mfcc_train.10.ark:673415
MCAE0_SX7 /home/gaochuanp/kaldi/egs/timit/s5/mfcc/raw_mfcc_train.4.ark:723239
MDLC0_SI765 /home/gaochuanp/kaldi/egs/timit/s5/mfcc/raw_mfcc_train.5.ark:246141
MARC0_SI1818 /home/gaochuanp/kaldi/egs/timit/s5/mfcc/raw_mfcc_train.4.ark:233812
MJMM0_SX265 /home/gaochuanp/kaldi/egs/timit/s5/mfcc/raw_mfcc_train.6.ark:1333352
MEFG0_SX105 /home/gaochuanp/kaldi/egs/timit/s5/mfcc/raw_mfcc_train.5.ark:975915
MDLR0_SX333 /home/gaochuanp/kaldi/egs/timit/s5/mfcc/raw_mfcc_train.5.ark:411248
MRTJ0_SX52 /home/gaochuanp/kaldi/egs/timit/s5/mfcc/raw_mfcc_train.9.ark:816683
FHXS0_SX355 /home/gaochuanp/kaldi/egs/timit/s5/mfcc/raw_mfcc_train.2.ark:13515
FSSB0_SI2342 /home/gaochuanp/kaldi/egs/timit/s5/mfcc/raw_mfcc_train.3.ark:1163193
FSKP0_SX198 /home/gaochuanp/kaldi/egs/timit/s5/mfcc/raw_mfcc_train.3.ark:940512
MSDH0_SI2113 /home/gaochuanp/kaldi/egs/timit/s5/mfcc/raw_mfcc_train.9.ark:1086580
MKLS0_SX357 /home/gaochuanp/kaldi/egs/timit/s5/mfcc/raw_mfcc_train.7.ark:729338
MJPM0_SI1368 /home/gaochuanp/kaldi/egs/timit/s5/mfcc/raw_mfcc_train.6.ark:1373984
MCTM0_SX270 /home/gaochuanp/kaldi/egs/timit/s5/mfcc/raw_mfcc_train.4.ark:1170313
MPFU0_SI1258 /home/gaochuanp/kaldi/egs/timit/s5/mfcc/raw_mfcc_train.8.ark:550016
MDAC0_SX181 /home/gaochuanp/kaldi/egs/timit/s5/mfcc/raw_mfcc_train.4.ark:1229557
MLEL0_SI1246 /home/gaochuanp/kaldi/egs/timit/s5/mfcc/raw_mfcc_train.7.ark:899295
MDLM0_SI1864 /home/gaochuanp/kaldi/egs/timit/s5/mfcc/raw_mfcc_train.5.ark:366612
MFER0_SX232 /home/gaochuanp/kaldi/egs/timit/s5/mfcc/raw_mfcc_train.5.ark:1192819
MCAL0_SI508 /home/gaochuanp/kaldi/egs/timit/s5/mfcc/raw_mfcc_train.4.ark:739882
MRJM0_SI1858 /home/gaochuanp/kaldi/egs/timit/s5/mfcc/raw_mfcc_train.9.ark:160025
FCMM0_SI1083 /home/gaochuanp/kaldi/egs/timit/s5/mfcc/raw_mfcc_train.1.ark:688583
MEDR0_SI2004 /home/gaochuanp/kaldi/egs/timit/s5/mfcc/raw_mfcc_train.5.ark:934714
MMDS0_SX83 /home/gaochuanp/kaldi/egs/timit/s5/mfcc/raw_mfcc_train.7.ark:1469124
FMKC0_SX262 /home/gaochuanp/kaldi/egs/timit/s5/mfcc/raw_mfcc_train.2.ark:1445618
FBMH0_SI1136 /home/gaochuanp/kaldi/egs/timit/s5/mfcc/raw_mfcc_train.1.ark:342519
MPAR0_SI2206 /home/gaochuanp/kaldi/egs/timit/s5/mfcc/raw_mfcc_train.8.ark:494946
MRCG0_SI2058 /home/gaochuanp/kaldi/egs/timit/s5/mfcc/raw_mfcc_train.8.ark:1128181
FHLM0_SX349 /home/gaochuanp/kaldi/egs/timit/s5/mfcc/raw_mfcc_train.1.ark:1531023
MMCC0_SX168 /home/gaochuanp/kaldi/egs/timit/s5/mfcc/raw_mfcc_train.7.ark:1298330
MDPS0_SX359 /home/gaochuanp/kaldi/egs/timit/s5/mfcc/raw_mfcc_train.5.ark:640279
MKRG0_SI1491 /home/gaochuanp/kaldi/egs/timit/s5/mfcc/raw_mfcc_train.7.ark:806291
MDMA0_SX260 /home/gaochuanp/kaldi/egs/timit/s5/mfcc/raw_mfcc_train.5.ark:477630
MJFR0_SI975 /home/gaochuanp/kaldi/egs/timit/s5/mfcc/raw_mfcc_train.6.ark:968631
MKAG0_SX259 /home/gaochuanp/kaldi/egs/timit/s5/mfcc/raw_mfcc_train.7.ark:372712
FMMH0_SX7 /home/gaochuanp/kaldi/egs/timit/s5/mfcc/raw_mfcc_train.2.ark:1522520
FMJF0_SX84 /home/gaochuanp/kaldi/egs/timit/s5/mfcc/raw_mfcc_train.2.ark:1390078
MRGS0_SX186 /home/gaochuanp/kaldi/egs/timit/s5/mfcc/raw_mfcc_train.9.ark:24917
MESJ0_SX367 /home/gaochuanp/kaldi/egs/timit/s5/mfcc/raw_mfcc_train.5.ark:1142378
MDHL0_SI2069 /home/gaochuanp/kaldi/egs/timit/s5/mfcc/raw_mfcc_train.5.ark:73637
MHJB0_SX117 /home/gaochuanp/kaldi/egs/timit/s5/mfcc/raw_mfcc_train.6.ark:365670
MMAA0_SX125 /home/gaochuanp/kaldi/egs/timit/s5/mfcc/raw_mfcc_train.7.ark:1090013
MDSJ0_SI1462 /home/gaochuanp/kaldi/egs/timit/s5/mfcc/raw_mfcc_train.5.ark:689172
MTDB0_SI771 /home/gaochuanp/kaldi/egs/timit/s5/mfcc/raw_mfcc_train.10.ark:249149
MDMT0_SI572 /home/gaochuanp/kaldi/egs/timit/s5/mfcc/raw_mfcc_train.5.ark:501801
MEWM0_SI718 /home/gaochuanp/kaldi/egs/timit/s5/mfcc/raw_mfcc_train.5.ark:1156439
MLEL0_SX166 /home/gaochuanp/kaldi/egs/timit/s5/mfcc/raw_mfcc_train.7.ark:913071
MLNS0_SX57 /home/gaochuanp/kaldi/egs/timit/s5/mfcc/raw_mfcc_train.7.ark:1037185
MRGS0_SI1356 /home/gaochuanp/kaldi/egs/timit/s5/mfcc/raw_mfcc_train.9.ark:10803
FMAH1_SI879 /home/gaochuanp/kaldi/egs/timit/s5/mfcc/raw_mfcc_train.2.ark:1234403
FSAH0_SI614 /home/gaochuanp/kaldi/egs/timit/s5/mfcc/raw_mfcc_train.3.ark:493252
MJMD0_SX398 /home/gaochuanp/kaldi/egs/timit/s5/mfcc/raw_mfcc_train.6.ark:1312333
MKAM0_SI1465 /home/gaochuanp/kaldi/egs/timit/s5/mfcc/raw_mfcc_train.7.ark:458539
FSJG0_SX310 /home/gaochuanp/kaldi/egs/timit/s5/mfcc/raw_mfcc_train.3.ark:744196
FVFB0_SX402 /home/gaochuanp/kaldi/egs/timit/s5/mfcc/raw_mfcc_train.3.ark:1366206
FLMC0_SX336 /home/gaochuanp/kaldi/egs/timit/s5/mfcc/raw_mfcc_train.2.ark:1123686
MCLM0_SX16 /home/gaochuanp/kaldi/egs/timit/s5/mfcc/raw_mfcc_train.4.ark:1013027
FJEN0_SX57 /home/gaochuanp/kaldi/egs/timit/s5/mfcc/raw_mfcc_train.2.ark:92437
MRML0_SX431 /home/gaochuanp/kaldi/egs/timit/s5/mfcc/raw_mfcc_train.9.ark:567937
MGJC0_SX435 /home/gaochuanp/kaldi/egs/timit/s5/mfcc/raw_mfcc_train.6.ark:108880
FHLM0_SI930 /home/gaochuanp/kaldi/egs/timit/s5/mfcc/raw_mfcc_train.1.ark:1513796
MSAH1_SI2309 /home/gaochuanp/kaldi/egs/timit/s5/mfcc/raw_mfcc_train.9.ark:948261
MRLD0_SI2224 /home/gaochuanp/kaldi/egs/timit/s5/mfcc/raw_mfcc_train.9.ark:298746
MDHL0_SX179 /home/gaochuanp/kaldi/egs/timit/s5/mfcc/raw_mfcc_train.5.ark:81308
MCAL0_SX238 /home/gaochuanp/kaldi/egs/timit/s5/mfcc/raw_mfcc_train.4.ark:745785
MSAS0_SX386 /home/gaochuanp/kaldi/egs/timit/s5/mfcc/raw_mfcc_train.9.ark:1003004
MKLW0_SX131 /home/gaochuanp/kaldi/egs/timit/s5/mfcc/raw_mfcc_train.7.ark:783974
FGRW0_SX72 /home/gaochuanp/kaldi/egs/timit/s5/mfcc/raw_mfcc_train.1.ark:1504569
MMXS0_SX426 /home/gaochuanp/kaldi/egs/timit/s5/mfcc/raw_mfcc_train.8.ark:421764
MTPR0_SI506 /home/gaochuanp/kaldi/egs/timit/s5/mfcc/raw_mfcc_train.10.ark:813799
MRTC0_SI1458 /home/gaochuanp/kaldi/egs/timit/s5/mfcc/raw_mfcc_train.9.ark:745610
MGSH0_SI1806 /home/gaochuanp/kaldi/egs/timit/s5/mfcc/raw_mfcc_train.6.ark:192112
MDNS0_SI2271 /home/gaochuanp/kaldi/egs/timit/s5/mfcc/raw_mfcc_train.5.ark:534234
MZMB0_SX446 /home/gaochuanp/kaldi/egs/timit/s5/mfcc/raw_mfcc_train.10.ark:1506977
FDTD0_SX321 /home/gaochuanp/kaldi/egs/timit/s5/mfcc/raw_mfcc_train.1.ark:1083053
FKFB0_SI1608 /home/gaochuanp/kaldi/egs/timit/s5/mfcc/raw_mfcc_train.2.ark:564119
MRWA0_SI973 /home/gaochuanp/kaldi/egs/timit/s5/mfcc/raw_mfcc_train.9.ark:858363
FCAJ0_SX129 /home/gaochuanp/kaldi/egs/timit/s5/mfcc/raw_mfcc_train.1.ark:449013
MJXL0_SI542 /home/gaochuanp/kaldi/egs/timit/s5/mfcc/raw_mfcc_train.7.ark:328961
MDBB1_SX106 /home/gaochuanp/kaldi/egs/timit/s5/mfcc/raw_mfcc_train.4.ark:1292108
MHMR0_SX129 /home/gaochuanp/kaldi/egs/timit/s5/mfcc/raw_mfcc_train.6.ark:422802
MCLM0_SX376 /home/gaochuanp/kaldi/egs/timit/s5/mfcc/raw_mfcc_train.4.ark:1022395
MDHL0_SX269 /home/gaochuanp/kaldi/egs/timit/s5/mfcc/raw_mfcc_train.5.ark:85371
MJHI0_SX338 /home/gaochuanp/kaldi/egs/timit/s5/mfcc/raw_mfcc_train.6.ark:1016080
MDLC2_SX264 /home/gaochuanp/kaldi/egs/timit/s5/mfcc/raw_mfcc_train.5.ark:314078
MJWT0_SI1381 /home/gaochuanp/kaldi/egs/timit/s5/mfcc/raw_mfcc_train.7.ark:259914
MMGK0_SX62 /home/gaochuanp/kaldi/egs/timit/s5/mfcc/raw_mfcc_train.8.ark:94511
MJLB0_SX266 /home/gaochuanp/kaldi/egs/timit/s5/mfcc/raw_mfcc_train.6.ark:1180952
MDAC0_SI1261 /home/gaochuanp/kaldi/egs/timit/s5/mfcc/raw_mfcc_train.4.ark:1216093
FSKL0_SI1529 /home/gaochuanp/kaldi/egs/timit/s5/mfcc/raw_mfcc_train.3.ark:888628
MJJB0_SI1139 /home/gaochuanp/kaldi/egs/timit/s5/mfcc/raw_mfcc_train.6.ark:1028555
MKES0_SI1883 /home/gaochuanp/kaldi/egs/timit/s5/mfcc/raw_mfcc_train.7.ark:586301
FSAH0_SX74 /home/gaochuanp/kaldi/egs/timit/s5/mfcc/raw_mfcc_train.3.ark:516296
FBCH0_SX416 /home/gaochuanp/kaldi/egs/timit/s5/mfcc/raw_mfcc_train.1.ark:265716
FKSR0_SX161 /home/gaochuanp/kaldi/egs/timit/s5/mfcc/raw_mfcc_train.2.ark:747428
MMXS0_SI2136 /home/gaochuanp/kaldi/egs/timit/s5/mfcc/raw_mfcc_train.8.ark:398049
MGSL0_SX84 /home/gaochuanp/kaldi/egs/timit/s5/mfcc/raw_mfcc_train.6.ark:251695
FBMH0_SI970 /home/gaochuanp/kaldi/egs/timit/s5/mfcc/raw_mfcc_train.1.ark:351582
MSDS0_SI1707 /home/gaochuanp/kaldi/egs/timit/s5/mfcc/raw_mfcc_train.9.ark:1126841
MCTH0_SI579 /home/gaochuanp/kaldi/egs/timit/s5/mfcc/raw_mfcc_train.4.ark:1128447
MBSB0_SX93 /home/gaochuanp/kaldi/egs/timit/s5/mfcc/raw_mfcc_train.4.ark:619727
FTBR0_SI921 /home/gaochuanp/kaldi/egs/timit/s5/mfcc/raw_mfcc_train.3.ark:1222586
MMDM0_SX321 /home/gaochuanp/kaldi/egs/timit/s5/mfcc/raw_mfcc_train.7.ark:1399863
MRLJ1_SI2332 /home/gaochuanp/kaldi/egs/timit/s5/mfcc/raw_mfcc_train.9.ark:360917
FCAJ0_SI849 /home/gaochuanp/kaldi/egs/timit/s5/mfcc/raw_mfcc_train.1.ark:444365
MDLR0_SX153 /home/gaochuanp/kaldi/egs/timit/s5/mfcc/raw_mfcc_train.5.ark:402394
MRLJ1_SI1671 /home/gaochuanp/kaldi/egs/timit/s5/mfcc/raw_mfcc_train.9.ark:351749
MKLS1_SX15 /home/gaochuanp/kaldi/egs/timit/s5/mfcc/raw_mfcc_train.7.ark:758260
FDNC0_SI1278 /home/gaochuanp/kaldi/egs/timit/s5/mfcc/raw_mfcc_train.1.ark:1020396
FSBK0_SI1069 /home/gaochuanp/kaldi/egs/timit/s5/mfcc/raw_mfcc_train.3.ark:551552
MMGC0_SX45 /home/gaochuanp/kaldi/egs/timit/s5/mfcc/raw_mfcc_train.8.ark:36689
MAEO0_SX156 /home/gaochuanp/kaldi/egs/timit/s5/mfcc/raw_mfcc_train.4.ark:51456
MWRE0_SX247 /home/gaochuanp/kaldi/egs/timit/s5/mfcc/raw_mfcc_train.10.ark:1365103
MREW1_SX60 /home/gaochuanp/kaldi/egs/timit/s5/mfcc/raw_mfcc_train.8.ark:1410103
MPRK0_SX17 /home/gaochuanp/kaldi/egs/timit/s5/mfcc/raw_mfcc_train.8.ark:856078
MWAR0_SI1045 /home/gaochuanp/kaldi/egs/timit/s5/mfcc/raw_mfcc_train.10.ark:1193731
FLMC0_SI1372 /home/gaochuanp/kaldi/egs/timit/s5/mfcc/raw_mfcc_train.2.ark:1100504
MDJM0_SI1455 /home/gaochuanp/kaldi/egs/timit/s5/mfcc/raw_mfcc_train.5.ark:130709
MSRR0_SX30 /home/gaochuanp/kaldi/egs/timit/s5/mfcc/raw_mfcc_train.9.ark:1489346
FGMB0_SX245 /home/gaochuanp/kaldi/egs/timit/s5/mfcc/raw_mfcc_train.1.ark:1452283
MDPB0_SI866 /home/gaochuanp/kaldi/egs/timit/s5/mfcc/raw_mfcc_train.5.ark:569918
MJWS0_SX333 /home/gaochuanp/kaldi/egs/timit/s5/mfcc/raw_mfcc_train.7.ark:239189
MDWD0_SI557 /home/gaochuanp/kaldi/egs/timit/s5/mfcc/raw_mfcc_train.5.ark:815893
FMAH1_SX159 /home/gaochuanp/kaldi/egs/timit/s5/mfcc/raw_mfcc_train.2.ark:1240676
FPAZ0_SX63 /home/gaochuanp/kaldi/egs/timit/s5/mfcc/raw_mfcc_train.3.ark:253254
MTPF0_SI1235 /home/gaochuanp/kaldi/egs/timit/s5/mfcc/raw_mfcc_train.10.ark:712928
FMJF0_SX264 /home/gaochuanp/kaldi/egs/timit/s5/mfcc/raw_mfcc_train.2.ark:1378345
MDWD0_SI1890 /home/gaochuanp/kaldi/egs/timit/s5/mfcc/raw_mfcc_train.5.ark:810998
MJWG0_SI2155 /home/gaochuanp/kaldi/egs/timit/s5/mfcc/raw_mfcc_train.7.ark:181156
MJDC0_SX81 /home/gaochuanp/kaldi/egs/timit/s5/mfcc/raw_mfcc_train.6.ark:723406
MHMG0_SX15 /home/gaochuanp/kaldi/egs/timit/s5/mfcc/raw_mfcc_train.6.ark:395776
MJDG0_SI1042 /home/gaochuanp/kaldi/egs/timit/s5/mfcc/raw_mfcc_train.6.ark:769321
MDBB1_SX376 /home/gaochuanp/kaldi/egs/timit/s5/mfcc/raw_mfcc_train.4.ark:1305590
MBSB0_SX3 /home/gaochuanp/kaldi/egs/timit/s5/mfcc/raw_mfcc_train.4.ark:614826
MJDM0_SX350 /home/gaochuanp/kaldi/egs/timit/s5/mfcc/raw_mfcc_train.6.ark:822182
MBCG0_SI2217 /home/gaochuanp/kaldi/egs/timit/s5/mfcc/raw_mfcc_train.4.ark:353984
FDAS1_SX381 /home/gaochuanp/kaldi/egs/timit/s5/mfcc/raw_mfcc_train.1.ark:814396
FDXW0_SX71 /home/gaochuanp/kaldi/egs/timit/s5/mfcc/raw_mfcc_train.1.ark:1118061
MREE0_SI1734 /home/gaochuanp/kaldi/egs/timit/s5/mfcc/raw_mfcc_train.8.ark:1287769
FDJH0_SX305 /home/gaochuanp/kaldi/egs/timit/s5/mfcc/raw_mfcc_train.1.ark:900018
FKSR0_SI487 /home/gaochuanp/kaldi/egs/timit/s5/mfcc/raw_mfcc_train.2.ark:743898
MADD0_SX448 /home/gaochuanp/kaldi/egs/timit/s5/mfcc/raw_mfcc_train.4.ark:12
MKLS0_SX267 /home/gaochuanp/kaldi/egs/timit/s5/mfcc/raw_mfcc_train.7.ark:724339
FALR0_SX65 /home/gaochuanp/kaldi/egs/timit/s5/mfcc/raw_mfcc_train.1.ark:128603
MILB0_SI2163 /home/gaochuanp/kaldi/egs/timit/s5/mfcc/raw_mfcc_train.6.ark:506696
MTJU0_SX40 /home/gaochuanp/kaldi/egs/timit/s5/mfcc/raw_mfcc_train.10.ark:471779
FLMA0_SX433 /home/gaochuanp/kaldi/egs/timit/s5/mfcc/raw_mfcc_train.2.ark:1092976
MHJB0_SI1647 /home/gaochuanp/kaldi/egs/timit/s5/mfcc/raw_mfcc_train.6.ark:356477
MFWK0_SX349 /home/gaochuanp/kaldi/egs/timit/s5/mfcc/raw_mfcc_train.5.ark:1289614
MDKS0_SI2326 /home/gaochuanp/kaldi/egs/timit/s5/mfcc/raw_mfcc_train.5.ark:167377
FSKC0_SI2046 /home/gaochuanp/kaldi/egs/timit/s5/mfcc/raw_mfcc_train.3.ark:862527
MWAC0_SX341 /home/gaochuanp/kaldi/egs/timit/s5/mfcc/raw_mfcc_train.10.ark:1155328
MTCS0_SX442 /home/gaochuanp/kaldi/egs/timit/s5/mfcc/raw_mfcc_train.10.ark:232480
MRDM0_SX245 /home/gaochuanp/kaldi/egs/timit/s5/mfcc/raw_mfcc_train.8.ark:1238159
MDLM0_SX154 /home/gaochuanp/kaldi/egs/timit/s5/mfcc/raw_mfcc_train.5.ark:375388
MJPG0_SX291 /home/gaochuanp/kaldi/egs/timit/s5/mfcc/raw_mfcc_train.6.ark:1368457
FSKP0_SX378 /home/gaochuanp/kaldi/egs/timit/s5/mfcc/raw_mfcc_train.3.ark:947650
FTLG0_SI483 /home/gaochuanp/kaldi/egs/timit/s5/mfcc/raw_mfcc_train.3.ark:1283324
MHIT0_SX173 /home/gaochuanp/kaldi/egs/timit/s5/mfcc/raw_mfcc_train.6.ark:333944
MWRE0_SX337 /home/gaochuanp/kaldi/egs/timit/s5/mfcc/raw_mfcc_train.10.ark:1369894
FCRZ0_SX163 /home/gaochuanp/kaldi/egs/timit/s5/mfcc/raw_mfcc_train.1.ark:731874
MNTW0_SX168 /home/gaochuanp/kaldi/egs/timit/s5/mfcc/raw_mfcc_train.8.ark:473908
MGJC0_SI1965 /home/gaochuanp/kaldi/egs/timit/s5/mfcc/raw_mfcc_train.6.ark:90769
FLTM0_SI1700 /home/gaochuanp/kaldi/egs/timit/s5/mfcc/raw_mfcc_train.2.ark:1197106
FLJA0_SX448 /home/gaochuanp/kaldi/egs/timit/s5/mfcc/raw_mfcc_train.2.ark:956106
MWAC0_SI1601 /home/gaochuanp/kaldi/egs/timit/s5/mfcc/raw_mfcc_train.10.ark:1129396
MHXL0_SI512 /home/gaochuanp/kaldi/egs/timit/s5/mfcc/raw_mfcc_train.6.ark:477163
MRXB0_SI955 /home/gaochuanp/kaldi/egs/timit/s5/mfcc/raw_mfcc_train.9.ark:919057
MDJM0_SX375 /home/gaochuanp/kaldi/egs/timit/s5/mfcc/raw_mfcc_train.5.ark:158097
FLOD0_SX117 /home/gaochuanp/kaldi/egs/timit/s5/mfcc/raw_mfcc_train.2.ark:1177029
MSAS0_SX206 /home/gaochuanp/kaldi/egs/timit/s5/mfcc/raw_mfcc_train.9.ark:990647
FVFB0_SI1510 /home/gaochuanp/kaldi/egs/timit/s5/mfcc/raw_mfcc_train.3.ark:1346657
FGRW0_SX162 /home/gaochuanp/kaldi/egs/timit/s5/mfcc/raw_mfcc_train.1.ark:1484925
MDLC0_SX315 /home/gaochuanp/kaldi/egs/timit/s5/mfcc/raw_mfcc_train.5.ark:256679
MNTW0_SI2328 /home/gaochuanp/kaldi/egs/timit/s5/mfcc/raw_mfcc_train.8.ark:471522
MSVS0_SX398 /home/gaochuanp/kaldi/egs/timit/s5/mfcc/raw_mfcc_train.10.ark:38106
FSCN0_SX176 /home/gaochuanp/kaldi/egs/timit/s5/mfcc/raw_mfcc_train.3.ark:602344
FCAG0_SX423 /home/gaochuanp/kaldi/egs/timit/s5/mfcc/raw_mfcc_train.1.ark:431921
MKAJ0_SX154 /home/gaochuanp/kaldi/egs/timit/s5/mfcc/raw_mfcc_train.7.ark:432943
MJLG1_SI1642 /home/gaochuanp/kaldi/egs/timit/s5/mfcc/raw_mfcc_train.6.ark:1197810
FKDE0_SI1141 /home/gaochuanp/kaldi/egs/timit/s5/mfcc/raw_mfcc_train.2.ark:496222
FPLS0_SI1590 /home/gaochuanp/kaldi/egs/timit/s5/mfcc/raw_mfcc_train.3.ark:288615
FLEH0_SX421 /home/gaochuanp/kaldi/egs/timit/s5/mfcc/raw_mfcc_train.2.ark:859460
MBOM0_SX384 /home/gaochuanp/kaldi/egs/timit/s5/mfcc/raw_mfcc_train.4.ark:595414
MTLB0_SX234 /home/gaochuanp/kaldi/egs/timit/s5/mfcc/raw_mfcc_train.10.ark:564068
MDWM0_SI2176 /home/gaochuanp/kaldi/egs/timit/s5/mfcc/raw_mfcc_train.5.ark:877308
FCJF0_SX397 /home/gaochuanp/kaldi/egs/timit/s5/mfcc/raw_mfcc_train.1.ark:559464
MRXB0_SX415 /home/gaochuanp/kaldi/egs/timit/s5/mfcc/raw_mfcc_train.9.ark:935296
MRGS0_SX276 /home/gaochuanp/kaldi/egs/timit/s5/mfcc/raw_mfcc_train.9.ark:28772
MMDM1_SI1650 /home/gaochuanp/kaldi/egs/timit/s5/mfcc/raw_mfcc_train.7.ark:1413053
MCSS0_SI750 /home/gaochuanp/kaldi/egs/timit/s5/mfcc/raw_mfcc_train.4.ark:1099283
MHXL0_SI1772 /home/gaochuanp/kaldi/egs/timit/s5/mfcc/raw_mfcc_train.6.ark:473347
MJAI0_SI1604 /home/gaochuanp/kaldi/egs/timit/s5/mfcc/raw_mfcc_train.6.ark:603156
MRLK0_SI843 /home/gaochuanp/kaldi/egs/timit/s5/mfcc/raw_mfcc_train.9.ark:391407
MMEA0_SX128 /home/gaochuanp/kaldi/egs/timit/s5/mfcc/raw_mfcc_train.7.ark:1483519
FDMY0_SI714 /home/gaochuanp/kaldi/egs/timit/s5/mfcc/raw_mfcc_train.1.ark:989154
FLHD0_SX174 /home/gaochuanp/kaldi/egs/timit/s5/mfcc/raw_mfcc_train.2.ark:909162
MWRP0_SI2073 /home/gaochuanp/kaldi/egs/timit/s5/mfcc/raw_mfcc_train.10.ark:1391914
MRMB0_SI1581 /home/gaochuanp/kaldi/egs/timit/s5/mfcc/raw_mfcc_train.9.ark:442986
MTJG0_SX170 /home/gaochuanp/kaldi/egs/timit/s5/mfcc/raw_mfcc_train.10.ark:355979
MMPM0_SI1061 /home/gaochuanp/kaldi/egs/timit/s5/mfcc/raw_mfcc_train.8.ark:158892
MMAG0_SX316 /home/gaochuanp/kaldi/egs/timit/s5/mfcc/raw_mfcc_train.7.ark:1167595
FEAR0_SX82 /home/gaochuanp/kaldi/egs/timit/s5/mfcc/raw_mfcc_train.1.ark:1183526
MDSJ0_SX112 /home/gaochuanp/kaldi/egs/timit/s5/mfcc/raw_mfcc_train.5.ark:701479
FSJS0_SX361 /home/gaochuanp/kaldi/egs/timit/s5/mfcc/raw_mfcc_train.3.ark:811442
MHBS0_SX45 /home/gaochuanp/kaldi/egs/timit/s5/mfcc/raw_mfcc_train.6.ark:317703
MLNS0_SI2037 /home/gaochuanp/kaldi/egs/timit/s5/mfcc/raw_mfcc_train.7.ark:1013965
FDXW0_SI881 /home/gaochuanp/kaldi/egs/timit/s5/mfcc/raw_mfcc_train.1.ark:1097305
MDDC0_SI1419 /home/gaochuanp/kaldi/egs/timit/s5/mfcc/raw_mfcc_train.4.ark:1408183
FKLH0_SI627 /home/gaochuanp/kaldi/egs/timit/s5/mfcc/raw_mfcc_train.2.ark:712927
FVKB0_SX79 /home/gaochuanp/kaldi/egs/timit/s5/mfcc/raw_mfcc_train.3.ark:1401330
FSJS0_SI1801 /home/gaochuanp/kaldi/egs/timit/s5/mfcc/raw_mfcc_train.3.ark:792304
FVKB0_SI1789 /home/gaochuanp/kaldi/egs/timit/s5/mfcc/raw_mfcc_train.3.ark:1375029
MRFK0_SX446 /home/gaochuanp/kaldi/egs/timit/s5/mfcc/raw_mfcc_train.8.ark:1436870
MVRW0_SI855 /home/gaochuanp/kaldi/egs/timit/s5/mfcc/raw_mfcc_train.10.ark:1109971
MCEW0_SX452 /home/gaochuanp/kaldi/egs/timit/s5/mfcc/raw_mfcc_train.4.ark:921129
MDKS0_SI1696 /home/gaochuanp/kaldi/egs/timit/s5/mfcc/raw_mfcc_train.5.ark:164444
FLHD0_SI1827 /home/gaochuanp/kaldi/egs/timit/s5/mfcc/raw_mfcc_train.2.ark:902699
FGMB0_SX335 /home/gaochuanp/kaldi/egs/timit/s5/mfcc/raw_mfcc_train.1.ark:1456450
MJDE0_SI463 /home/gaochuanp/kaldi/egs/timit/s5/mfcc/raw_mfcc_train.6.ark:734302
MDMT0_SX302 /home/gaochuanp/kaldi/egs/timit/s5/mfcc/raw_mfcc_train.5.ark:516135
MDTB0_SX210 /home/gaochuanp/kaldi/egs/timit/s5/mfcc/raw_mfcc_train.5.ark:791643
FMMH0_SX187 /home/gaochuanp/kaldi/egs/timit/s5/mfcc/raw_mfcc_train.2.ark:1510697
MMAR0_SX256 /home/gaochuanp/kaldi/egs/timit/s5/mfcc/raw_mfcc_train.7.ark:1229817
MRJB1_SX300 /home/gaochuanp/kaldi/egs/timit/s5/mfcc/raw_mfcc_train.9.ark:106300
FBLV0_SX158 /home/gaochuanp/kaldi/egs/timit/s5/mfcc/raw_mfcc_train.1.ark:323517
MREE0_SI1104 /home/gaochuanp/kaldi/egs/timit/s5/mfcc/raw_mfcc_train.8.ark:1281703
MRFL0_SX76 /home/gaochuanp/kaldi/egs/timit/s5/mfcc/raw_mfcc_train.8.ark:1475361
MSAH1_SX149 /home/gaochuanp/kaldi/egs/timit/s5/mfcc/raw_mfcc_train.9.ark:951596
MARC0_SX378 /home/gaochuanp/kaldi/egs/timit/s5/mfcc/raw_mfcc_train.4.ark:254393
MWGR0_SI976 /home/gaochuanp/kaldi/egs/timit/s5/mfcc/raw_mfcc_train.10.ark:1325511
FCMM0_SI453 /home/gaochuanp/kaldi/egs/timit/s5/mfcc/raw_mfcc_train.1.ark:697841
FEXM0_SI1101 /home/gaochuanp/kaldi/egs/timit/s5/mfcc/raw_mfcc_train.1.ark:1326515
FCJF0_SI1027 /home/gaochuanp/kaldi/egs/timit/s5/mfcc/raw_mfcc_train.1.ark:537185
MSFH0_SX136 /home/gaochuanp/kaldi/egs/timit/s5/mfcc/raw_mfcc_train.9.ark:1245406
MBEF0_SX21 /home/gaochuanp/kaldi/egs/timit/s5/mfcc/raw_mfcc_train.4.ark:402929
MGES0_SI1481 /home/gaochuanp/kaldi/egs/timit/s5/mfcc/raw_mfcc_train.6.ark:55323
FBCG1_SI2242 /home/gaochuanp/kaldi/egs/timit/s5/mfcc/raw_mfcc_train.1.ark:209179
MTDP0_SI1521 /home/gaochuanp/kaldi/egs/timit/s5/mfcc/raw_mfcc_train.10.ark:276057
MWRP0_SI1443 /home/gaochuanp/kaldi/egs/timit/s5/mfcc/raw_mfcc_train.10.ark:1382928
MDLH0_SX250 /home/gaochuanp/kaldi/egs/timit/s5/mfcc/raw_mfcc_train.5.ark:346556
MBGT0_SI1341 /home/gaochuanp/kaldi/egs/timit/s5/mfcc/raw_mfcc_train.4.ark:410660
MJPM1_SX131 /home/gaochuanp/kaldi/egs/timit/s5/mfcc/raw_mfcc_train.6.ark:1417782
MJAC0_SI2148 /home/gaochuanp/kaldi/egs/timit/s5/mfcc/raw_mfcc_train.6.ark:540259
MSES0_SX419 /home/gaochuanp/kaldi/egs/timit/s5/mfcc/raw_mfcc_train.9.ark:1223478
MRSO0_SX39 /home/gaochuanp/kaldi/egs/timit/s5/mfcc/raw_mfcc_train.9.ark:703158
FPAC0_SI1921 /home/gaochuanp/kaldi/egs/timit/s5/mfcc/raw_mfcc_train.3.ark:119459
FNTB0_SX123 /home/gaochuanp/kaldi/egs/timit/s5/mfcc/raw_mfcc_train.3.ark:64858
MRLK0_SX33 /home/gaochuanp/kaldi/egs/timit/s5/mfcc/raw_mfcc_train.9.ark:405916
MRFL0_SX346 /home/gaochuanp/kaldi/egs/timit/s5/mfcc/raw_mfcc_train.8.ark:1467275
MMJB1_SI2038 /home/gaochuanp/kaldi/egs/timit/s5/mfcc/raw_mfcc_train.8.ark:101638
FGDP0_SI988 /home/gaochuanp/kaldi/egs/timit/s5/mfcc/raw_mfcc_train.1.ark:1402058
MDBB1_SI1006 /home/gaochuanp/kaldi/egs/timit/s5/mfcc/raw_mfcc_train.4.ark:1279423
MWRE0_SX67 /home/gaochuanp/kaldi/egs/timit/s5/mfcc/raw_mfcc_train.10.ark:1376953
MSDB0_SI1007 /home/gaochuanp/kaldi/egs/timit/s5/mfcc/raw_mfcc_train.9.ark:1063070
MDSJ0_SX292 /home/gaochuanp/kaldi/egs/timit/s5/mfcc/raw_mfcc_train.5.ark:708343
MPGH0_SX294 /home/gaochuanp/kaldi/egs/timit/s5/mfcc/raw_mfcc_train.8.ark:606313
MPAR0_SI946 /home/gaochuanp/kaldi/egs/timit/s5/mfcc/raw_mfcc_train.8.ark:499867
FKLH0_SX87 /home/gaochuanp/kaldi/egs/timit/s5/mfcc/raw_mfcc_train.2.ark:732409
MBBR0_SI1685 /home/gaochuanp/kaldi/egs/timit/s5/mfcc/raw_mfcc_train.4.ark:329494
MAKB0_SX26 /home/gaochuanp/kaldi/egs/timit/s5/mfcc/raw_mfcc_train.4.ark:162025
FLMK0_SX405 /home/gaochuanp/kaldi/egs/timit/s5/mfcc/raw_mfcc_train.2.ark:1157415
MSEM1_SX90 /home/gaochuanp/kaldi/egs/timit/s5/mfcc/raw_mfcc_train.9.ark:1196659
MARC0_SX288 /home/gaochuanp/kaldi/egs/timit/s5/mfcc/raw_mfcc_train.4.ark:250551
MJEE0_SI1867 /home/gaochuanp/kaldi/egs/timit/s5/mfcc/raw_mfcc_train.6.ark:906981
MCLK0_SX310 /home/gaochuanp/kaldi/egs/timit/s5/mfcc/raw_mfcc_train.4.ark:987017
FSBK0_SI1699 /home/gaochuanp/kaldi/egs/timit/s5/mfcc/raw_mfcc_train.3.ark:556669
FBLV0_SI1058 /home/gaochuanp/kaldi/egs/timit/s5/mfcc/raw_mfcc_train.1.ark:307452
MRCG0_SX438 /home/gaochuanp/kaldi/egs/timit/s5/mfcc/raw_mfcc_train.8.ark:1150485
MTJG0_SI2157 /home/gaochuanp/kaldi/egs/timit/s5/mfcc/raw_mfcc_train.10.ark:349140
MDSS1_SX67 /home/gaochuanp/kaldi/egs/timit/s5/mfcc/raw_mfcc_train.5.ark:773510
MGAF0_SX22 /home/gaochuanp/kaldi/egs/timit/s5/mfcc/raw_mfcc_train.5.ark:1383932
MDLR1_SX399 /home/gaochuanp/kaldi/egs/timit/s5/mfcc/raw_mfcc_train.5.ark:455882
MJXA0_SX337 /home/gaochuanp/kaldi/egs/timit/s5/mfcc/raw_mfcc_train.7.ark:309607
FJKL0_SI2192 /home/gaochuanp/kaldi/egs/timit/s5/mfcc/raw_mfcc_train.2.ark:130718
MSAH1_SI1679 /home/gaochuanp/kaldi/egs/timit/s5/mfcc/raw_mfcc_train.9.ark:946238
MJJM0_SI1457 /home/gaochuanp/kaldi/egs/timit/s5/mfcc/raw_mfcc_train.6.ark:1104689
MKLR0_SX339 /home/gaochuanp/kaldi/egs/timit/s5/mfcc/raw_mfcc_train.7.ark:695506
MFER0_SI2122 /home/gaochuanp/kaldi/egs/timit/s5/mfcc/raw_mfcc_train.5.ark:1181956
MEAL0_SI917 /home/gaochuanp/kaldi/egs/timit/s5/mfcc/raw_mfcc_train.5.ark:912121
MDSS0_SI621 /home/gaochuanp/kaldi/egs/timit/s5/mfcc/raw_mfcc_train.5.ark:727724
MDLC1_SX445 /home/gaochuanp/kaldi/egs/timit/s5/mfcc/raw_mfcc_train.5.ark:294223
MEJS0_SX160 /home/gaochuanp/kaldi/egs/timit/s5/mfcc/raw_mfcc_train.5.ark:1071920
MRMS0_SI2100 /home/gaochuanp/kaldi/egs/timit/s5/mfcc/raw_mfcc_train.9.ark:587779
MMCC0_SX348 /home/gaochuanp/kaldi/egs/timit/s5/mfcc/raw_mfcc_train.7.ark:1304402
FMJB0_SI1177 /home/gaochuanp/kaldi/egs/timit/s5/mfcc/raw_mfcc_train.2.ark:1328016
MJPM0_SX378 /home/gaochuanp/kaldi/egs/timit/s5/mfcc/raw_mfcc_train.6.ark:1403881
MRCG0_SI1428 /home/gaochuanp/kaldi/egs/timit/s5/mfcc/raw_mfcc_train.8.ark:1121803
FLHD0_SI1344 /home/gaochuanp/kaldi/egs/timit/s5/mfcc/raw_mfcc_train.2.ark:899129
MMEA0_SX38 /home/gaochuanp/kaldi/egs/timit/s5/mfcc/raw_mfcc_train.7.ark:1492951
FECD0_SI1418 /home/gaochuanp/kaldi/egs/timit/s5/mfcc/raw_mfcc_train.1.ark:1187447
MRDS0_SI1797 /home/gaochuanp/kaldi/egs/timit/s5/mfcc/raw_mfcc_train.8.ark:1255368
FSAG0_SI1323 /home/gaochuanp/kaldi/egs/timit/s5/mfcc/raw_mfcc_train.3.ark:446575
FECD0_SX338 /home/gaochuanp/kaldi/egs/timit/s5/mfcc/raw_mfcc_train.1.ark:1212638
MGAF0_SI652 /home/gaochuanp/kaldi/egs/timit/s5/mfcc/raw_mfcc_train.5.ark:1375917
MPSW0_SX167 /home/gaochuanp/kaldi/egs/timit/s5/mfcc/raw_mfcc_train.8.ark:912346
MBTH0_SX212 /home/gaochuanp/kaldi/egs/timit/s5/mfcc/raw_mfcc_train.4.ark:640446
MJXL0_SI1795 /home/gaochuanp/kaldi/egs/timit/s5/mfcc/raw_mfcc_train.7.ark:326601
FEEH0_SX392 /home/gaochuanp/kaldi/egs/timit/s5/mfcc/raw_mfcc_train.1.ark:1254971
FSMS1_SX64 /home/gaochuanp/kaldi/egs/timit/s5/mfcc/raw_mfcc_train.3.ark:1082117
MRFK0_SX266 /home/gaochuanp/kaldi/egs/timit/s5/mfcc/raw_mfcc_train.8.ark:1430135
MSMS0_SI803 /home/gaochuanp/kaldi/egs/timit/s5/mfcc/raw_mfcc_train.9.ark:1413916
MSAS0_SI1376 /home/gaochuanp/kaldi/egs/timit/s5/mfcc/raw_mfcc_train.9.ark:969493
FJHK0_SX32 /home/gaochuanp/kaldi/egs/timit/s5/mfcc/raw_mfcc_train.2.ark:121673
MWSH0_SX346 /home/gaochuanp/kaldi/egs/timit/s5/mfcc/raw_mfcc_train.10.ark:1468433
FAPB0_SX253 /home/gaochuanp/kaldi/egs/timit/s5/mfcc/raw_mfcc_train.1.ark:152587
MRXB0_SX55 /home/gaochuanp/kaldi/egs/timit/s5/mfcc/raw_mfcc_train.9.ark:938877
MJHI0_SI1328 /home/gaochuanp/kaldi/egs/timit/s5/mfcc/raw_mfcc_train.6.ark:996233
FKDE0_SX151 /home/gaochuanp/kaldi/egs/timit/s5/mfcc/raw_mfcc_train.2.ark:511286
FMJF0_SX174 /home/gaochuanp/kaldi/egs/timit/s5/mfcc/raw_mfcc_train.2.ark:1372579
FPAZ0_SI1593 /home/gaochuanp/kaldi/egs/timit/s5/mfcc/raw_mfcc_train.3.ark:223332
MSMC0_SI509 /home/gaochuanp/kaldi/egs/timit/s5/mfcc/raw_mfcc_train.9.ark:1343426
FSJK1_SI696 /home/gaochuanp/kaldi/egs/timit/s5/mfcc/raw_mfcc_train.3.ark:767411
FJLR0_SI601 /home/gaochuanp/kaldi/egs/timit/s5/mfcc/raw_mfcc_train.2.ark:199922
FSKC0_SX156 /home/gaochuanp/kaldi/egs/timit/s5/mfcc/raw_mfcc_train.3.ark:869340
MJPM1_SI1897 /home/gaochuanp/kaldi/egs/timit/s5/mfcc/raw_mfcc_train.6.ark:1407984
MBML0_SX89 /home/gaochuanp/kaldi/egs/timit/s5/mfcc/raw_mfcc_train.4.ark:566586
MTAT0_SX390 /home/gaochuanp/kaldi/egs/timit/s5/mfcc/raw_mfcc_train.10.ark:135959
MBTH0_SI2102 /home/gaochuanp/kaldi/egs/timit/s5/mfcc/raw_mfcc_train.4.ark:622075
FKDW0_SX397 /home/gaochuanp/kaldi/egs/timit/s5/mfcc/raw_mfcc_train.2.ark:560302
MGRL0_SI2127 /home/gaochuanp/kaldi/egs/timit/s5/mfcc/raw_mfcc_train.6.ark:122084
MTJS0_SX202 /home/gaochuanp/kaldi/egs/timit/s5/mfcc/raw_mfcc_train.10.ark:432293
MCTH0_SX219 /home/gaochuanp/kaldi/egs/timit/s5/mfcc/raw_mfcc_train.4.ark:1136859
MCTH0_SX399 /home/gaochuanp/kaldi/egs/timit/s5/mfcc/raw_mfcc_train.4.ark:1149255
FKSR0_SX37 /home/gaochuanp/kaldi/egs/timit/s5/mfcc/raw_mfcc_train.2.ark:760955
MREH1_SI969 /home/gaochuanp/kaldi/egs/timit/s5/mfcc/raw_mfcc_train.8.ark:1323623
MCEW0_SI812 /home/gaochuanp/kaldi/egs/timit/s5/mfcc/raw_mfcc_train.4.ark:900028
MDBB1_SI1636 /home/gaochuanp/kaldi/egs/timit/s5/mfcc/raw_mfcc_train.4.ark:1284514
MMDM0_SX231 /home/gaochuanp/kaldi/egs/timit/s5/mfcc/raw_mfcc_train.7.ark:1397646
MSMS0_SI1433 /home/gaochuanp/kaldi/egs/timit/s5/mfcc/raw_mfcc_train.9.ark:1404918
FMJU0_SX309 /home/gaochuanp/kaldi/egs/timit/s5/mfcc/raw_mfcc_train.2.ark:1417279
MZMB0_SI1166 /home/gaochuanp/kaldi/egs/timit/s5/mfcc/raw_mfcc_train.10.ark:1481727
FSRH0_SI1719 /home/gaochuanp/kaldi/egs/timit/s5/mfcc/raw_mfcc_train.3.ark:1121325
FBMJ0_SX156 /home/gaochuanp/kaldi/egs/timit/s5/mfcc/raw_mfcc_train.1.ark:388500
MTPG0_SX123 /home/gaochuanp/kaldi/egs/timit/s5/mfcc/raw_mfcc_train.10.ark:755894
FCMM0_SX93 /home/gaochuanp/kaldi/egs/timit/s5/mfcc/raw_mfcc_train.1.ark:716595
MTBC0_SI1803 /home/gaochuanp/kaldi/egs/timit/s5/mfcc/raw_mfcc_train.10.ark:178802
MVLO0_SX427 /home/gaochuanp/kaldi/egs/timit/s5/mfcc/raw_mfcc_train.10.ark:1094901
FBCG1_SX352 /home/gaochuanp/kaldi/egs/timit/s5/mfcc/raw_mfcc_train.1.ark:225067
MCRE0_SX221 /home/gaochuanp/kaldi/egs/timit/s5/mfcc/raw_mfcc_train.4.ark:1071071
