MBCG0_SX237 /home/gaochuanp/kaldi/egs/timit/s5/mfcc/raw_mfcc_train.4.ark:369079
FSDJ0_SX305 /home/gaochuanp/kaldi/egs/timit/s5/mfcc/raw_mfcc_train.3.ark:674610
FKAA0_SI578 /home/gaochuanp/kaldi/egs/timit/s5/mfcc/raw_mfcc_train.2.ark:468685
FMEM0_SI2007 /home/gaochuanp/kaldi/egs/timit/s5/mfcc/raw_mfcc_train.2.ark:1296675
MBML0_SX449 /home/gaochuanp/kaldi/egs/timit/s5/mfcc/raw_mfcc_train.4.ark:562394
FDML0_SI2075 /home/gaochuanp/kaldi/egs/timit/s5/mfcc/raw_mfcc_train.1.ark:956169
FJHK0_SX392 /home/gaochuanp/kaldi/egs/timit/s5/mfcc/raw_mfcc_train.2.ark:125125
FDTD0_SX121 /home/gaochuanp/kaldi/egs/timit/s5/mfcc/raw_mfcc_train.1.ark:1069668
MDBP0_SI1788 /home/gaochuanp/kaldi/egs/timit/s5/mfcc/raw_mfcc_train.4.ark:1311885
MWRP0_SX3 /home/gaochuanp/kaldi/egs/timit/s5/mfcc/raw_mfcc_train.10.ark:1404478
FNTB0_SI1203 /home/gaochuanp/kaldi/egs/timit/s5/mfcc/raw_mfcc_train.3.ark:51525
FSKL0_SI2159 /home/gaochuanp/kaldi/egs/timit/s5/mfcc/raw_mfcc_train.3.ark:892523
MDKS0_SX436 /home/gaochuanp/kaldi/egs/timit/s5/mfcc/raw_mfcc_train.5.ark:186801
FSGF0_SX117 /home/gaochuanp/kaldi/egs/timit/s5/mfcc/raw_mfcc_train.3.ark:700432
MDLC1_SX355 /home/gaochuanp/kaldi/egs/timit/s5/mfcc/raw_mfcc_train.5.ark:291018
MTJG0_SX350 /home/gaochuanp/kaldi/egs/timit/s5/mfcc/raw_mfcc_train.10.ark:365639
MJHI0_SX158 /home/gaochuanp/kaldi/egs/timit/s5/mfcc/raw_mfcc_train.6.ark:1010307
MDLC0_SX315 /home/gaochuanp/kaldi/egs/timit/s5/mfcc/raw_mfcc_train.5.ark:256679
MSMR0_SI1150 /home/gaochuanp/kaldi/egs/timit/s5/mfcc/raw_mfcc_train.9.ark:1372959
MPAR0_SX316 /home/gaochuanp/kaldi/egs/timit/s5/mfcc/raw_mfcc_train.8.ark:510990
FJHK0_SI1652 /home/gaochuanp/kaldi/egs/timit/s5/mfcc/raw_mfcc_train.2.ark:100331
FPAD0_SI716 /home/gaochuanp/kaldi/egs/timit/s5/mfcc/raw_mfcc_train.3.ark:162379
MJPM0_SI738 /home/gaochuanp/kaldi/egs/timit/s5/mfcc/raw_mfcc_train.6.ark:1384789
FETB0_SX158 /home/gaochuanp/kaldi/egs/timit/s5/mfcc/raw_mfcc_train.1.ark:1307526
MCSS0_SX390 /home/gaochuanp/kaldi/egs/timit/s5/mfcc/raw_mfcc_train.4.ark:1116906
MJRA0_SI1866 /home/gaochuanp/kaldi/egs/timit/s5/mfcc/raw_mfcc_train.6.ark:1443877
MNTW0_SX78 /home/gaochuanp/kaldi/egs/timit/s5/mfcc/raw_mfcc_train.8.ark:489288
MWRE0_SX337 /home/gaochuanp/kaldi/egs/timit/s5/mfcc/raw_mfcc_train.10.ark:1369894
MDSS0_SX261 /home/gaochuanp/kaldi/egs/timit/s5/mfcc/raw_mfcc_train.5.ark:735486
MTRT0_SI1227 /home/gaochuanp/kaldi/egs/timit/s5/mfcc/raw_mfcc_train.10.ark:942737
FSKC0_SI1416 /home/gaochuanp/kaldi/egs/timit/s5/mfcc/raw_mfcc_train.3.ark:858983
MJWG0_SX85 /home/gaochuanp/kaldi/egs/timit/s5/mfcc/raw_mfcc_train.7.ark:215394
FKSR0_SX217 /home/gaochuanp/kaldi/egs/timit/s5/mfcc/raw_mfcc_train.2.ark:752765
MDMT0_SX302 /home/gaochuanp/kaldi/egs/timit/s5/mfcc/raw_mfcc_train.5.ark:516135
MDPB0_SX326 /home/gaochuanp/kaldi/egs/timit/s5/mfcc/raw_mfcc_train.5.ark:583238
FKKH0_SI1920 /home/gaochuanp/kaldi/egs/timit/s5/mfcc/raw_mfcc_train.2.ark:608553
MKJO0_SI887 /home/gaochuanp/kaldi/egs/timit/s5/mfcc/raw_mfcc_train.7.ark:624312
MGES0_SX401 /home/gaochuanp/kaldi/egs/timit/s5/mfcc/raw_mfcc_train.6.ark:75282
MRAB0_SX54 /home/gaochuanp/kaldi/egs/timit/s5/mfcc/raw_mfcc_train.8.ark:957266
MRBC0_SI599 /home/gaochuanp/kaldi/egs/timit/s5/mfcc/raw_mfcc_train.8.ark:1097321
MCDR0_SX74 /home/gaochuanp/kaldi/egs/timit/s5/mfcc/raw_mfcc_train.4.ark:856060
MRFL0_SX436 /home/gaochuanp/kaldi/egs/timit/s5/mfcc/raw_mfcc_train.8.ark:1472300
MMWB0_SI1619 /home/gaochuanp/kaldi/egs/timit/s5/mfcc/raw_mfcc_train.8.ark:299118
FLJD0_SI2146 /home/gaochuanp/kaldi/egs/timit/s5/mfcc/raw_mfcc_train.2.ark:971208
FJXP0_SI1752 /home/gaochuanp/kaldi/egs/timit/s5/mfcc/raw_mfcc_train.2.ark:434314
MWAD0_SX162 /home/gaochuanp/kaldi/egs/timit/s5/mfcc/raw_mfcc_train.10.ark:1177992
MDPS0_SI1979 /home/gaochuanp/kaldi/egs/timit/s5/mfcc/raw_mfcc_train.5.ark:625470
MJDE0_SX310 /home/gaochuanp/kaldi/egs/timit/s5/mfcc/raw_mfcc_train.6.ark:754363
MHBS0_SI1575 /home/gaochuanp/kaldi/egs/timit/s5/mfcc/raw_mfcc_train.6.ark:291550
MEWM0_SI1978 /home/gaochuanp/kaldi/egs/timit/s5/mfcc/raw_mfcc_train.5.ark:1154534
MEJL0_SI962 /home/gaochuanp/kaldi/egs/timit/s5/mfcc/raw_mfcc_train.5.ark:1036665
FKAA0_SI1208 /home/gaochuanp/kaldi/egs/timit/s5/mfcc/raw_mfcc_train.2.ark:460636
FGRW0_SI1782 /home/gaochuanp/kaldi/egs/timit/s5/mfcc/raw_mfcc_train.1.ark:1476954
MJRP0_SI1845 /home/gaochuanp/kaldi/egs/timit/s5/mfcc/raw_mfcc_train.7.ark:113294
MJWS0_SX63 /home/gaochuanp/kaldi/egs/timit/s5/mfcc/raw_mfcc_train.7.ark:250057
MTMN0_SX254 /home/gaochuanp/kaldi/egs/timit/s5/mfcc/raw_mfcc_train.10.ark:667473
FJRP1_SX262 /home/gaochuanp/kaldi/egs/timit/s5/mfcc/raw_mfcc_train.2.ark:276269
MMWS1_SI2331 /home/gaochuanp/kaldi/egs/timit/s5/mfcc/raw_mfcc_train.8.ark:380237
MARW0_SI646 /home/gaochuanp/kaldi/egs/timit/s5/mfcc/raw_mfcc_train.4.ark:264634
MJPM0_SX108 /home/gaochuanp/kaldi/egs/timit/s5/mfcc/raw_mfcc_train.6.ark:1388527
FEXM0_SX201 /home/gaochuanp/kaldi/egs/timit/s5/mfcc/raw_mfcc_train.1.ark:1345173
MDPS0_SX449 /home/gaochuanp/kaldi/egs/timit/s5/mfcc/raw_mfcc_train.5.ark:644940
MSDB0_SX377 /home/gaochuanp/kaldi/egs/timit/s5/mfcc/raw_mfcc_train.9.ark:1083504
MRLJ1_SX321 /home/gaochuanp/kaldi/egs/timit/s5/mfcc/raw_mfcc_train.9.ark:368712
MAPV0_SX303 /home/gaochuanp/kaldi/egs/timit/s5/mfcc/raw_mfcc_train.4.ark:221810
FEME0_SX65 /home/gaochuanp/kaldi/egs/timit/s5/mfcc/raw_mfcc_train.1.ark:1291376
FLOD0_SI1917 /home/gaochuanp/kaldi/egs/timit/s5/mfcc/raw_mfcc_train.2.ark:1169709
MJJJ0_SI1163 /home/gaochuanp/kaldi/egs/timit/s5/mfcc/raw_mfcc_train.6.ark:1061568
MAKB0_SX206 /home/gaochuanp/kaldi/egs/timit/s5/mfcc/raw_mfcc_train.4.ark:158223
MJRK0_SI1662 /home/gaochuanp/kaldi/egs/timit/s5/mfcc/raw_mfcc_train.7.ark:81561
FAJW0_SX3 /home/gaochuanp/kaldi/egs/timit/s5/mfcc/raw_mfcc_train.1.ark:57265
MJFR0_SX345 /home/gaochuanp/kaldi/egs/timit/s5/mfcc/raw_mfcc_train.6.ark:981717
FKLH0_SX447 /home/gaochuanp/kaldi/egs/timit/s5/mfcc/raw_mfcc_train.2.ark:728763
MKJO0_SI1517 /home/gaochuanp/kaldi/egs/timit/s5/mfcc/raw_mfcc_train.7.ark:617303
MDNS0_SX291 /home/gaochuanp/kaldi/egs/timit/s5/mfcc/raw_mfcc_train.5.ark:553248
FJRB0_SI1302 /home/gaochuanp/kaldi/egs/timit/s5/mfcc/raw_mfcc_train.2.ark:224521
MRJH0_SX307 /home/gaochuanp/kaldi/egs/timit/s5/mfcc/raw_mfcc_train.9.ark:140696
MJMA0_SX415 /home/gaochuanp/kaldi/egs/timit/s5/mfcc/raw_mfcc_train.6.ark:1281316
MPSW0_SX77 /home/gaochuanp/kaldi/egs/timit/s5/mfcc/raw_mfcc_train.8.ark:925632
MRSO0_SX219 /home/gaochuanp/kaldi/egs/timit/s5/mfcc/raw_mfcc_train.9.ark:692771
MPMB0_SX61 /home/gaochuanp/kaldi/egs/timit/s5/mfcc/raw_mfcc_train.8.ark:721776
MRLJ0_SI2050 /home/gaochuanp/kaldi/egs/timit/s5/mfcc/raw_mfcc_train.9.ark:326506
MDLC2_SX444 /home/gaochuanp/kaldi/egs/timit/s5/mfcc/raw_mfcc_train.5.ark:320670
MRBC0_SX59 /home/gaochuanp/kaldi/egs/timit/s5/mfcc/raw_mfcc_train.8.ark:1119013
MRCG0_SX258 /home/gaochuanp/kaldi/egs/timit/s5/mfcc/raw_mfcc_train.8.ark:1140292
MEDR0_SX204 /home/gaochuanp/kaldi/egs/timit/s5/mfcc/raw_mfcc_train.5.ark:948606
FTLG0_SX393 /home/gaochuanp/kaldi/egs/timit/s5/mfcc/raw_mfcc_train.3.ark:1307974
MTXS0_SX430 /home/gaochuanp/kaldi/egs/timit/s5/mfcc/raw_mfcc_train.10.ark:1030125
FLMA0_SX73 /home/gaochuanp/kaldi/egs/timit/s5/mfcc/raw_mfcc_train.2.ark:1097376
MKAM0_SX416 /home/gaochuanp/kaldi/egs/timit/s5/mfcc/raw_mfcc_train.7.ark:476143
FAEM0_SX312 /home/gaochuanp/kaldi/egs/timit/s5/mfcc/raw_mfcc_train.1.ark:20537
MJDC0_SX261 /home/gaochuanp/kaldi/egs/timit/s5/mfcc/raw_mfcc_train.6.ark:713844
FCDR1_SI556 /home/gaochuanp/kaldi/egs/timit/s5/mfcc/raw_mfcc_train.1.ark:482135
MRAM0_SX105 /home/gaochuanp/kaldi/egs/timit/s5/mfcc/raw_mfcc_train.8.ark:1043133
MJRH1_SI1558 /home/gaochuanp/kaldi/egs/timit/s5/mfcc/raw_mfcc_train.7.ark:49550
FGCS0_SX46 /home/gaochuanp/kaldi/egs/timit/s5/mfcc/raw_mfcc_train.1.ark:1391700
MSMC0_SX287 /home/gaochuanp/kaldi/egs/timit/s5/mfcc/raw_mfcc_train.9.ark:1364845
MRSP0_SX79 /home/gaochuanp/kaldi/egs/timit/s5/mfcc/raw_mfcc_train.9.ark:742209
MJWS0_SX243 /home/gaochuanp/kaldi/egs/timit/s5/mfcc/raw_mfcc_train.7.ark:234866
MCLK0_SX130 /home/gaochuanp/kaldi/egs/timit/s5/mfcc/raw_mfcc_train.4.ark:979047
MJEB0_SX206 /home/gaochuanp/kaldi/egs/timit/s5/mfcc/raw_mfcc_train.6.ark:853601
MGAG0_SX421 /home/gaochuanp/kaldi/egs/timit/s5/mfcc/raw_mfcc_train.5.ark:1416834
MDLC2_SX354 /home/gaochuanp/kaldi/egs/timit/s5/mfcc/raw_mfcc_train.5.ark:317686
MKAM0_SI1316 /home/gaochuanp/kaldi/egs/timit/s5/mfcc/raw_mfcc_train.7.ark:454670
MTXS0_SX70 /home/gaochuanp/kaldi/egs/timit/s5/mfcc/raw_mfcc_train.10.ark:1037008
FTLG0_SX123 /home/gaochuanp/kaldi/egs/timit/s5/mfcc/raw_mfcc_train.3.ark:1293231
MRJM1_SI1298 /home/gaochuanp/kaldi/egs/timit/s5/mfcc/raw_mfcc_train.9.ark:186821
FBMH0_SI970 /home/gaochuanp/kaldi/egs/timit/s5/mfcc/raw_mfcc_train.1.ark:351582
FJRP1_SI802 /home/gaochuanp/kaldi/egs/timit/s5/mfcc/raw_mfcc_train.2.ark:267948
MZMB0_SI1166 /home/gaochuanp/kaldi/egs/timit/s5/mfcc/raw_mfcc_train.10.ark:1481727
FMJB0_SI1807 /home/gaochuanp/kaldi/egs/timit/s5/mfcc/raw_mfcc_train.2.ark:1334004
MBWP0_SX439 /home/gaochuanp/kaldi/egs/timit/s5/mfcc/raw_mfcc_train.4.ark:681493
MKRG0_SX231 /home/gaochuanp/kaldi/egs/timit/s5/mfcc/raw_mfcc_train.7.ark:826301
MJAI0_SI710 /home/gaochuanp/kaldi/egs/timit/s5/mfcc/raw_mfcc_train.6.ark:612686
MPRK0_SX287 /home/gaochuanp/kaldi/egs/timit/s5/mfcc/raw_mfcc_train.8.ark:863970
FNKL0_SI1522 /home/gaochuanp/kaldi/egs/timit/s5/mfcc/raw_mfcc_train.3.ark:19657
MDLC2_SX84 /home/gaochuanp/kaldi/egs/timit/s5/mfcc/raw_mfcc_train.5.ark:324199
FDXW0_SI1511 /home/gaochuanp/kaldi/egs/timit/s5/mfcc/raw_mfcc_train.1.ark:1092649
FPJF0_SX56 /home/gaochuanp/kaldi/egs/timit/s5/mfcc/raw_mfcc_train.3.ark:285123
FLMK0_SX225 /home/gaochuanp/kaldi/egs/timit/s5/mfcc/raw_mfcc_train.2.ark:1150654
MDWM0_SX433 /home/gaochuanp/kaldi/egs/timit/s5/mfcc/raw_mfcc_train.5.ark:901568
MDSJ0_SX112 /home/gaochuanp/kaldi/egs/timit/s5/mfcc/raw_mfcc_train.5.ark:701479
MREE0_SI1959 /home/gaochuanp/kaldi/egs/timit/s5/mfcc/raw_mfcc_train.8.ark:1292119
FPLS0_SI960 /home/gaochuanp/kaldi/egs/timit/s5/mfcc/raw_mfcc_train.3.ark:295754
FTMG0_SI902 /home/gaochuanp/kaldi/egs/timit/s5/mfcc/raw_mfcc_train.3.ark:1317084
MLJH0_SI1324 /home/gaochuanp/kaldi/egs/timit/s5/mfcc/raw_mfcc_train.7.ark:968647
MPPC0_SI2042 /home/gaochuanp/kaldi/egs/timit/s5/mfcc/raw_mfcc_train.8.ark:734740
MLEL0_SI1876 /home/gaochuanp/kaldi/egs/timit/s5/mfcc/raw_mfcc_train.7.ark:903710
MWRP0_SI1443 /home/gaochuanp/kaldi/egs/timit/s5/mfcc/raw_mfcc_train.10.ark:1382928
FBCH0_SX236 /home/gaochuanp/kaldi/egs/timit/s5/mfcc/raw_mfcc_train.1.ark:258084
FJXM0_SX221 /home/gaochuanp/kaldi/egs/timit/s5/mfcc/raw_mfcc_train.2.ark:409032
MKJO0_SX167 /home/gaochuanp/kaldi/egs/timit/s5/mfcc/raw_mfcc_train.7.ark:627868
MSRR0_SI1761 /home/gaochuanp/kaldi/egs/timit/s5/mfcc/raw_mfcc_train.9.ark:1470950
MPRB0_SX305 /home/gaochuanp/kaldi/egs/timit/s5/mfcc/raw_mfcc_train.8.ark:786045
MMDM1_SX153 /home/gaochuanp/kaldi/egs/timit/s5/mfcc/raw_mfcc_train.7.ark:1422019
MTPG0_SX303 /home/gaochuanp/kaldi/egs/timit/s5/mfcc/raw_mfcc_train.10.ark:762707
FMJF0_SI624 /home/gaochuanp/kaldi/egs/timit/s5/mfcc/raw_mfcc_train.2.ark:1366865
MTAS0_SX35 /home/gaochuanp/kaldi/egs/timit/s5/mfcc/raw_mfcc_train.10.ark:101328
FKDW0_SX37 /home/gaochuanp/kaldi/egs/timit/s5/mfcc/raw_mfcc_train.2.ark:556811
MREE0_SI1104 /home/gaochuanp/kaldi/egs/timit/s5/mfcc/raw_mfcc_train.8.ark:1281703
MLSH0_SX427 /home/gaochuanp/kaldi/egs/timit/s5/mfcc/raw_mfcc_train.7.ark:1066616
MKDD0_SI1567 /home/gaochuanp/kaldi/egs/timit/s5/mfcc/raw_mfcc_train.7.ark:515993
MRJM0_SX238 /home/gaochuanp/kaldi/egs/timit/s5/mfcc/raw_mfcc_train.9.ark:169126
FHLM0_SI1560 /home/gaochuanp/kaldi/egs/timit/s5/mfcc/raw_mfcc_train.1.ark:1507827
MRLD0_SX64 /home/gaochuanp/kaldi/egs/timit/s5/mfcc/raw_mfcc_train.9.ark:319392
MDLB0_SX46 /home/gaochuanp/kaldi/egs/timit/s5/mfcc/raw_mfcc_train.5.ark:230219
MHMG0_SX105 /home/gaochuanp/kaldi/egs/timit/s5/mfcc/raw_mfcc_train.6.ark:392728
FCJF0_SI1657 /home/gaochuanp/kaldi/egs/timit/s5/mfcc/raw_mfcc_train.1.ark:541314
FMJU0_SX39 /home/gaochuanp/kaldi/egs/timit/s5/mfcc/raw_mfcc_train.2.ark:1421770
MRDD0_SI2310 /home/gaochuanp/kaldi/egs/timit/s5/mfcc/raw_mfcc_train.8.ark:1199530
MCRE0_SX131 /home/gaochuanp/kaldi/egs/timit/s5/mfcc/raw_mfcc_train.4.ark:1067671
MRLJ1_SX51 /home/gaochuanp/kaldi/egs/timit/s5/mfcc/raw_mfcc_train.9.ark:376902
FALK0_SX366 /home/gaochuanp/kaldi/egs/timit/s5/mfcc/raw_mfcc_train.1.ark:89353
MCDD0_SI1513 /home/gaochuanp/kaldi/egs/timit/s5/mfcc/raw_mfcc_train.4.ark:794464
MDCM0_SX400 /home/gaochuanp/kaldi/egs/timit/s5/mfcc/raw_mfcc_train.4.ark:1404522
MHMR0_SX129 /home/gaochuanp/kaldi/egs/timit/s5/mfcc/raw_mfcc_train.6.ark:422802
MREM0_SI1591 /home/gaochuanp/kaldi/egs/timit/s5/mfcc/raw_mfcc_train.8.ark:1351927
MRWS0_SX382 /home/gaochuanp/kaldi/egs/timit/s5/mfcc/raw_mfcc_train.9.ark:906112
FMJU0_SX309 /home/gaochuanp/kaldi/egs/timit/s5/mfcc/raw_mfcc_train.2.ark:1417279
FJXM0_SI1971 /home/gaochuanp/kaldi/egs/timit/s5/mfcc/raw_mfcc_train.2.ark:398078
MLBC0_SI1239 /home/gaochuanp/kaldi/egs/timit/s5/mfcc/raw_mfcc_train.7.ark:868038
MMEB0_SI727 /home/gaochuanp/kaldi/egs/timit/s5/mfcc/raw_mfcc_train.7.ark:1508230
FJHK0_SX302 /home/gaochuanp/kaldi/egs/timit/s5/mfcc/raw_mfcc_train.2.ark:118365
MTLB0_SI1764 /home/gaochuanp/kaldi/egs/timit/s5/mfcc/raw_mfcc_train.10.ark:554661
MMAM0_SX427 /home/gaochuanp/kaldi/egs/timit/s5/mfcc/raw_mfcc_train.7.ark:1201512
MRWA0_SI2233 /home/gaochuanp/kaldi/egs/timit/s5/mfcc/raw_mfcc_train.9.ark:853728
MLBC0_SX249 /home/gaochuanp/kaldi/egs/timit/s5/mfcc/raw_mfcc_train.7.ark:885175
MFRM0_SX435 /home/gaochuanp/kaldi/egs/timit/s5/mfcc/raw_mfcc_train.5.ark:1264058
MVLO0_SI1147 /home/gaochuanp/kaldi/egs/timit/s5/mfcc/raw_mfcc_train.10.ark:1070158
MDSS1_SI1713 /home/gaochuanp/kaldi/egs/timit/s5/mfcc/raw_mfcc_train.5.ark:752864
MTJM0_SX56 /home/gaochuanp/kaldi/egs/timit/s5/mfcc/raw_mfcc_train.10.ark:406828
FDJH0_SX305 /home/gaochuanp/kaldi/egs/timit/s5/mfcc/raw_mfcc_train.1.ark:900018
MREW1_SX420 /home/gaochuanp/kaldi/egs/timit/s5/mfcc/raw_mfcc_train.8.ark:1405586
MJPG0_SX21 /home/gaochuanp/kaldi/egs/timit/s5/mfcc/raw_mfcc_train.6.ark:1365759
MRRE0_SX254 /home/gaochuanp/kaldi/egs/timit/s5/mfcc/raw_mfcc_train.9.ark:657028
FSMS1_SX347 /home/gaochuanp/kaldi/egs/timit/s5/mfcc/raw_mfcc_train.3.ark:1076833
FCDR1_SX106 /home/gaochuanp/kaldi/egs/timit/s5/mfcc/raw_mfcc_train.1.ark:488850
MKAM0_SI1465 /home/gaochuanp/kaldi/egs/timit/s5/mfcc/raw_mfcc_train.7.ark:458539
FAEM0_SX402 /home/gaochuanp/kaldi/egs/timit/s5/mfcc/raw_mfcc_train.1.ark:25549
MJEB1_SX117 /home/gaochuanp/kaldi/egs/timit/s5/mfcc/raw_mfcc_train.6.ark:885150
MCXM0_SX181 /home/gaochuanp/kaldi/egs/timit/s5/mfcc/raw_mfcc_train.4.ark:1196168
MDHL0_SI2069 /home/gaochuanp/kaldi/egs/timit/s5/mfcc/raw_mfcc_train.5.ark:73637
MJRP0_SI585 /home/gaochuanp/kaldi/egs/timit/s5/mfcc/raw_mfcc_train.7.ark:118878
MTQC0_SX451 /home/gaochuanp/kaldi/egs/timit/s5/mfcc/raw_mfcc_train.10.ark:871097
MWEM0_SX420 /home/gaochuanp/kaldi/egs/timit/s5/mfcc/raw_mfcc_train.10.ark:1307464
MRAI0_SI792 /home/gaochuanp/kaldi/egs/timit/s5/mfcc/raw_mfcc_train.8.ark:1002521
MDHL0_SX449 /home/gaochuanp/kaldi/egs/timit/s5/mfcc/raw_mfcc_train.5.ark:93029
MJPM1_SI761 /home/gaochuanp/kaldi/egs/timit/s5/mfcc/raw_mfcc_train.6.ark:1412536
MSAH1_SX239 /home/gaochuanp/kaldi/egs/timit/s5/mfcc/raw_mfcc_train.9.ark:955815
MGXP0_SI525 /home/gaochuanp/kaldi/egs/timit/s5/mfcc/raw_mfcc_train.6.ark:266407
MDLH0_SI700 /home/gaochuanp/kaldi/egs/timit/s5/mfcc/raw_mfcc_train.5.ark:335752
MTAS0_SI2015 /home/gaochuanp/kaldi/egs/timit/s5/mfcc/raw_mfcc_train.10.ark:86552
MRFL0_SX166 /home/gaochuanp/kaldi/egs/timit/s5/mfcc/raw_mfcc_train.8.ark:1457823
FPAZ0_SX27 /home/gaochuanp/kaldi/egs/timit/s5/mfcc/raw_mfcc_train.3.ark:246169
MGXP0_SX187 /home/gaochuanp/kaldi/egs/timit/s5/mfcc/raw_mfcc_train.6.ark:272511
MTPP0_SI2138 /home/gaochuanp/kaldi/egs/timit/s5/mfcc/raw_mfcc_train.10.ark:778115
MJRK0_SX340 /home/gaochuanp/kaldi/egs/timit/s5/mfcc/raw_mfcc_train.7.ark:100967
FJXP0_SX402 /home/gaochuanp/kaldi/egs/timit/s5/mfcc/raw_mfcc_train.2.ark:453719
MAJP0_SX264 /home/gaochuanp/kaldi/egs/timit/s5/mfcc/raw_mfcc_train.4.ark:116292
MJDA0_SX221 /home/gaochuanp/kaldi/egs/timit/s5/mfcc/raw_mfcc_train.6.ark:679675
FDFB0_SI1948 /home/gaochuanp/kaldi/egs/timit/s5/mfcc/raw_mfcc_train.1.ark:857422
MPRD0_SI801 /home/gaochuanp/kaldi/egs/timit/s5/mfcc/raw_mfcc_train.8.ark:806088
MDAC0_SX361 /home/gaochuanp/kaldi/egs/timit/s5/mfcc/raw_mfcc_train.4.ark:1238086
MKLW0_SI1844 /home/gaochuanp/kaldi/egs/timit/s5/mfcc/raw_mfcc_train.7.ark:779279
MJDM0_SI1340 /home/gaochuanp/kaldi/egs/timit/s5/mfcc/raw_mfcc_train.6.ark:800410
MDEM0_SX68 /home/gaochuanp/kaldi/egs/timit/s5/mfcc/raw_mfcc_train.5.ark:64989
MCHL0_SI1977 /home/gaochuanp/kaldi/egs/timit/s5/mfcc/raw_mfcc_train.4.ark:943103
FDKN0_SI1081 /home/gaochuanp/kaldi/egs/timit/s5/mfcc/raw_mfcc_train.1.ark:910829
MCAE0_SX367 /home/gaochuanp/kaldi/egs/timit/s5/mfcc/raw_mfcc_train.4.ark:718281
FLMA0_SI613 /home/gaochuanp/kaldi/egs/timit/s5/mfcc/raw_mfcc_train.2.ark:1079194
MNTW0_SX348 /home/gaochuanp/kaldi/egs/timit/s5/mfcc/raw_mfcc_train.8.ark:484498
FDKN0_SX91 /home/gaochuanp/kaldi/egs/timit/s5/mfcc/raw_mfcc_train.1.ark:943808
FAJW0_SX273 /home/gaochuanp/kaldi/egs/timit/s5/mfcc/raw_mfcc_train.1.ark:53477
MRAB1_SX128 /home/gaochuanp/kaldi/egs/timit/s5/mfcc/raw_mfcc_train.8.ark:974534
FSRH0_SX131 /home/gaochuanp/kaldi/egs/timit/s5/mfcc/raw_mfcc_train.3.ark:1130213
MSAH1_SI1049 /home/gaochuanp/kaldi/egs/timit/s5/mfcc/raw_mfcc_train.9.ark:943019
MDLC1_SI2065 /home/gaochuanp/kaldi/egs/timit/s5/mfcc/raw_mfcc_train.5.ark:274518
MJDG0_SI1705 /home/gaochuanp/kaldi/egs/timit/s5/mfcc/raw_mfcc_train.6.ark:778203
MCEW0_SX362 /home/gaochuanp/kaldi/egs/timit/s5/mfcc/raw_mfcc_train.4.ark:915038
MWGR0_SI976 /home/gaochuanp/kaldi/egs/timit/s5/mfcc/raw_mfcc_train.10.ark:1325511
MLNS0_SI777 /home/gaochuanp/kaldi/egs/timit/s5/mfcc/raw_mfcc_train.7.ark:1018730
MRPC1_SI2026 /home/gaochuanp/kaldi/egs/timit/s5/mfcc/raw_mfcc_train.9.ark:610774
FLMC0_SX336 /home/gaochuanp/kaldi/egs/timit/s5/mfcc/raw_mfcc_train.2.ark:1123686
MCXM0_SX361 /home/gaochuanp/kaldi/egs/timit/s5/mfcc/raw_mfcc_train.4.ark:1204658
MVJH0_SX26 /home/gaochuanp/kaldi/egs/timit/s5/mfcc/raw_mfcc_train.10.ark:1061010
MPPC0_SX332 /home/gaochuanp/kaldi/egs/timit/s5/mfcc/raw_mfcc_train.8.ark:748392
MRJH0_SX439 /home/gaochuanp/kaldi/egs/timit/s5/mfcc/raw_mfcc_train.9.ark:143134
MWRP0_SX363 /home/gaochuanp/kaldi/egs/timit/s5/mfcc/raw_mfcc_train.10.ark:1407111
MKLN0_SX338 /home/gaochuanp/kaldi/egs/timit/s5/mfcc/raw_mfcc_train.7.ark:665067
MDWD0_SX360 /home/gaochuanp/kaldi/egs/timit/s5/mfcc/raw_mfcc_train.5.ark:824390
FSAH0_SI1244 /home/gaochuanp/kaldi/egs/timit/s5/mfcc/raw_mfcc_train.3.ark:485060
FTMG0_SI2162 /home/gaochuanp/kaldi/egs/timit/s5/mfcc/raw_mfcc_train.3.ark:1313892
FDJH0_SX125 /home/gaochuanp/kaldi/egs/timit/s5/mfcc/raw_mfcc_train.1.ark:892997
MJBG0_SX332 /home/gaochuanp/kaldi/egs/timit/s5/mfcc/raw_mfcc_train.6.ark:654001
MRFK0_SX356 /home/gaochuanp/kaldi/egs/timit/s5/mfcc/raw_mfcc_train.8.ark:1433028
FMBG0_SX350 /home/gaochuanp/kaldi/egs/timit/s5/mfcc/raw_mfcc_train.2.ark:1278810
MDSJ0_SI832 /home/gaochuanp/kaldi/egs/timit/s5/mfcc/raw_mfcc_train.5.ark:697832
MMAR0_SI1966 /home/gaochuanp/kaldi/egs/timit/s5/mfcc/raw_mfcc_train.7.ark:1213143
MFMC0_SX52 /home/gaochuanp/kaldi/egs/timit/s5/mfcc/raw_mfcc_train.5.ark:1236732
MJPG0_SX381 /home/gaochuanp/kaldi/egs/timit/s5/mfcc/raw_mfcc_train.6.ark:1371194
MLSH0_SX157 /home/gaochuanp/kaldi/egs/timit/s5/mfcc/raw_mfcc_train.7.ark:1053517
MMLM0_SX87 /home/gaochuanp/kaldi/egs/timit/s5/mfcc/raw_mfcc_train.8.ark:155738
MWGR0_SI1606 /home/gaochuanp/kaldi/egs/timit/s5/mfcc/raw_mfcc_train.10.ark:1318723
MMSM0_SX296 /home/gaochuanp/kaldi/egs/timit/s5/mfcc/raw_mfcc_train.8.ark:252856
FKAA0_SX128 /home/gaochuanp/kaldi/egs/timit/s5/mfcc/raw_mfcc_train.2.ark:473450
MPAR0_SI2206 /home/gaochuanp/kaldi/egs/timit/s5/mfcc/raw_mfcc_train.8.ark:494946
FCJS0_SX77 /home/gaochuanp/kaldi/egs/timit/s5/mfcc/raw_mfcc_train.1.ark:589083
MMDM1_SI783 /home/gaochuanp/kaldi/egs/timit/s5/mfcc/raw_mfcc_train.7.ark:1418502
MDAC0_SI1837 /home/gaochuanp/kaldi/egs/timit/s5/mfcc/raw_mfcc_train.4.ark:1219754
MGRP0_SX237 /home/gaochuanp/kaldi/egs/timit/s5/mfcc/raw_mfcc_train.6.ark:168234
FRLL0_SX434 /home/gaochuanp/kaldi/egs/timit/s5/mfcc/raw_mfcc_train.3.ark:439879
MKJO0_SX424 /home/gaochuanp/kaldi/egs/timit/s5/mfcc/raw_mfcc_train.7.ark:634434
MTAS0_SX305 /home/gaochuanp/kaldi/egs/timit/s5/mfcc/raw_mfcc_train.10.ark:98345
MBOM0_SI2274 /home/gaochuanp/kaldi/egs/timit/s5/mfcc/raw_mfcc_train.4.ark:577556
MTKP0_SI454 /home/gaochuanp/kaldi/egs/timit/s5/mfcc/raw_mfcc_train.10.ark:525634
MMAM0_SI1668 /home/gaochuanp/kaldi/egs/timit/s5/mfcc/raw_mfcc_train.7.ark:1185226
MSMC0_SI509 /home/gaochuanp/kaldi/egs/timit/s5/mfcc/raw_mfcc_train.9.ark:1343426
MBSB0_SX93 /home/gaochuanp/kaldi/egs/timit/s5/mfcc/raw_mfcc_train.4.ark:619727
FKKH0_SX300 /home/gaochuanp/kaldi/egs/timit/s5/mfcc/raw_mfcc_train.2.ark:629790
FEME0_SX335 /home/gaochuanp/kaldi/egs/timit/s5/mfcc/raw_mfcc_train.1.ark:1281197
MILB0_SX3 /home/gaochuanp/kaldi/egs/timit/s5/mfcc/raw_mfcc_train.6.ark:527204
MRPC1_SX402 /home/gaochuanp/kaldi/egs/timit/s5/mfcc/raw_mfcc_train.9.ark:627879
FKDW0_SX397 /home/gaochuanp/kaldi/egs/timit/s5/mfcc/raw_mfcc_train.2.ark:560302
MDLR1_SX309 /home/gaochuanp/kaldi/egs/timit/s5/mfcc/raw_mfcc_train.5.ark:447367
MRHL0_SI1515 /home/gaochuanp/kaldi/egs/timit/s5/mfcc/raw_mfcc_train.9.ark:47063
MHMG0_SX15 /home/gaochuanp/kaldi/egs/timit/s5/mfcc/raw_mfcc_train.6.ark:395776
FDMY0_SI714 /home/gaochuanp/kaldi/egs/timit/s5/mfcc/raw_mfcc_train.1.ark:989154
FKKH0_SX30 /home/gaochuanp/kaldi/egs/timit/s5/mfcc/raw_mfcc_train.2.ark:626910
FBCG1_SX442 /home/gaochuanp/kaldi/egs/timit/s5/mfcc/raw_mfcc_train.1.ark:230807
MRCW0_SI2001 /home/gaochuanp/kaldi/egs/timit/s5/mfcc/raw_mfcc_train.8.ark:1165314
MWGR0_SI2236 /home/gaochuanp/kaldi/egs/timit/s5/mfcc/raw_mfcc_train.10.ark:1322020
MMAB1_SX234 /home/gaochuanp/kaldi/egs/timit/s5/mfcc/raw_mfcc_train.7.ark:1124878
MTWH1_SI882 /home/gaochuanp/kaldi/egs/timit/s5/mfcc/raw_mfcc_train.10.ark:980262
FSKL0_SX179 /home/gaochuanp/kaldi/egs/timit/s5/mfcc/raw_mfcc_train.3.ark:901429
MDCD0_SX245 /home/gaochuanp/kaldi/egs/timit/s5/mfcc/raw_mfcc_train.4.ark:1361116
MDLC2_SI2244 /home/gaochuanp/kaldi/egs/timit/s5/mfcc/raw_mfcc_train.5.ark:302175
MRLR0_SX386 /home/gaochuanp/kaldi/egs/timit/s5/mfcc/raw_mfcc_train.9.ark:440092
MARW0_SX349 /home/gaochuanp/kaldi/egs/timit/s5/mfcc/raw_mfcc_train.4.ark:281158
MMAA0_SI1588 /home/gaochuanp/kaldi/egs/timit/s5/mfcc/raw_mfcc_train.7.ark:1074469
MJMA0_SX145 /home/gaochuanp/kaldi/egs/timit/s5/mfcc/raw_mfcc_train.6.ark:1272104
FLET0_SX417 /home/gaochuanp/kaldi/egs/timit/s5/mfcc/raw_mfcc_train.2.ark:891575
MRWA0_SX73 /home/gaochuanp/kaldi/egs/timit/s5/mfcc/raw_mfcc_train.9.ark:878339
FPAZ0_SX153 /home/gaochuanp/kaldi/egs/timit/s5/mfcc/raw_mfcc_train.3.ark:237485
MMSM0_SI476 /home/gaochuanp/kaldi/egs/timit/s5/mfcc/raw_mfcc_train.8.ark:235734
MKLW0_SX221 /home/gaochuanp/kaldi/egs/timit/s5/mfcc/raw_mfcc_train.7.ark:787426
MTAT1_SI1627 /home/gaochuanp/kaldi/egs/timit/s5/mfcc/raw_mfcc_train.10.ark:143541
MKLS1_SI1545 /home/gaochuanp/kaldi/egs/timit/s5/mfcc/raw_mfcc_train.7.ark:741436
FSDC0_SI2234 /home/gaochuanp/kaldi/egs/timit/s5/mfcc/raw_mfcc_train.3.ark:635142
MFWK0_SI619 /home/gaochuanp/kaldi/egs/timit/s5/mfcc/raw_mfcc_train.5.ark:1278634
FPMY0_SI523 /home/gaochuanp/kaldi/egs/timit/s5/mfcc/raw_mfcc_train.3.ark:328582
MTDP0_SI1274 /home/gaochuanp/kaldi/egs/timit/s5/mfcc/raw_mfcc_train.10.ark:273670
FGMB0_SI515 /home/gaochuanp/kaldi/egs/timit/s5/mfcc/raw_mfcc_train.1.ark:1443065
MWEM0_SX150 /home/gaochuanp/kaldi/egs/timit/s5/mfcc/raw_mfcc_train.10.ark:1295002
MJHI0_SX338 /home/gaochuanp/kaldi/egs/timit/s5/mfcc/raw_mfcc_train.6.ark:1016080
MMBS0_SX161 /home/gaochuanp/kaldi/egs/timit/s5/mfcc/raw_mfcc_train.7.ark:1261002
FMJB0_SX7 /home/gaochuanp/kaldi/egs/timit/s5/mfcc/raw_mfcc_train.2.ark:1353745
MDMT0_SX32 /home/gaochuanp/kaldi/egs/timit/s5/mfcc/raw_mfcc_train.5.ark:519950
MBMA1_SX144 /home/gaochuanp/kaldi/egs/timit/s5/mfcc/raw_mfcc_train.4.ark:518025
MBML0_SX89 /home/gaochuanp/kaldi/egs/timit/s5/mfcc/raw_mfcc_train.4.ark:566586
FNTB0_SX303 /home/gaochuanp/kaldi/egs/timit/s5/mfcc/raw_mfcc_train.3.ark:72282
FDXW0_SX161 /home/gaochuanp/kaldi/egs/timit/s5/mfcc/raw_mfcc_train.1.ark:1102330
FLEH0_SX61 /home/gaochuanp/kaldi/egs/timit/s5/mfcc/raw_mfcc_train.2.ark:863743
FAJW0_SI1893 /home/gaochuanp/kaldi/egs/timit/s5/mfcc/raw_mfcc_train.1.ark:39403
MWAR0_SI1675 /home/gaochuanp/kaldi/egs/timit/s5/mfcc/raw_mfcc_train.10.ark:1200044
FMEM0_SX207 /home/gaochuanp/kaldi/egs/timit/s5/mfcc/raw_mfcc_train.2.ark:1309761
MCPM0_SX114 /home/gaochuanp/kaldi/egs/timit/s5/mfcc/raw_mfcc_train.4.ark:1040118
FDNC0_SX378 /home/gaochuanp/kaldi/egs/timit/s5/mfcc/raw_mfcc_train.1.ark:1052699
MRSO0_SI2289 /home/gaochuanp/kaldi/egs/timit/s5/mfcc/raw_mfcc_train.9.ark:684528
MKLN0_SX68 /home/gaochuanp/kaldi/egs/timit/s5/mfcc/raw_mfcc_train.7.ark:674076
MRTC0_SX288 /home/gaochuanp/kaldi/egs/timit/s5/mfcc/raw_mfcc_train.9.ark:772172
MEAL0_SI2177 /home/gaochuanp/kaldi/egs/timit/s5/mfcc/raw_mfcc_train.5.ark:908773
FCMG0_SI1242 /home/gaochuanp/kaldi/egs/timit/s5/mfcc/raw_mfcc_train.1.ark:660219
MJPM0_SI1368 /home/gaochuanp/kaldi/egs/timit/s5/mfcc/raw_mfcc_train.6.ark:1373984
FAJW0_SI1263 /home/gaochuanp/kaldi/egs/timit/s5/mfcc/raw_mfcc_train.1.ark:32804
MRJM1_SI1928 /home/gaochuanp/kaldi/egs/timit/s5/mfcc/raw_mfcc_train.9.ark:192016
MMAB1_SX324 /home/gaochuanp/kaldi/egs/timit/s5/mfcc/raw_mfcc_train.7.ark:1128915
MTDB0_SI1401 /home/gaochuanp/kaldi/egs/timit/s5/mfcc/raw_mfcc_train.10.ark:240840
FLJD0_SX166 /home/gaochuanp/kaldi/egs/timit/s5/mfcc/raw_mfcc_train.2.ark:977046
MVRW0_SX45 /home/gaochuanp/kaldi/egs/timit/s5/mfcc/raw_mfcc_train.10.ark:1126281
MRFK0_SI1706 /home/gaochuanp/kaldi/egs/timit/s5/mfcc/raw_mfcc_train.8.ark:1420428
MSRG0_SI1221 /home/gaochuanp/kaldi/egs/timit/s5/mfcc/raw_mfcc_train.9.ark:1437228
FCAG0_SX63 /home/gaochuanp/kaldi/egs/timit/s5/mfcc/raw_mfcc_train.1.ark:436542
MMLM0_SX177 /home/gaochuanp/kaldi/egs/timit/s5/mfcc/raw_mfcc_train.8.ark:142022
MHRM0_SI2218 /home/gaochuanp/kaldi/egs/timit/s5/mfcc/raw_mfcc_train.6.ark:444906
MTJM0_SI1226 /home/gaochuanp/kaldi/egs/timit/s5/mfcc/raw_mfcc_train.10.ark:378517
MSDS0_SX177 /home/gaochuanp/kaldi/egs/timit/s5/mfcc/raw_mfcc_train.9.ark:1136372
MTBC0_SX183 /home/gaochuanp/kaldi/egs/timit/s5/mfcc/raw_mfcc_train.10.ark:189086
MCAL0_SX148 /home/gaochuanp/kaldi/egs/timit/s5/mfcc/raw_mfcc_train.4.ark:742294
FCRZ0_SX253 /home/gaochuanp/kaldi/egs/timit/s5/mfcc/raw_mfcc_train.1.ark:735573
FPAB1_SI841 /home/gaochuanp/kaldi/egs/timit/s5/mfcc/raw_mfcc_train.3.ark:92975
FGDP0_SI2248 /home/gaochuanp/kaldi/egs/timit/s5/mfcc/raw_mfcc_train.1.ark:1397683
FCMM0_SX363 /home/gaochuanp/kaldi/egs/timit/s5/mfcc/raw_mfcc_train.1.ark:707183
MPRT0_SX310 /home/gaochuanp/kaldi/egs/timit/s5/mfcc/raw_mfcc_train.8.ark:892776
MHIT0_SX263 /home/gaochuanp/kaldi/egs/timit/s5/mfcc/raw_mfcc_train.6.ark:338735
MTLC0_SX217 /home/gaochuanp/kaldi/egs/timit/s5/mfcc/raw_mfcc_train.10.ark:599238
MJEE0_SX337 /home/gaochuanp/kaldi/egs/timit/s5/mfcc/raw_mfcc_train.6.ark:921751
MCDR0_SI1154 /home/gaochuanp/kaldi/egs/timit/s5/mfcc/raw_mfcc_train.4.ark:823290
MEGJ0_SX77 /home/gaochuanp/kaldi/egs/timit/s5/mfcc/raw_mfcc_train.5.ark:1026281
MJMM0_SX265 /home/gaochuanp/kaldi/egs/timit/s5/mfcc/raw_mfcc_train.6.ark:1333352
MCLK0_SX400 /home/gaochuanp/kaldi/egs/timit/s5/mfcc/raw_mfcc_train.4.ark:993907
MFER0_SX412 /home/gaochuanp/kaldi/egs/timit/s5/mfcc/raw_mfcc_train.5.ark:1200217
FKFB0_SI1608 /home/gaochuanp/kaldi/egs/timit/s5/mfcc/raw_mfcc_train.2.ark:564119
FBMH0_SX56 /home/gaochuanp/kaldi/egs/timit/s5/mfcc/raw_mfcc_train.1.ark:370570
MTBC0_SI543 /home/gaochuanp/kaldi/egs/timit/s5/mfcc/raw_mfcc_train.10.ark:182839
MKXL0_SX105 /home/gaochuanp/kaldi/egs/timit/s5/mfcc/raw_mfcc_train.7.ark:851493
MTPP0_SI1508 /home/gaochuanp/kaldi/egs/timit/s5/mfcc/raw_mfcc_train.10.ark:772595
MRHL0_SI885 /home/gaochuanp/kaldi/egs/timit/s5/mfcc/raw_mfcc_train.9.ark:53877
MMPM0_SI2321 /home/gaochuanp/kaldi/egs/timit/s5/mfcc/raw_mfcc_train.8.ark:166253
FSKL0_SX269 /home/gaochuanp/kaldi/egs/timit/s5/mfcc/raw_mfcc_train.3.ark:905713
MBML0_SX359 /home/gaochuanp/kaldi/egs/timit/s5/mfcc/raw_mfcc_train.4.ark:557720
FKDW0_SI1207 /home/gaochuanp/kaldi/egs/timit/s5/mfcc/raw_mfcc_train.2.ark:532446
FDNC0_SX198 /home/gaochuanp/kaldi/egs/timit/s5/mfcc/raw_mfcc_train.1.ark:1044157
FJSK0_SX242 /home/gaochuanp/kaldi/egs/timit/s5/mfcc/raw_mfcc_train.2.ark:314521
MJWT0_SX211 /home/gaochuanp/kaldi/egs/timit/s5/mfcc/raw_mfcc_train.7.ark:274352
MADC0_SX377 /home/gaochuanp/kaldi/egs/timit/s5/mfcc/raw_mfcc_train.3.ark:1493268
FEXM0_SX366 /home/gaochuanp/kaldi/egs/timit/s5/mfcc/raw_mfcc_train.1.ark:1355015
MJMA0_SX55 /home/gaochuanp/kaldi/egs/timit/s5/mfcc/raw_mfcc_train.6.ark:1284299
MKLS0_SX447 /home/gaochuanp/kaldi/egs/timit/s5/mfcc/raw_mfcc_train.7.ark:734220
MKDT0_SX263 /home/gaochuanp/kaldi/egs/timit/s5/mfcc/raw_mfcc_train.7.ark:566440
MBWP0_SX79 /home/gaochuanp/kaldi/egs/timit/s5/mfcc/raw_mfcc_train.4.ark:686075
MBSB0_SI1983 /home/gaochuanp/kaldi/egs/timit/s5/mfcc/raw_mfcc_train.4.ark:603022
MMBS0_SI1781 /home/gaochuanp/kaldi/egs/timit/s5/mfcc/raw_mfcc_train.7.ark:1251940
FSKL0_SX359 /home/gaochuanp/kaldi/egs/timit/s5/mfcc/raw_mfcc_train.3.ark:908515
MDLR0_SX63 /home/gaochuanp/kaldi/egs/timit/s5/mfcc/raw_mfcc_train.5.ark:421544
MHRM0_SX238 /home/gaochuanp/kaldi/egs/timit/s5/mfcc/raw_mfcc_train.6.ark:456471
MMJB1_SX418 /home/gaochuanp/kaldi/egs/timit/s5/mfcc/raw_mfcc_train.8.ark:122187
MKAJ0_SI784 /home/gaochuanp/kaldi/egs/timit/s5/mfcc/raw_mfcc_train.7.ark:429283
MCLM0_SX376 /home/gaochuanp/kaldi/egs/timit/s5/mfcc/raw_mfcc_train.4.ark:1022395
MJXL0_SX182 /home/gaochuanp/kaldi/egs/timit/s5/mfcc/raw_mfcc_train.7.ark:332790
MMPM0_SX251 /home/gaochuanp/kaldi/egs/timit/s5/mfcc/raw_mfcc_train.8.ark:175146
MTJS0_SI1192 /home/gaochuanp/kaldi/egs/timit/s5/mfcc/raw_mfcc_train.10.ark:410528
FPAB1_SX391 /home/gaochuanp/kaldi/egs/timit/s5/mfcc/raw_mfcc_train.3.ark:116266
MPRD0_SX261 /home/gaochuanp/kaldi/egs/timit/s5/mfcc/raw_mfcc_train.8.ark:819349
MRCG0_SX438 /home/gaochuanp/kaldi/egs/timit/s5/mfcc/raw_mfcc_train.8.ark:1150485
MJHI0_SX68 /home/gaochuanp/kaldi/egs/timit/s5/mfcc/raw_mfcc_train.6.ark:1025245
FSJW0_SX253 /home/gaochuanp/kaldi/egs/timit/s5/mfcc/raw_mfcc_train.3.ark:842315
MDLC1_SX85 /home/gaochuanp/kaldi/egs/timit/s5/mfcc/raw_mfcc_train.5.ark:297050
MSJK0_SI966 /home/gaochuanp/kaldi/egs/timit/s5/mfcc/raw_mfcc_train.9.ark:1314621
FGCS0_SI2116 /home/gaochuanp/kaldi/egs/timit/s5/mfcc/raw_mfcc_train.1.ark:1368012
FLOD0_SX297 /home/gaochuanp/kaldi/egs/timit/s5/mfcc/raw_mfcc_train.2.ark:1188048
MSFH0_SX46 /home/gaochuanp/kaldi/egs/timit/s5/mfcc/raw_mfcc_train.9.ark:1265089
FDXW0_SX251 /home/gaochuanp/kaldi/egs/timit/s5/mfcc/raw_mfcc_train.1.ark:1106705
MTJU0_SX40 /home/gaochuanp/kaldi/egs/timit/s5/mfcc/raw_mfcc_train.10.ark:471779
MEAL0_SX287 /home/gaochuanp/kaldi/egs/timit/s5/mfcc/raw_mfcc_train.5.ark:920332
MEDR0_SI1374 /home/gaochuanp/kaldi/egs/timit/s5/mfcc/raw_mfcc_train.5.ark:931651
MAKR0_SX362 /home/gaochuanp/kaldi/egs/timit/s5/mfcc/raw_mfcc_train.4.ark:186562
MRDS0_SX177 /home/gaochuanp/kaldi/egs/timit/s5/mfcc/raw_mfcc_train.8.ark:1264586
MTKP0_SI1023 /home/gaochuanp/kaldi/egs/timit/s5/mfcc/raw_mfcc_train.10.ark:514712
MGES0_SI851 /home/gaochuanp/kaldi/egs/timit/s5/mfcc/raw_mfcc_train.6.ark:59173
FGMB0_SI1775 /home/gaochuanp/kaldi/egs/timit/s5/mfcc/raw_mfcc_train.1.ark:1438963
MDLM0_SI1864 /home/gaochuanp/kaldi/egs/timit/s5/mfcc/raw_mfcc_train.5.ark:366612
MRLR0_SX206 /home/gaochuanp/kaldi/egs/timit/s5/mfcc/raw_mfcc_train.9.ark:429113
MFER0_SI2122 /home/gaochuanp/kaldi/egs/timit/s5/mfcc/raw_mfcc_train.5.ark:1181956
MDMA0_SX350 /home/gaochuanp/kaldi/egs/timit/s5/mfcc/raw_mfcc_train.5.ark:482395
MEJL0_SI1592 /home/gaochuanp/kaldi/egs/timit/s5/mfcc/raw_mfcc_train.5.ark:1030670
MTAS0_SX125 /home/gaochuanp/kaldi/egs/timit/s5/mfcc/raw_mfcc_train.10.ark:92013
FKDW0_SI577 /home/gaochuanp/kaldi/egs/timit/s5/mfcc/raw_mfcc_train.2.ark:545357
MMLM0_SI1527 /home/gaochuanp/kaldi/egs/timit/s5/mfcc/raw_mfcc_train.8.ark:131600
MWAC0_SX251 /home/gaochuanp/kaldi/egs/timit/s5/mfcc/raw_mfcc_train.10.ark:1149510
MJAC0_SX341 /home/gaochuanp/kaldi/egs/timit/s5/mfcc/raw_mfcc_train.6.ark:556745
MJAI0_SI1604 /home/gaochuanp/kaldi/egs/timit/s5/mfcc/raw_mfcc_train.6.ark:603156
MDSJ0_SX292 /home/gaochuanp/kaldi/egs/timit/s5/mfcc/raw_mfcc_train.5.ark:708343
FDAS1_SI831 /home/gaochuanp/kaldi/egs/timit/s5/mfcc/raw_mfcc_train.1.ark:793705
MKJO0_SX257 /home/gaochuanp/kaldi/egs/timit/s5/mfcc/raw_mfcc_train.7.ark:632061
FHLM0_SX210 /home/gaochuanp/kaldi/egs/timit/s5/mfcc/raw_mfcc_train.1.ark:1523261
MDPK0_SX333 /home/gaochuanp/kaldi/egs/timit/s5/mfcc/raw_mfcc_train.5.ark:610998
FTBR0_SI2181 /home/gaochuanp/kaldi/egs/timit/s5/mfcc/raw_mfcc_train.3.ark:1219277
MGAR0_SX132 /home/gaochuanp/kaldi/egs/timit/s5/mfcc/raw_mfcc_train.6.ark:3387
MRXB0_SI2215 /home/gaochuanp/kaldi/egs/timit/s5/mfcc/raw_mfcc_train.9.ark:912966
MCEW0_SI1442 /home/gaochuanp/kaldi/egs/timit/s5/mfcc/raw_mfcc_train.4.ark:890081
FSJG0_SI2200 /home/gaochuanp/kaldi/egs/timit/s5/mfcc/raw_mfcc_train.3.ark:721327
FPAC0_SX121 /home/gaochuanp/kaldi/egs/timit/s5/mfcc/raw_mfcc_train.3.ark:135250
MHIT0_SX353 /home/gaochuanp/kaldi/egs/timit/s5/mfcc/raw_mfcc_train.6.ark:341901
MCLM0_SI2086 /home/gaochuanp/kaldi/egs/timit/s5/mfcc/raw_mfcc_train.4.ark:1001567
MRDD0_SI1050 /home/gaochuanp/kaldi/egs/timit/s5/mfcc/raw_mfcc_train.8.ark:1190401
MMXS0_SX66 /home/gaochuanp/kaldi/egs/timit/s5/mfcc/raw_mfcc_train.8.ark:426255
MHXL0_SX62 /home/gaochuanp/kaldi/egs/timit/s5/mfcc/raw_mfcc_train.6.ark:502788
MHRM0_SX328 /home/gaochuanp/kaldi/egs/timit/s5/mfcc/raw_mfcc_train.6.ark:459689
MPGH0_SX204 /home/gaochuanp/kaldi/egs/timit/s5/mfcc/raw_mfcc_train.8.ark:600801
FTBW0_SX355 /home/gaochuanp/kaldi/egs/timit/s5/mfcc/raw_mfcc_train.3.ark:1267163
MDLM0_SX154 /home/gaochuanp/kaldi/egs/timit/s5/mfcc/raw_mfcc_train.5.ark:375388
FSAK0_SI670 /home/gaochuanp/kaldi/egs/timit/s5/mfcc/raw_mfcc_train.3.ark:528305
MREH1_SX69 /home/gaochuanp/kaldi/egs/timit/s5/mfcc/raw_mfcc_train.8.ark:1347278
FBJL0_SX22 /home/gaochuanp/kaldi/egs/timit/s5/mfcc/raw_mfcc_train.1.ark:294469
MJRP0_SX225 /home/gaochuanp/kaldi/egs/timit/s5/mfcc/raw_mfcc_train.7.ark:127355
MMDS0_SI713 /home/gaochuanp/kaldi/egs/timit/s5/mfcc/raw_mfcc_train.7.ark:1453139
MSDB0_SX17 /home/gaochuanp/kaldi/egs/timit/s5/mfcc/raw_mfcc_train.9.ark:1076268
MEJL0_SX62 /home/gaochuanp/kaldi/egs/timit/s5/mfcc/raw_mfcc_train.5.ark:1055614
FKLC0_SX175 /home/gaochuanp/kaldi/egs/timit/s5/mfcc/raw_mfcc_train.2.ark:649275
MTAB0_SX132 /home/gaochuanp/kaldi/egs/timit/s5/mfcc/raw_mfcc_train.10.ark:59131
MHMG0_SX195 /home/gaochuanp/kaldi/egs/timit/s5/mfcc/raw_mfcc_train.6.ark:399319
MAEB0_SI1411 /home/gaochuanp/kaldi/egs/timit/s5/mfcc/raw_mfcc_train.4.ark:7891
MRDS0_SX267 /home/gaochuanp/kaldi/egs/timit/s5/mfcc/raw_mfcc_train.8.ark:1267297
MSDS0_SX447 /home/gaochuanp/kaldi/egs/timit/s5/mfcc/raw_mfcc_train.9.ark:1150927
FMAH1_SI1509 /home/gaochuanp/kaldi/egs/timit/s5/mfcc/raw_mfcc_train.2.ark:1228148
MPRD0_SX441 /home/gaochuanp/kaldi/egs/timit/s5/mfcc/raw_mfcc_train.8.ark:827618
MSDS0_SI2337 /home/gaochuanp/kaldi/egs/timit/s5/mfcc/raw_mfcc_train.9.ark:1131412
MKRG0_SX141 /home/gaochuanp/kaldi/egs/timit/s5/mfcc/raw_mfcc_train.7.ark:822030
FLAG0_SI834 /home/gaochuanp/kaldi/egs/timit/s5/mfcc/raw_mfcc_train.2.ark:807946
MJDE0_SX400 /home/gaochuanp/kaldi/egs/timit/s5/mfcc/raw_mfcc_train.6.ark:764399
MSDB0_SX197 /home/gaochuanp/kaldi/egs/timit/s5/mfcc/raw_mfcc_train.9.ark:1078251
MRGM0_SX442 /home/gaochuanp/kaldi/egs/timit/s5/mfcc/raw_mfcc_train.9.ark:12
MBML0_SI539 /home/gaochuanp/kaldi/egs/timit/s5/mfcc/raw_mfcc_train.4.ark:547312
FJXP0_SX132 /home/gaochuanp/kaldi/egs/timit/s5/mfcc/raw_mfcc_train.2.ark:442323
FREH0_SX325 /home/gaochuanp/kaldi/egs/timit/s5/mfcc/raw_mfcc_train.3.ark:375954
MRWA0_SX163 /home/gaochuanp/kaldi/egs/timit/s5/mfcc/raw_mfcc_train.9.ark:862231
FDJH0_SX35 /home/gaochuanp/kaldi/egs/timit/s5/mfcc/raw_mfcc_train.1.ark:903508
FPAF0_SI2314 /home/gaochuanp/kaldi/egs/timit/s5/mfcc/raw_mfcc_train.3.ark:201008
MRGM0_SI1162 /home/gaochuanp/kaldi/egs/timit/s5/mfcc/raw_mfcc_train.8.ark:1479646
MSEM1_SX450 /home/gaochuanp/kaldi/egs/timit/s5/mfcc/raw_mfcc_train.9.ark:1191466
MRJB1_SX300 /home/gaochuanp/kaldi/egs/timit/s5/mfcc/raw_mfcc_train.9.ark:106300
FDML0_SX429 /home/gaochuanp/kaldi/egs/timit/s5/mfcc/raw_mfcc_train.1.ark:968352
MKLR0_SI1689 /home/gaochuanp/kaldi/egs/timit/s5/mfcc/raw_mfcc_train.7.ark:682815
MAEO0_SX66 /home/gaochuanp/kaldi/egs/timit/s5/mfcc/raw_mfcc_train.4.ark:67681
MTAT0_SX390 /home/gaochuanp/kaldi/egs/timit/s5/mfcc/raw_mfcc_train.10.ark:135959
FEEH0_SI1742 /home/gaochuanp/kaldi/egs/timit/s5/mfcc/raw_mfcc_train.1.ark:1230607
MNTW0_SX258 /home/gaochuanp/kaldi/egs/timit/s5/mfcc/raw_mfcc_train.8.ark:479837
MMDB0_SX267 /home/gaochuanp/kaldi/egs/timit/s5/mfcc/raw_mfcc_train.7.ark:1331947
MTRT0_SX57 /home/gaochuanp/kaldi/egs/timit/s5/mfcc/raw_mfcc_train.10.ark:969982
MDPK0_SX423 /home/gaochuanp/kaldi/egs/timit/s5/mfcc/raw_mfcc_train.5.ark:615633
MRSP0_SX196 /home/gaochuanp/kaldi/egs/timit/s5/mfcc/raw_mfcc_train.9.ark:730840
MMAA0_SX395 /home/gaochuanp/kaldi/egs/timit/s5/mfcc/raw_mfcc_train.7.ark:1105133
MKAM0_SX326 /home/gaochuanp/kaldi/egs/timit/s5/mfcc/raw_mfcc_train.7.ark:471976
FHXS0_SI2335 /home/gaochuanp/kaldi/egs/timit/s5/mfcc/raw_mfcc_train.2.ark:13
MRLJ0_SX70 /home/gaochuanp/kaldi/egs/timit/s5/mfcc/raw_mfcc_train.9.ark:350090
MRLD0_SX334 /home/gaochuanp/kaldi/egs/timit/s5/mfcc/raw_mfcc_train.9.ark:312996
MVJH0_SX206 /home/gaochuanp/kaldi/egs/timit/s5/mfcc/raw_mfcc_train.10.ark:1056883
FPAB1_SX301 /home/gaochuanp/kaldi/egs/timit/s5/mfcc/raw_mfcc_train.3.ark:108557
MRFK0_SX266 /home/gaochuanp/kaldi/egs/timit/s5/mfcc/raw_mfcc_train.8.ark:1430135
MGRL0_SX327 /home/gaochuanp/kaldi/egs/timit/s5/mfcc/raw_mfcc_train.6.ark:136022
MEJS0_SX160 /home/gaochuanp/kaldi/egs/timit/s5/mfcc/raw_mfcc_train.5.ark:1071920
MMDM0_SX51 /home/gaochuanp/kaldi/egs/timit/s5/mfcc/raw_mfcc_train.7.ark:1409301
FVFB0_SX222 /home/gaochuanp/kaldi/egs/timit/s5/mfcc/raw_mfcc_train.3.ark:1357755
MCXM0_SX271 /home/gaochuanp/kaldi/egs/timit/s5/mfcc/raw_mfcc_train.4.ark:1201297
MDSS1_SI697 /home/gaochuanp/kaldi/egs/timit/s5/mfcc/raw_mfcc_train.5.ark:754938
MMXS0_SI2136 /home/gaochuanp/kaldi/egs/timit/s5/mfcc/raw_mfcc_train.8.ark:398049
MFWK0_SX79 /home/gaochuanp/kaldi/egs/timit/s5/mfcc/raw_mfcc_train.5.ark:1299754
MNTW0_SI1068 /home/gaochuanp/kaldi/egs/timit/s5/mfcc/raw_mfcc_train.8.ark:457830
FCJF0_SX217 /home/gaochuanp/kaldi/egs/timit/s5/mfcc/raw_mfcc_train.1.ark:552047
FLAC0_SI1339 /home/gaochuanp/kaldi/egs/timit/s5/mfcc/raw_mfcc_train.2.ark:768172
MCRE0_SI1751 /home/gaochuanp/kaldi/egs/timit/s5/mfcc/raw_mfcc_train.4.ark:1062529
MMEB0_SI1357 /home/gaochuanp/kaldi/egs/timit/s5/mfcc/raw_mfcc_train.7.ark:1500207
FCDR1_SX286 /home/gaochuanp/kaldi/egs/timit/s5/mfcc/raw_mfcc_train.1.ark:499777
MDBP0_SI528 /home/gaochuanp/kaldi/egs/timit/s5/mfcc/raw_mfcc_train.4.ark:1316325
MTER0_SI1157 /home/gaochuanp/kaldi/egs/timit/s5/mfcc/raw_mfcc_train.10.ark:312754
MJLS0_SI1096 /home/gaochuanp/kaldi/egs/timit/s5/mfcc/raw_mfcc_train.6.ark:1223899
MJEB0_SX170 /home/gaochuanp/kaldi/egs/timit/s5/mfcc/raw_mfcc_train.6.ark:847536
MGSL0_SI797 /home/gaochuanp/kaldi/egs/timit/s5/mfcc/raw_mfcc_train.6.ark:228248
MTAT0_SI1740 /home/gaochuanp/kaldi/egs/timit/s5/mfcc/raw_mfcc_train.10.ark:113649
MBJV0_SX257 /home/gaochuanp/kaldi/egs/timit/s5/mfcc/raw_mfcc_train.4.ark:460809
MKAH0_SX178 /home/gaochuanp/kaldi/egs/timit/s5/mfcc/raw_mfcc_train.7.ark:399476
FLMK0_SX315 /home/gaochuanp/kaldi/egs/timit/s5/mfcc/raw_mfcc_train.2.ark:1153599
MEGJ0_SX437 /home/gaochuanp/kaldi/egs/timit/s5/mfcc/raw_mfcc_train.5.ark:1021127
FDJH0_SI935 /home/gaochuanp/kaldi/egs/timit/s5/mfcc/raw_mfcc_train.1.ark:887465
MTJM0_SX416 /home/gaochuanp/kaldi/egs/timit/s5/mfcc/raw_mfcc_train.10.ark:403351
MCAL0_SX418 /home/gaochuanp/kaldi/egs/timit/s5/mfcc/raw_mfcc_train.4.ark:753755
MKAG0_SX259 /home/gaochuanp/kaldi/egs/timit/s5/mfcc/raw_mfcc_train.7.ark:372712
FNTB0_SX123 /home/gaochuanp/kaldi/egs/timit/s5/mfcc/raw_mfcc_train.3.ark:64858
MSFH0_SI1216 /home/gaochuanp/kaldi/egs/timit/s5/mfcc/raw_mfcc_train.9.ark:1229134
MCHL0_SX87 /home/gaochuanp/kaldi/egs/timit/s5/mfcc/raw_mfcc_train.4.ark:960531
MEAL0_SX347 /home/gaochuanp/kaldi/egs/timit/s5/mfcc/raw_mfcc_train.5.ark:923849
MDBP0_SX258 /home/gaochuanp/kaldi/egs/timit/s5/mfcc/raw_mfcc_train.4.ark:1326258
MMGG0_SX269 /home/gaochuanp/kaldi/egs/timit/s5/mfcc/raw_mfcc_train.8.ark:56305
MSES0_SX149 /home/gaochuanp/kaldi/egs/timit/s5/mfcc/raw_mfcc_train.9.ark:1211952
MADD0_SX178 /home/gaochuanp/kaldi/egs/timit/s5/mfcc/raw_mfcc_train.3.ark:1508534
FJEN0_SX237 /home/gaochuanp/kaldi/egs/timit/s5/mfcc/raw_mfcc_train.2.ark:77038
MLSH0_SI1417 /home/gaochuanp/kaldi/egs/timit/s5/mfcc/raw_mfcc_train.7.ark:1040313
FRLL0_SI884 /home/gaochuanp/kaldi/egs/timit/s5/mfcc/raw_mfcc_train.3.ark:424342
MBMA0_SI592 /home/gaochuanp/kaldi/egs/timit/s5/mfcc/raw_mfcc_train.4.ark:483719
FLJD0_SX76 /home/gaochuanp/kaldi/egs/timit/s5/mfcc/raw_mfcc_train.2.ark:992777
MRCW0_SX201 /home/gaochuanp/kaldi/egs/timit/s5/mfcc/raw_mfcc_train.8.ark:1178153
MRDM0_SX335 /home/gaochuanp/kaldi/egs/timit/s5/mfcc/raw_mfcc_train.8.ark:1241546
FLAG0_SX204 /home/gaochuanp/kaldi/egs/timit/s5/mfcc/raw_mfcc_train.2.ark:818308
MPRD0_SX81 /home/gaochuanp/kaldi/egs/timit/s5/mfcc/raw_mfcc_train.8.ark:831446
FLMK0_SI1035 /home/gaochuanp/kaldi/egs/timit/s5/mfcc/raw_mfcc_train.2.ark:1132827
MKAJ0_SI2044 /home/gaochuanp/kaldi/egs/timit/s5/mfcc/raw_mfcc_train.7.ark:424050
MJLB0_SX446 /home/gaochuanp/kaldi/egs/timit/s5/mfcc/raw_mfcc_train.6.ark:1187830
FDNC0_SX288 /home/gaochuanp/kaldi/egs/timit/s5/mfcc/raw_mfcc_train.1.ark:1047609
MMJB1_SX328 /home/gaochuanp/kaldi/egs/timit/s5/mfcc/raw_mfcc_train.8.ark:117422
MRCW0_SI741 /home/gaochuanp/kaldi/egs/timit/s5/mfcc/raw_mfcc_train.8.ark:1169429
MSMS0_SI803 /home/gaochuanp/kaldi/egs/timit/s5/mfcc/raw_mfcc_train.9.ark:1413916
MJBG0_SI1862 /home/gaochuanp/kaldi/egs/timit/s5/mfcc/raw_mfcc_train.6.ark:641786
MSES0_SI2216 /home/gaochuanp/kaldi/egs/timit/s5/mfcc/raw_mfcc_train.9.ark:1205580
MTKD0_SX197 /home/gaochuanp/kaldi/egs/timit/s5/mfcc/raw_mfcc_train.10.ark:501755
FJSK0_SX152 /home/gaochuanp/kaldi/egs/timit/s5/mfcc/raw_mfcc_train.2.ark:310393
MTJM0_SX146 /home/gaochuanp/kaldi/egs/timit/s5/mfcc/raw_mfcc_train.10.ark:393398
MNET0_SI1446 /home/gaochuanp/kaldi/egs/timit/s5/mfcc/raw_mfcc_train.8.ark:429474
MEJS0_SI1870 /home/gaochuanp/kaldi/egs/timit/s5/mfcc/raw_mfcc_train.5.ark:1064925
MRMB0_SX231 /home/gaochuanp/kaldi/egs/timit/s5/mfcc/raw_mfcc_train.9.ark:459486
MMWS0_SX438 /home/gaochuanp/kaldi/egs/timit/s5/mfcc/raw_mfcc_train.8.ark:363866
MRLJ0_SX340 /home/gaochuanp/kaldi/egs/timit/s5/mfcc/raw_mfcc_train.9.ark:342238
MTAB0_SI1572 /home/gaochuanp/kaldi/egs/timit/s5/mfcc/raw_mfcc_train.10.ark:43717
MAFM0_SI2199 /home/gaochuanp/kaldi/egs/timit/s5/mfcc/raw_mfcc_train.4.ark:72754
MRJM0_SX328 /home/gaochuanp/kaldi/egs/timit/s5/mfcc/raw_mfcc_train.9.ark:172617
MMWS0_SX348 /home/gaochuanp/kaldi/egs/timit/s5/mfcc/raw_mfcc_train.8.ark:359751
MLNS0_SX147 /home/gaochuanp/kaldi/egs/timit/s5/mfcc/raw_mfcc_train.7.ark:1022221
FDJH0_SX215 /home/gaochuanp/kaldi/egs/timit/s5/mfcc/raw_mfcc_train.1.ark:896215
MDLC0_SI1395 /home/gaochuanp/kaldi/egs/timit/s5/mfcc/raw_mfcc_train.5.ark:233620
MFXS0_SX54 /home/gaochuanp/kaldi/egs/timit/s5/mfcc/raw_mfcc_train.5.ark:1329985
MTER0_SX437 /home/gaochuanp/kaldi/egs/timit/s5/mfcc/raw_mfcc_train.10.ark:337223
MCDR0_SI524 /home/gaochuanp/kaldi/egs/timit/s5/mfcc/raw_mfcc_train.4.ark:835018
MRKM0_SI637 /home/gaochuanp/kaldi/egs/timit/s5/mfcc/raw_mfcc_train.9.ark:266159
FAEM0_SX222 /home/gaochuanp/kaldi/egs/timit/s5/mfcc/raw_mfcc_train.1.ark:16916
FMKC0_SX262 /home/gaochuanp/kaldi/egs/timit/s5/mfcc/raw_mfcc_train.2.ark:1445618
MMDM1_SX423 /home/gaochuanp/kaldi/egs/timit/s5/mfcc/raw_mfcc_train.7.ark:1437523
FMBG0_SI2264 /home/gaochuanp/kaldi/egs/timit/s5/mfcc/raw_mfcc_train.2.ark:1269366
MRSO0_SX39 /home/gaochuanp/kaldi/egs/timit/s5/mfcc/raw_mfcc_train.9.ark:703158
FJDM2_SI2212 /home/gaochuanp/kaldi/egs/timit/s5/mfcc/raw_mfcc_train.2.ark:32480
FKLC0_SX85 /home/gaochuanp/kaldi/egs/timit/s5/mfcc/raw_mfcc_train.2.ark:667619
FMJU0_SI2019 /home/gaochuanp/kaldi/egs/timit/s5/mfcc/raw_mfcc_train.2.ark:1401885
FDKN0_SI1202 /home/gaochuanp/kaldi/egs/timit/s5/mfcc/raw_mfcc_train.1.ark:914854
MREW1_SX150 /home/gaochuanp/kaldi/egs/timit/s5/mfcc/raw_mfcc_train.8.ark:1394034
MTJM0_SI655 /home/gaochuanp/kaldi/egs/timit/s5/mfcc/raw_mfcc_train.10.ark:388256
FMPG0_SX162 /home/gaochuanp/kaldi/egs/timit/s5/mfcc/raw_mfcc_train.2.ark:1545202
MDBB1_SI1006 /home/gaochuanp/kaldi/egs/timit/s5/mfcc/raw_mfcc_train.4.ark:1279423
MPEB0_SX240 /home/gaochuanp/kaldi/egs/timit/s5/mfcc/raw_mfcc_train.8.ark:533530
FLTM0_SX80 /home/gaochuanp/kaldi/egs/timit/s5/mfcc/raw_mfcc_train.2.ark:1225345
MPGR1_SX329 /home/gaochuanp/kaldi/egs/timit/s5/mfcc/raw_mfcc_train.8.ark:661867
MFER0_SX232 /home/gaochuanp/kaldi/egs/timit/s5/mfcc/raw_mfcc_train.5.ark:1192819
MBMA1_SX234 /home/gaochuanp/kaldi/egs/timit/s5/mfcc/raw_mfcc_train.4.ark:522062
FEXM0_SX291 /home/gaochuanp/kaldi/egs/timit/s5/mfcc/raw_mfcc_train.1.ark:1350367
MDJM0_SX105 /home/gaochuanp/kaldi/egs/timit/s5/mfcc/raw_mfcc_train.5.ark:145161
MSDH0_SX80 /home/gaochuanp/kaldi/egs/timit/s5/mfcc/raw_mfcc_train.9.ark:1116347
MDNS0_SX21 /home/gaochuanp/kaldi/egs/timit/s5/mfcc/raw_mfcc_train.5.ark:550485
FBCH0_SI1586 /home/gaochuanp/kaldi/egs/timit/s5/mfcc/raw_mfcc_train.1.ark:239050
MTJS0_SX22 /home/gaochuanp/kaldi/egs/timit/s5/mfcc/raw_mfcc_train.10.ark:435237
MEAL0_SI917 /home/gaochuanp/kaldi/egs/timit/s5/mfcc/raw_mfcc_train.5.ark:912121
MTMN0_SX164 /home/gaochuanp/kaldi/egs/timit/s5/mfcc/raw_mfcc_train.10.ark:662747
MSMC0_SX197 /home/gaochuanp/kaldi/egs/timit/s5/mfcc/raw_mfcc_train.9.ark:1361016
FMJB0_SX187 /home/gaochuanp/kaldi/egs/timit/s5/mfcc/raw_mfcc_train.2.ark:1343729
MKDD0_SI2197 /home/gaochuanp/kaldi/egs/timit/s5/mfcc/raw_mfcc_train.7.ark:521552
MSAH1_SI2309 /home/gaochuanp/kaldi/egs/timit/s5/mfcc/raw_mfcc_train.9.ark:948261
MDEM0_SX248 /home/gaochuanp/kaldi/egs/timit/s5/mfcc/raw_mfcc_train.5.ark:49603
MDHL0_SI1439 /home/gaochuanp/kaldi/egs/timit/s5/mfcc/raw_mfcc_train.5.ark:69300
MKLR0_SX159 /home/gaochuanp/kaldi/egs/timit/s5/mfcc/raw_mfcc_train.7.ark:688030
MPRD0_SI2061 /home/gaochuanp/kaldi/egs/timit/s5/mfcc/raw_mfcc_train.8.ark:803637
FSCN0_SI1886 /home/gaochuanp/kaldi/egs/timit/s5/mfcc/raw_mfcc_train.3.ark:587438
MGAF0_SX22 /home/gaochuanp/kaldi/egs/timit/s5/mfcc/raw_mfcc_train.5.ark:1383932
MILB0_SX93 /home/gaochuanp/kaldi/egs/timit/s5/mfcc/raw_mfcc_train.6.ark:533366
MJWG0_SX265 /home/gaochuanp/kaldi/egs/timit/s5/mfcc/raw_mfcc_train.7.ark:204376
MMAM0_SI2227 /home/gaochuanp/kaldi/egs/timit/s5/mfcc/raw_mfcc_train.7.ark:1188211
FEAR0_SI1252 /home/gaochuanp/kaldi/egs/timit/s5/mfcc/raw_mfcc_train.1.ark:1154448
MRTC0_SI828 /home/gaochuanp/kaldi/egs/timit/s5/mfcc/raw_mfcc_train.9.ark:756766
MTRT0_SI1857 /home/gaochuanp/kaldi/egs/timit/s5/mfcc/raw_mfcc_train.10.ark:949336
FBMJ0_SX426 /home/gaochuanp/kaldi/egs/timit/s5/mfcc/raw_mfcc_train.1.ark:402678
FDKN0_SX451 /home/gaochuanp/kaldi/egs/timit/s5/mfcc/raw_mfcc_train.1.ark:937653
MGRL0_SI1497 /home/gaochuanp/kaldi/egs/timit/s5/mfcc/raw_mfcc_train.6.ark:118865
MTER0_SI1787 /home/gaochuanp/kaldi/egs/timit/s5/mfcc/raw_mfcc_train.10.ark:318560
MRAI0_SX252 /home/gaochuanp/kaldi/egs/timit/s5/mfcc/raw_mfcc_train.8.ark:1013195
MTKP0_SX33 /home/gaochuanp/kaldi/egs/timit/s5/mfcc/raw_mfcc_train.10.ark:542119
MHMG0_SX375 /home/gaochuanp/kaldi/egs/timit/s5/mfcc/raw_mfcc_train.6.ark:405157
MBEF0_SX381 /home/gaochuanp/kaldi/egs/timit/s5/mfcc/raw_mfcc_train.4.ark:408065
FRJB0_SX257 /home/gaochuanp/kaldi/egs/timit/s5/mfcc/raw_mfcc_train.3.ark:398066
MMWS1_SX27 /home/gaochuanp/kaldi/egs/timit/s5/mfcc/raw_mfcc_train.8.ark:385840
MJFH0_SX27 /home/gaochuanp/kaldi/egs/timit/s5/mfcc/raw_mfcc_train.6.ark:952123
MJRH0_SX405 /home/gaochuanp/kaldi/egs/timit/s5/mfcc/raw_mfcc_train.7.ark:42126
FSJS0_SX271 /home/gaochuanp/kaldi/egs/timit/s5/mfcc/raw_mfcc_train.3.ark:807613
MPRK0_SX17 /home/gaochuanp/kaldi/egs/timit/s5/mfcc/raw_mfcc_train.8.ark:856078
MSAT0_SI2156 /home/gaochuanp/kaldi/egs/timit/s5/mfcc/raw_mfcc_train.9.ark:1009741
MKLN0_SX158 /home/gaochuanp/kaldi/egs/timit/s5/mfcc/raw_mfcc_train.7.ark:659138
MDMA0_SI2060 /home/gaochuanp/kaldi/egs/timit/s5/mfcc/raw_mfcc_train.5.ark:466956
MSJK0_SX156 /home/gaochuanp/kaldi/egs/timit/s5/mfcc/raw_mfcc_train.9.ark:1318346
MSDB0_SI1637 /home/gaochuanp/kaldi/egs/timit/s5/mfcc/raw_mfcc_train.9.ark:1068109
FMKC0_SI1041 /home/gaochuanp/kaldi/egs/timit/s5/mfcc/raw_mfcc_train.2.ark:1429312
MAKB0_SX26 /home/gaochuanp/kaldi/egs/timit/s5/mfcc/raw_mfcc_train.4.ark:162025
MJWG0_SI813 /home/gaochuanp/kaldi/egs/timit/s5/mfcc/raw_mfcc_train.7.ark:184439
MDCD0_SX155 /home/gaochuanp/kaldi/egs/timit/s5/mfcc/raw_mfcc_train.4.ark:1357105
MRMB0_SI1581 /home/gaochuanp/kaldi/egs/timit/s5/mfcc/raw_mfcc_train.9.ark:442986
FPAB1_SX121 /home/gaochuanp/kaldi/egs/timit/s5/mfcc/raw_mfcc_train.3.ark:99430
MTJG0_SI1520 /home/gaochuanp/kaldi/egs/timit/s5/mfcc/raw_mfcc_train.10.ark:346532
FEEH0_SX392 /home/gaochuanp/kaldi/egs/timit/s5/mfcc/raw_mfcc_train.1.ark:1254971
FPMY0_SX73 /home/gaochuanp/kaldi/egs/timit/s5/mfcc/raw_mfcc_train.3.ark:352055
FPMY0_SI1153 /home/gaochuanp/kaldi/egs/timit/s5/mfcc/raw_mfcc_train.3.ark:319012
MABC0_SI781 /home/gaochuanp/kaldi/egs/timit/s5/mfcc/raw_mfcc_train.3.ark:1441125
MSMC0_SI647 /home/gaochuanp/kaldi/egs/timit/s5/mfcc/raw_mfcc_train.9.ark:1348828
MRRE0_SX74 /home/gaochuanp/kaldi/egs/timit/s5/mfcc/raw_mfcc_train.9.ark:668020
MBWP0_SI709 /home/gaochuanp/kaldi/egs/timit/s5/mfcc/raw_mfcc_train.4.ark:662641
MADD0_SX88 /home/gaochuanp/kaldi/egs/timit/s5/mfcc/raw_mfcc_train.4.ark:3489
MCRE0_SX41 /home/gaochuanp/kaldi/egs/timit/s5/mfcc/raw_mfcc_train.4.ark:1082608
FBMJ0_SX66 /home/gaochuanp/kaldi/egs/timit/s5/mfcc/raw_mfcc_train.1.ark:406948
MDLR1_SX219 /home/gaochuanp/kaldi/egs/timit/s5/mfcc/raw_mfcc_train.5.ark:442810
FKKH0_SI660 /home/gaochuanp/kaldi/egs/timit/s5/mfcc/raw_mfcc_train.2.ark:615281
FJRP1_SI1432 /home/gaochuanp/kaldi/egs/timit/s5/mfcc/raw_mfcc_train.2.ark:256610
MMDM0_SX321 /home/gaochuanp/kaldi/egs/timit/s5/mfcc/raw_mfcc_train.7.ark:1399863
MJAI0_SX74 /home/gaochuanp/kaldi/egs/timit/s5/mfcc/raw_mfcc_train.6.ark:631804
MRJM0_SI1095 /home/gaochuanp/kaldi/egs/timit/s5/mfcc/raw_mfcc_train.9.ark:153288
MARC0_SX198 /home/gaochuanp/kaldi/egs/timit/s5/mfcc/raw_mfcc_train.4.ark:247606
MBML0_SX179 /home/gaochuanp/kaldi/egs/timit/s5/mfcc/raw_mfcc_train.4.ark:550764
MEFG0_SI465 /home/gaochuanp/kaldi/egs/timit/s5/mfcc/raw_mfcc_train.5.ark:960086
MLEL0_SX166 /home/gaochuanp/kaldi/egs/timit/s5/mfcc/raw_mfcc_train.7.ark:913071
FLJA0_SI2338 /home/gaochuanp/kaldi/egs/timit/s5/mfcc/raw_mfcc_train.2.ark:939438
MSDS0_SX357 /home/gaochuanp/kaldi/egs/timit/s5/mfcc/raw_mfcc_train.9.ark:1144823
MFXS0_SI1674 /home/gaochuanp/kaldi/egs/timit/s5/mfcc/raw_mfcc_train.5.ark:1303415
MMRP0_SX144 /home/gaochuanp/kaldi/egs/timit/s5/mfcc/raw_mfcc_train.8.ark:201832
MWAC0_SI971 /home/gaochuanp/kaldi/egs/timit/s5/mfcc/raw_mfcc_train.10.ark:1139954
MSDS0_SI1077 /home/gaochuanp/kaldi/egs/timit/s5/mfcc/raw_mfcc_train.9.ark:1119267
FKFB0_SX78 /home/gaochuanp/kaldi/egs/timit/s5/mfcc/raw_mfcc_train.2.ark:599216
MHXL0_SI1772 /home/gaochuanp/kaldi/egs/timit/s5/mfcc/raw_mfcc_train.6.ark:473347
MJDA0_SI2291 /home/gaochuanp/kaldi/egs/timit/s5/mfcc/raw_mfcc_train.6.ark:672875
MTCS0_SX352 /home/gaochuanp/kaldi/egs/timit/s5/mfcc/raw_mfcc_train.10.ark:227221
MVJH0_SX386 /home/gaochuanp/kaldi/egs/timit/s5/mfcc/raw_mfcc_train.10.ark:1067017
FSPM0_SX251 /home/gaochuanp/kaldi/egs/timit/s5/mfcc/raw_mfcc_train.3.ark:1104436
MKRG0_SX31 /home/gaochuanp/kaldi/egs/timit/s5/mfcc/raw_mfcc_train.7.ark:827828
FECD0_SI1418 /home/gaochuanp/kaldi/egs/timit/s5/mfcc/raw_mfcc_train.1.ark:1187447
MWEM0_SI1950 /home/gaochuanp/kaldi/egs/timit/s5/mfcc/raw_mfcc_train.10.ark:1292044
FCJS0_SI977 /home/gaochuanp/kaldi/egs/timit/s5/mfcc/raw_mfcc_train.1.ark:567365
MWAR0_SI2305 /home/gaochuanp/kaldi/egs/timit/s5/mfcc/raw_mfcc_train.10.ark:1203731
MJMM0_SI1885 /home/gaochuanp/kaldi/egs/timit/s5/mfcc/raw_mfcc_train.6.ark:1321904
MMAA0_SI845 /home/gaochuanp/kaldi/egs/timit/s5/mfcc/raw_mfcc_train.7.ark:1084000
MTRR0_SI918 /home/gaochuanp/kaldi/egs/timit/s5/mfcc/raw_mfcc_train.10.ark:917267
FJKL0_SX212 /home/gaochuanp/kaldi/egs/timit/s5/mfcc/raw_mfcc_train.2.ark:144116
MMGK0_SI1952 /home/gaochuanp/kaldi/egs/timit/s5/mfcc/raw_mfcc_train.8.ark:77050
MTML0_SX75 /home/gaochuanp/kaldi/egs/timit/s5/mfcc/raw_mfcc_train.10.ark:641631
FPAF0_SX154 /home/gaochuanp/kaldi/egs/timit/s5/mfcc/raw_mfcc_train.3.ark:203563
MWDK0_SX356 /home/gaochuanp/kaldi/egs/timit/s5/mfcc/raw_mfcc_train.10.ark:1273495
FREH0_SX415 /home/gaochuanp/kaldi/egs/timit/s5/mfcc/raw_mfcc_train.3.ark:378574
MRJH0_SI889 /home/gaochuanp/kaldi/egs/timit/s5/mfcc/raw_mfcc_train.9.ark:120843
MRWS0_SI1732 /home/gaochuanp/kaldi/egs/timit/s5/mfcc/raw_mfcc_train.9.ark:887299
MSAS0_SX386 /home/gaochuanp/kaldi/egs/timit/s5/mfcc/raw_mfcc_train.9.ark:1003004
FJWB1_SI748 /home/gaochuanp/kaldi/egs/timit/s5/mfcc/raw_mfcc_train.2.ark:366691
FVMH0_SX296 /home/gaochuanp/kaldi/egs/timit/s5/mfcc/raw_mfcc_train.3.ark:1429564
MJDA0_SX311 /home/gaochuanp/kaldi/egs/timit/s5/mfcc/raw_mfcc_train.6.ark:683166
MTPP0_SI878 /home/gaochuanp/kaldi/egs/timit/s5/mfcc/raw_mfcc_train.10.ark:780852
MBAR0_SX59 /home/gaochuanp/kaldi/egs/timit/s5/mfcc/raw_mfcc_train.4.ark:320976
MDLB0_SI1936 /home/gaochuanp/kaldi/egs/timit/s5/mfcc/raw_mfcc_train.5.ark:202852
MTLC0_SX397 /home/gaochuanp/kaldi/egs/timit/s5/mfcc/raw_mfcc_train.10.ark:607461
MZMB0_SX176 /home/gaochuanp/kaldi/egs/timit/s5/mfcc/raw_mfcc_train.10.ark:1494216
MKJO0_SI2147 /home/gaochuanp/kaldi/egs/timit/s5/mfcc/raw_mfcc_train.7.ark:621445
FDNC0_SI1278 /home/gaochuanp/kaldi/egs/timit/s5/mfcc/raw_mfcc_train.1.ark:1020396
MGAW0_SX355 /home/gaochuanp/kaldi/egs/timit/s5/mfcc/raw_mfcc_train.6.ark:46696
MWSB0_SX186 /home/gaochuanp/kaldi/egs/timit/s5/mfcc/raw_mfcc_train.10.ark:1427128
MSFH0_SX406 /home/gaochuanp/kaldi/egs/timit/s5/mfcc/raw_mfcc_train.9.ark:1259207
MGRL0_SI867 /home/gaochuanp/kaldi/egs/timit/s5/mfcc/raw_mfcc_train.6.ark:125783
MNET0_SI2076 /home/gaochuanp/kaldi/egs/timit/s5/mfcc/raw_mfcc_train.8.ark:434617
MRGM0_SX262 /home/gaochuanp/kaldi/egs/timit/s5/mfcc/raw_mfcc_train.8.ark:1500683
MLBC0_SI609 /home/gaochuanp/kaldi/egs/timit/s5/mfcc/raw_mfcc_train.7.ark:876295
MJLB0_SX266 /home/gaochuanp/kaldi/egs/timit/s5/mfcc/raw_mfcc_train.6.ark:1180952
MTKD0_SI630 /home/gaochuanp/kaldi/egs/timit/s5/mfcc/raw_mfcc_train.10.ark:488072
MLEL0_SX76 /home/gaochuanp/kaldi/egs/timit/s5/mfcc/raw_mfcc_train.7.ark:931779
MJJJ0_SX353 /home/gaochuanp/kaldi/egs/timit/s5/mfcc/raw_mfcc_train.6.ark:1086863
MILB0_SX273 /home/gaochuanp/kaldi/egs/timit/s5/mfcc/raw_mfcc_train.6.ark:524300
FSMS1_SX244 /home/gaochuanp/kaldi/egs/timit/s5/mfcc/raw_mfcc_train.3.ark:1069201
MDLB0_SX406 /home/gaochuanp/kaldi/egs/timit/s5/mfcc/raw_mfcc_train.5.ark:224415
MCPM0_SX204 /home/gaochuanp/kaldi/egs/timit/s5/mfcc/raw_mfcc_train.4.ark:1043713
FHLM0_SX390 /home/gaochuanp/kaldi/egs/timit/s5/mfcc/raw_mfcc_train.1.ark:1537062
FKLC1_SX418 /home/gaochuanp/kaldi/egs/timit/s5/mfcc/raw_mfcc_train.2.ark:694152
FJLG0_SI2306 /home/gaochuanp/kaldi/egs/timit/s5/mfcc/raw_mfcc_train.2.ark:168223
MMWB0_SX359 /home/gaochuanp/kaldi/egs/timit/s5/mfcc/raw_mfcc_train.8.ark:324803
FTBR0_SI1402 /home/gaochuanp/kaldi/egs/timit/s5/mfcc/raw_mfcc_train.3.ark:1213315
MJSR0_SI794 /home/gaochuanp/kaldi/egs/timit/s5/mfcc/raw_mfcc_train.7.ark:152267
FGRW0_SX162 /home/gaochuanp/kaldi/egs/timit/s5/mfcc/raw_mfcc_train.1.ark:1484925
MTCS0_SI1972 /home/gaochuanp/kaldi/egs/timit/s5/mfcc/raw_mfcc_train.10.ark:208751
MDRD0_SX32 /home/gaochuanp/kaldi/egs/timit/s5/mfcc/raw_mfcc_train.5.ark:680746
FCLT0_SI1438 /home/gaochuanp/kaldi/egs/timit/s5/mfcc/raw_mfcc_train.1.ark:622103
FSLS0_SX246 /home/gaochuanp/kaldi/egs/timit/s5/mfcc/raw_mfcc_train.3.ark:972564
FSSB0_SX362 /home/gaochuanp/kaldi/egs/timit/s5/mfcc/raw_mfcc_train.3.ark:1172431
MTRC0_SX170 /home/gaochuanp/kaldi/egs/timit/s5/mfcc/raw_mfcc_train.10.ark:893609
FSBK0_SX79 /home/gaochuanp/kaldi/egs/timit/s5/mfcc/raw_mfcc_train.3.ark:582256
MTRT0_SX237 /home/gaochuanp/kaldi/egs/timit/s5/mfcc/raw_mfcc_train.10.ark:960966
MDWH0_SX215 /home/gaochuanp/kaldi/egs/timit/s5/mfcc/raw_mfcc_train.5.ark:854860
MLJC0_SX145 /home/gaochuanp/kaldi/egs/timit/s5/mfcc/raw_mfcc_train.7.ark:949879
MRLJ0_SI790 /home/gaochuanp/kaldi/egs/timit/s5/mfcc/raw_mfcc_train.9.ark:329100
MTMN0_SX434 /home/gaochuanp/kaldi/egs/timit/s5/mfcc/raw_mfcc_train.10.ark:673415
MMRP0_SI717 /home/gaochuanp/kaldi/egs/timit/s5/mfcc/raw_mfcc_train.8.ark:193810
MMWB0_SX269 /home/gaochuanp/kaldi/egs/timit/s5/mfcc/raw_mfcc_train.8.ark:320701
FKLH0_SI627 /home/gaochuanp/kaldi/egs/timit/s5/mfcc/raw_mfcc_train.2.ark:712927
FLAC0_SI2161 /home/gaochuanp/kaldi/egs/timit/s5/mfcc/raw_mfcc_train.2.ark:774823
FLET0_SX237 /home/gaochuanp/kaldi/egs/timit/s5/mfcc/raw_mfcc_train.2.ark:886387
FSGF0_SI2187 /home/gaochuanp/kaldi/egs/timit/s5/mfcc/raw_mfcc_train.3.ark:688081
MTPG0_SX213 /home/gaochuanp/kaldi/egs/timit/s5/mfcc/raw_mfcc_train.10.ark:759372
MRAB1_SX38 /home/gaochuanp/kaldi/egs/timit/s5/mfcc/raw_mfcc_train.8.ark:986267
MJXL0_SX452 /home/gaochuanp/kaldi/egs/timit/s5/mfcc/raw_mfcc_train.7.ark:344823
MGRP0_SI687 /home/gaochuanp/kaldi/egs/timit/s5/mfcc/raw_mfcc_train.6.ark:159029
MJLG1_SI1642 /home/gaochuanp/kaldi/egs/timit/s5/mfcc/raw_mfcc_train.6.ark:1197810
MDPK0_SI1683 /home/gaochuanp/kaldi/egs/timit/s5/mfcc/raw_mfcc_train.5.ark:598542
MVJH0_SI1556 /home/gaochuanp/kaldi/egs/timit/s5/mfcc/raw_mfcc_train.10.ark:1039421
MSTF0_SI1396 /home/gaochuanp/kaldi/egs/timit/s5/mfcc/raw_mfcc_train.9.ark:1499936
MKAH0_SX88 /home/gaochuanp/kaldi/egs/timit/s5/mfcc/raw_mfcc_train.7.ark:416572
MPPC0_SI782 /home/gaochuanp/kaldi/egs/timit/s5/mfcc/raw_mfcc_train.8.ark:737009
MJLS0_SX16 /home/gaochuanp/kaldi/egs/timit/s5/mfcc/raw_mfcc_train.6.ark:1242738
FKDE0_SX331 /home/gaochuanp/kaldi/egs/timit/s5/mfcc/raw_mfcc_train.2.ark:519139
MPAR0_SI946 /home/gaochuanp/kaldi/egs/timit/s5/mfcc/raw_mfcc_train.8.ark:499867
FMKC0_SX82 /home/gaochuanp/kaldi/egs/timit/s5/mfcc/raw_mfcc_train.2.ark:1458820
FBCG1_SX352 /home/gaochuanp/kaldi/egs/timit/s5/mfcc/raw_mfcc_train.1.ark:225067
MVLO0_SX247 /home/gaochuanp/kaldi/egs/timit/s5/mfcc/raw_mfcc_train.10.ark:1086138
MJXA0_SX67 /home/gaochuanp/kaldi/egs/timit/s5/mfcc/raw_mfcc_train.7.ark:316107
FVFB0_SX42 /home/gaochuanp/kaldi/egs/timit/s5/mfcc/raw_mfcc_train.3.ark:1369280
MEAL0_SX107 /home/gaochuanp/kaldi/egs/timit/s5/mfcc/raw_mfcc_train.5.ark:915014
MDED0_SX180 /home/gaochuanp/kaldi/egs/timit/s5/mfcc/raw_mfcc_train.4.ark:1452293
MJDA0_SX131 /home/gaochuanp/kaldi/egs/timit/s5/mfcc/raw_mfcc_train.6.ark:677211
FPJF0_SX146 /home/gaochuanp/kaldi/egs/timit/s5/mfcc/raw_mfcc_train.3.ark:270016
MFMC0_SX412 /home/gaochuanp/kaldi/egs/timit/s5/mfcc/raw_mfcc_train.5.ark:1232826
MRAM0_SI1905 /home/gaochuanp/kaldi/egs/timit/s5/mfcc/raw_mfcc_train.8.ark:1034096
MRMG0_SI2340 /home/gaochuanp/kaldi/egs/timit/s5/mfcc/raw_mfcc_train.9.ark:481383
FBLV0_SX68 /home/gaochuanp/kaldi/egs/timit/s5/mfcc/raw_mfcc_train.1.ark:338884
MMXS0_SX426 /home/gaochuanp/kaldi/egs/timit/s5/mfcc/raw_mfcc_train.8.ark:421764
MGAK0_SX316 /home/gaochuanp/kaldi/egs/timit/s5/mfcc/raw_mfcc_train.5.ark:1447500
FCJF0_SX127 /home/gaochuanp/kaldi/egs/timit/s5/mfcc/raw_mfcc_train.1.ark:549934
MDAS0_SX21 /home/gaochuanp/kaldi/egs/timit/s5/mfcc/raw_mfcc_train.4.ark:1266878
